2020-02-26 03:17:49.427 [main] INFO  o.s.c.a.AnnotationConfigApplicationContext
				-Refreshing org.springframework.context.annotation.AnnotationConfigApplicationContext@f736069: startup date [Wed Feb 26 03:17:49 CST 2020]; root of context hierarchy
2020-02-26 03:17:49.924 [main] INFO  o.s.b.f.a.AutowiredAnnotationBeanPostProcessor
				-JSR-330 'javax.inject.Inject' annotation found and supported for autowiring
2020-02-26 03:17:50.012 [main] INFO  o.s.c.s.PostProcessorRegistrationDelegate$BeanPostProcessorChecker
				-Bean 'configurationPropertiesRebinderAutoConfiguration' of type [org.springframework.cloud.autoconfigure.ConfigurationPropertiesRebinderAutoConfiguration$$EnhancerBySpringCGLIB$$5699a667] is not eligible for getting processed by all BeanPostProcessors (for example: not eligible for auto-proxying)
2020-02-26 03:17:53.080 [main] INFO  com.tianhy.study.ClientAApplication
				-No active profile set, falling back to default profiles: default
2020-02-26 03:17:53.137 [main] INFO  o.s.b.w.s.c.AnnotationConfigServletWebServerApplicationContext
				-Refreshing org.springframework.boot.web.servlet.context.AnnotationConfigServletWebServerApplicationContext@55322aab: startup date [Wed Feb 26 03:17:53 CST 2020]; parent: org.springframework.context.annotation.AnnotationConfigApplicationContext@f736069
2020-02-26 03:17:56.081 [main] INFO  o.s.cloud.context.scope.GenericScope
				-BeanFactory id=c7a6b244-251e-324b-8d33-59e28e481828
2020-02-26 03:17:56.133 [main] INFO  o.s.b.f.a.AutowiredAnnotationBeanPostProcessor
				-JSR-330 'javax.inject.Inject' annotation found and supported for autowiring
2020-02-26 03:17:56.484 [main] INFO  o.s.c.s.PostProcessorRegistrationDelegate$BeanPostProcessorChecker
				-Bean 'org.springframework.cloud.autoconfigure.ConfigurationPropertiesRebinderAutoConfiguration' of type [org.springframework.cloud.autoconfigure.ConfigurationPropertiesRebinderAutoConfiguration$$EnhancerBySpringCGLIB$$5699a667] is not eligible for getting processed by all BeanPostProcessors (for example: not eligible for auto-proxying)
2020-02-26 03:17:59.309 [main] INFO  o.s.b.w.e.tomcat.TomcatWebServer
				-Tomcat initialized with port(s): 7070 (http)
2020-02-26 03:17:59.335 [main] INFO  o.a.coyote.http11.Http11NioProtocol
				-Initializing ProtocolHandler ["http-nio-7070"]
2020-02-26 03:17:59.357 [main] INFO  o.a.catalina.core.StandardService
				-Starting service [Tomcat]
2020-02-26 03:17:59.358 [main] INFO  o.a.catalina.core.StandardEngine
				-Starting Servlet Engine: Apache Tomcat/8.5.28
2020-02-26 03:17:59.375 [localhost-startStop-1] INFO  o.a.c.core.AprLifecycleListener
				-The APR based Apache Tomcat Native library which allows optimal performance in production environments was not found on the java.library.path: [C:\Program Files\Java\jdk1.8.0_192\bin;C:\WINDOWS\Sun\Java\bin;C:\WINDOWS\system32;C:\WINDOWS;C:\Program Files\JetBrains\IntelliJ IDEA Community Edition 2019.1.4\jre64\\bin;C:\Program Files\JetBrains\IntelliJ IDEA Community Edition 2019.1.4\jre64\\bin\server;C:\Program Files\JetBrains\IntelliJ IDEA Community Edition 2019.1.4\jre64\\bin;C:\Program Files\JetBrains\IntelliJ IDEA Community Edition 2019.1.4\jre64\\bin\server;C:\Program Files (x86)\Common Files\Oracle\Java\javapath;C:\WINDOWS\system32;C:\WINDOWS;C:\WINDOWS\System32\Wbem;C:\WINDOWS\System32\WindowsPowerShell\v1.0\;C:\WINDOWS\System32\OpenSSH\;C:\Program Files\Java\jdk1.8.0_192\bin;H:\soft\apache-ant-1.10.7-bin\apache-ant-1.10.7\bin;G:\apache-maven-3.6.3\bin;H:\soft\gradle\gradle-6.1.1-all\gradle-6.1.1\bin;D:\soft\Git\cmd;C:\Users\Administrator\AppData\Local\Microsoft\WindowsApps;C:\Program Files\Bandizip\;;.]
2020-02-26 03:18:00.062 [localhost-startStop-1] INFO  o.a.c.c.C.[Tomcat].[localhost].[/]
				-Initializing Spring embedded WebApplicationContext
2020-02-26 03:18:00.063 [localhost-startStop-1] INFO  o.s.web.context.ContextLoader
				-Root WebApplicationContext: initialization completed in 6926 ms
2020-02-26 03:18:00.829 [localhost-startStop-1] WARN  c.n.c.sources.URLConfigurationSource
				-No URLs will be polled as dynamic configuration sources.
2020-02-26 03:18:00.829 [localhost-startStop-1] INFO  c.n.c.sources.URLConfigurationSource
				-To enable URLs as dynamic configuration sources, define System property archaius.configurationSource.additionalUrls or make config.properties available on classpath.
2020-02-26 03:18:00.856 [localhost-startStop-1] INFO  c.n.config.DynamicPropertyFactory
				-DynamicPropertyFactory is initialized with configuration sources: com.netflix.config.ConcurrentCompositeConfiguration@56fab876
2020-02-26 03:18:09.697 [localhost-startStop-1] INFO  o.s.b.w.s.FilterRegistrationBean
				-Mapping filter: 'characterEncodingFilter' to: [/*]
2020-02-26 03:18:09.703 [localhost-startStop-1] INFO  o.s.b.w.s.FilterRegistrationBean
				-Mapping filter: 'hiddenHttpMethodFilter' to: [/*]
2020-02-26 03:18:09.704 [localhost-startStop-1] INFO  o.s.b.w.s.FilterRegistrationBean
				-Mapping filter: 'httpPutFormContentFilter' to: [/*]
2020-02-26 03:18:09.704 [localhost-startStop-1] INFO  o.s.b.w.s.FilterRegistrationBean
				-Mapping filter: 'requestContextFilter' to: [/*]
2020-02-26 03:18:09.705 [localhost-startStop-1] INFO  o.s.b.w.s.DelegatingFilterProxyRegistrationBean
				-Mapping filter: 'springSecurityFilterChain' to: [/*]
2020-02-26 03:18:09.707 [localhost-startStop-1] INFO  o.s.b.w.s.FilterRegistrationBean
				-Mapping filter: 'httpTraceFilter' to: [/*]
2020-02-26 03:18:09.708 [localhost-startStop-1] INFO  o.s.b.w.s.FilterRegistrationBean
				-Mapping filter: 'webMvcMetricsFilter' to: [/*]
2020-02-26 03:18:09.709 [localhost-startStop-1] INFO  o.s.b.w.s.ServletRegistrationBean
				-Servlet dispatcherServlet mapped to [/]
2020-02-26 03:18:10.236 [main] WARN  o.s.s.o.p.t.s.JwtAccessTokenConverter
				-Unable to create an RSA verifier from verifierKey (ignoreable if using MAC)
2020-02-26 03:18:10.735 [main] WARN  c.n.c.sources.URLConfigurationSource
				-No URLs will be polled as dynamic configuration sources.
2020-02-26 03:18:10.736 [main] INFO  c.n.c.sources.URLConfigurationSource
				-To enable URLs as dynamic configuration sources, define System property archaius.configurationSource.additionalUrls or make config.properties available on classpath.
2020-02-26 03:18:11.351 [main] INFO  o.s.w.s.m.m.a.RequestMappingHandlerAdapter
				-Looking for @ControllerAdvice: org.springframework.boot.web.servlet.context.AnnotationConfigServletWebServerApplicationContext@55322aab: startup date [Wed Feb 26 03:17:53 CST 2020]; parent: org.springframework.context.annotation.AnnotationConfigApplicationContext@f736069
2020-02-26 03:18:11.548 [main] INFO  o.s.w.s.m.m.a.RequestMappingHandlerMapping
				-Mapped "{[/test]}" onto public java.lang.String com.tianhy.study.ClientAApplication.test(javax.servlet.http.HttpServletRequest)
2020-02-26 03:18:11.569 [main] INFO  o.s.w.s.m.m.a.RequestMappingHandlerMapping
				-Mapped "{[/add],methods=[GET]}" onto public java.lang.Integer com.tianhy.study.controller.TestController.add(java.lang.Integer,java.lang.Integer)
2020-02-26 03:18:11.574 [main] INFO  o.s.w.s.m.m.a.RequestMappingHandlerMapping
				-Mapped "{[/sub],methods=[GET]}" onto public java.lang.Integer com.tianhy.study.controller.TestController.sub(java.lang.Integer,java.lang.Integer)
2020-02-26 03:18:11.577 [main] INFO  o.s.w.s.m.m.a.RequestMappingHandlerMapping
				-Mapped "{[/a/add],methods=[GET]}" onto public java.lang.Integer com.tianhy.study.controller.TestController.aadd(java.lang.Integer,java.lang.Integer)
2020-02-26 03:18:11.578 [main] INFO  o.s.w.s.m.m.a.RequestMappingHandlerMapping
				-Mapped "{[/div],methods=[GET]}" onto public java.lang.Integer com.tianhy.study.controller.TestController.div(java.lang.Integer,java.lang.Integer)
2020-02-26 03:18:11.579 [main] INFO  o.s.w.s.m.m.a.RequestMappingHandlerMapping
				-Mapped "{[/mul],methods=[GET]}" onto public java.lang.String com.tianhy.study.controller.TestController.mul(java.lang.Integer,java.lang.Integer)
2020-02-26 03:18:11.603 [main] INFO  o.s.w.s.m.m.a.RequestMappingHandlerMapping
				-Mapped "{[/error]}" onto public org.springframework.http.ResponseEntity<java.util.Map<java.lang.String, java.lang.Object>> org.springframework.boot.autoconfigure.web.servlet.error.BasicErrorController.error(javax.servlet.http.HttpServletRequest)
2020-02-26 03:18:11.606 [main] INFO  o.s.w.s.m.m.a.RequestMappingHandlerMapping
				-Mapped "{[/error],produces=[text/html]}" onto public org.springframework.web.servlet.ModelAndView org.springframework.boot.autoconfigure.web.servlet.error.BasicErrorController.errorHtml(javax.servlet.http.HttpServletRequest,javax.servlet.http.HttpServletResponse)
2020-02-26 03:18:11.761 [main] INFO  o.s.w.s.h.SimpleUrlHandlerMapping
				-Mapped URL path [/webjars/**] onto handler of type [class org.springframework.web.servlet.resource.ResourceHttpRequestHandler]
2020-02-26 03:18:11.762 [main] INFO  o.s.w.s.h.SimpleUrlHandlerMapping
				-Mapped URL path [/**] onto handler of type [class org.springframework.web.servlet.resource.ResourceHttpRequestHandler]
2020-02-26 03:18:11.926 [main] INFO  o.s.w.s.h.SimpleUrlHandlerMapping
				-Mapped URL path [/**/favicon.ico] onto handler of type [class org.springframework.web.servlet.resource.ResourceHttpRequestHandler]
2020-02-26 03:18:14.978 [main] INFO  o.s.b.a.s.s.UserDetailsServiceAutoConfiguration
				-

Using generated security password: 08943b15-f2aa-4ce3-9b5a-41bd92b00f16

2020-02-26 03:18:16.257 [main] INFO  o.s.s.web.DefaultSecurityFilterChain
				-Creating filter chain: org.springframework.security.web.util.matcher.AnyRequestMatcher@1, [org.springframework.security.web.context.request.async.WebAsyncManagerIntegrationFilter@f425231, org.springframework.security.web.context.SecurityContextPersistenceFilter@4fc5563d, org.springframework.security.web.header.HeaderWriterFilter@3382cf68, org.springframework.security.web.authentication.logout.LogoutFilter@47768e74, org.springframework.security.oauth2.provider.authentication.OAuth2AuthenticationProcessingFilter@40d23c82, org.springframework.security.web.savedrequest.RequestCacheAwareFilter@31120021, org.springframework.security.web.servletapi.SecurityContextHolderAwareRequestFilter@2c2a027c, org.springframework.security.web.authentication.AnonymousAuthenticationFilter@506aabf6, org.springframework.security.web.session.SessionManagementFilter@3b8ec001, org.springframework.security.web.access.ExceptionTranslationFilter@1084f78c, org.springframework.security.web.access.intercept.FilterSecurityInterceptor@6198e9b5]
2020-02-26 03:18:16.666 [main] INFO  o.s.b.a.e.w.s.WebMvcEndpointHandlerMapping
				-Mapped "{[/actuator/health],methods=[GET],produces=[application/vnd.spring-boot.actuator.v2+json || application/json]}" onto public java.lang.Object org.springframework.boot.actuate.endpoint.web.servlet.AbstractWebMvcEndpointHandlerMapping$OperationHandler.handle(javax.servlet.http.HttpServletRequest,java.util.Map<java.lang.String, java.lang.String>)
2020-02-26 03:18:16.668 [main] INFO  o.s.b.a.e.w.s.WebMvcEndpointHandlerMapping
				-Mapped "{[/actuator/info],methods=[GET],produces=[application/vnd.spring-boot.actuator.v2+json || application/json]}" onto public java.lang.Object org.springframework.boot.actuate.endpoint.web.servlet.AbstractWebMvcEndpointHandlerMapping$OperationHandler.handle(javax.servlet.http.HttpServletRequest,java.util.Map<java.lang.String, java.lang.String>)
2020-02-26 03:18:16.670 [main] INFO  o.s.b.a.e.w.s.WebMvcEndpointHandlerMapping
				-Mapped "{[/actuator],methods=[GET],produces=[application/vnd.spring-boot.actuator.v2+json || application/json]}" onto protected java.util.Map<java.lang.String, java.util.Map<java.lang.String, org.springframework.boot.actuate.endpoint.web.Link>> org.springframework.boot.actuate.endpoint.web.servlet.WebMvcEndpointHandlerMapping.links(javax.servlet.http.HttpServletRequest,javax.servlet.http.HttpServletResponse)
2020-02-26 03:18:17.071 [main] INFO  o.s.j.e.a.AnnotationMBeanExporter
				-Registering beans for JMX exposure on startup
2020-02-26 03:18:17.092 [main] INFO  o.s.j.e.a.AnnotationMBeanExporter
				-Bean with name 'environmentManager' has been autodetected for JMX exposure
2020-02-26 03:18:17.095 [main] INFO  o.s.j.e.a.AnnotationMBeanExporter
				-Bean with name 'refreshScope' has been autodetected for JMX exposure
2020-02-26 03:18:17.098 [main] INFO  o.s.j.e.a.AnnotationMBeanExporter
				-Bean with name 'configurationPropertiesRebinder' has been autodetected for JMX exposure
2020-02-26 03:18:17.104 [main] INFO  o.s.j.e.a.AnnotationMBeanExporter
				-Located managed bean 'environmentManager': registering with JMX server as MBean [org.springframework.cloud.context.environment:name=environmentManager,type=EnvironmentManager]
2020-02-26 03:18:17.129 [main] INFO  o.s.j.e.a.AnnotationMBeanExporter
				-Located managed bean 'refreshScope': registering with JMX server as MBean [org.springframework.cloud.context.scope.refresh:name=refreshScope,type=RefreshScope]
2020-02-26 03:18:17.158 [main] INFO  o.s.j.e.a.AnnotationMBeanExporter
				-Located managed bean 'configurationPropertiesRebinder': registering with JMX server as MBean [org.springframework.cloud.context.properties:name=configurationPropertiesRebinder,context=55322aab,type=ConfigurationPropertiesRebinder]
2020-02-26 03:18:17.182 [main] INFO  o.s.c.s.DefaultLifecycleProcessor
				-Starting beans in phase 0
2020-02-26 03:18:17.214 [main] INFO  o.s.c.n.eureka.InstanceInfoFactory
				-Setting initial instance status as: STARTING
2020-02-26 03:18:17.398 [main] INFO  c.netflix.discovery.DiscoveryClient
				-Initializing Eureka in region us-east-1
2020-02-26 03:18:20.503 [main] INFO  c.n.d.p.DiscoveryJerseyProvider
				-Using JSON encoding codec LegacyJacksonJson
2020-02-26 03:18:20.504 [main] INFO  c.n.d.p.DiscoveryJerseyProvider
				-Using JSON decoding codec LegacyJacksonJson
2020-02-26 03:18:20.810 [main] INFO  c.n.d.p.DiscoveryJerseyProvider
				-Using XML encoding codec XStreamXml
2020-02-26 03:18:20.811 [main] INFO  c.n.d.p.DiscoveryJerseyProvider
				-Using XML decoding codec XStreamXml
2020-02-26 03:18:21.164 [main] INFO  c.n.d.s.r.aws.ConfigClusterResolver
				-Resolving eureka endpoints via configuration
2020-02-26 03:18:23.353 [main] INFO  c.netflix.discovery.DiscoveryClient
				-Disable delta property : false
2020-02-26 03:18:23.353 [main] INFO  c.netflix.discovery.DiscoveryClient
				-Single vip registry refresh property : null
2020-02-26 03:18:23.353 [main] INFO  c.netflix.discovery.DiscoveryClient
				-Force full registry fetch : false
2020-02-26 03:18:23.353 [main] INFO  c.netflix.discovery.DiscoveryClient
				-Application is null : false
2020-02-26 03:18:23.354 [main] INFO  c.netflix.discovery.DiscoveryClient
				-Registered Applications size is zero : true
2020-02-26 03:18:23.354 [main] INFO  c.netflix.discovery.DiscoveryClient
				-Application version is -1: true
2020-02-26 03:18:23.354 [main] INFO  c.netflix.discovery.DiscoveryClient
				-Getting all instance registry info from the eureka server
2020-02-26 03:18:23.886 [main] INFO  c.netflix.discovery.DiscoveryClient
				-The response status is 200
2020-02-26 03:18:23.891 [main] INFO  c.netflix.discovery.DiscoveryClient
				-Starting heartbeat executor: renew interval is: 30
2020-02-26 03:18:23.897 [main] INFO  c.n.discovery.InstanceInfoReplicator
				-InstanceInfoReplicator onDemand update allowed rate per min is 4
2020-02-26 03:18:23.904 [main] INFO  c.netflix.discovery.DiscoveryClient
				-Discovery Client initialized at timestamp 1582658303902 with initial instances count: 2
2020-02-26 03:18:23.911 [main] INFO  o.s.c.n.e.s.EurekaServiceRegistry
				-Registering application client-a with eureka with status UP
2020-02-26 03:18:23.914 [main] INFO  c.netflix.discovery.DiscoveryClient
				-Saw local status change event StatusChangeEvent [timestamp=1582658303914, current=UP, previous=STARTING]
2020-02-26 03:18:23.918 [DiscoveryClient-InstanceInfoReplicator-0] INFO  c.netflix.discovery.DiscoveryClient
				-DiscoveryClient_CLIENT-A/WIN-1LHEPA06T7I:client-a:7070: registering service...
2020-02-26 03:18:24.012 [main] INFO  o.a.coyote.http11.Http11NioProtocol
				-Starting ProtocolHandler ["http-nio-7070"]
2020-02-26 03:18:24.035 [DiscoveryClient-InstanceInfoReplicator-0] INFO  c.netflix.discovery.DiscoveryClient
				-DiscoveryClient_CLIENT-A/WIN-1LHEPA06T7I:client-a:7070 - registration status: 204
2020-02-26 03:18:24.064 [main] INFO  o.a.tomcat.util.net.NioSelectorPool
				-Using a shared selector for servlet write/read
2020-02-26 03:18:24.111 [main] INFO  o.s.b.w.e.tomcat.TomcatWebServer
				-Tomcat started on port(s): 7070 (http) with context path ''
2020-02-26 03:18:24.114 [main] INFO  o.s.c.n.e.s.EurekaAutoServiceRegistration
				-Updating port to 7070
2020-02-26 03:18:24.130 [main] INFO  com.tianhy.study.ClientAApplication
				-Started ClientAApplication in 40.829 seconds (JVM running for 44.24)
2020-02-26 03:20:21.981 [http-nio-7070-exec-2] INFO  o.a.c.c.C.[Tomcat].[localhost].[/]
				-Initializing Spring FrameworkServlet 'dispatcherServlet'
2020-02-26 03:20:21.981 [http-nio-7070-exec-2] INFO  o.s.web.servlet.DispatcherServlet
				-FrameworkServlet 'dispatcherServlet': initialization started
2020-02-26 03:20:22.187 [http-nio-7070-exec-2] INFO  o.s.web.servlet.DispatcherServlet
				-FrameworkServlet 'dispatcherServlet': initialization completed in 206 ms
2020-02-26 03:23:23.373 [AsyncResolver-bootstrap-executor-0] INFO  c.n.d.s.r.aws.ConfigClusterResolver
				-Resolving eureka endpoints via configuration
2020-02-26 03:28:23.385 [AsyncResolver-bootstrap-executor-0] INFO  c.n.d.s.r.aws.ConfigClusterResolver
				-Resolving eureka endpoints via configuration
2020-02-26 03:33:23.396 [AsyncResolver-bootstrap-executor-0] INFO  c.n.d.s.r.aws.ConfigClusterResolver
				-Resolving eureka endpoints via configuration
2020-02-26 03:38:23.402 [AsyncResolver-bootstrap-executor-0] INFO  c.n.d.s.r.aws.ConfigClusterResolver
				-Resolving eureka endpoints via configuration
2020-02-26 03:43:23.405 [AsyncResolver-bootstrap-executor-0] INFO  c.n.d.s.r.aws.ConfigClusterResolver
				-Resolving eureka endpoints via configuration
2020-02-26 03:48:23.411 [AsyncResolver-bootstrap-executor-0] INFO  c.n.d.s.r.aws.ConfigClusterResolver
				-Resolving eureka endpoints via configuration
2020-02-26 03:53:23.426 [AsyncResolver-bootstrap-executor-0] INFO  c.n.d.s.r.aws.ConfigClusterResolver
				-Resolving eureka endpoints via configuration
2020-02-26 03:58:23.435 [AsyncResolver-bootstrap-executor-0] INFO  c.n.d.s.r.aws.ConfigClusterResolver
				-Resolving eureka endpoints via configuration
2020-02-26 04:03:23.446 [AsyncResolver-bootstrap-executor-0] INFO  c.n.d.s.r.aws.ConfigClusterResolver
				-Resolving eureka endpoints via configuration
2020-02-26 04:08:23.482 [AsyncResolver-bootstrap-executor-0] INFO  c.n.d.s.r.aws.ConfigClusterResolver
				-Resolving eureka endpoints via configuration
2020-02-26 04:13:23.489 [AsyncResolver-bootstrap-executor-0] INFO  c.n.d.s.r.aws.ConfigClusterResolver
				-Resolving eureka endpoints via configuration
2020-02-26 04:18:23.496 [AsyncResolver-bootstrap-executor-0] INFO  c.n.d.s.r.aws.ConfigClusterResolver
				-Resolving eureka endpoints via configuration
2020-02-26 04:23:23.500 [AsyncResolver-bootstrap-executor-0] INFO  c.n.d.s.r.aws.ConfigClusterResolver
				-Resolving eureka endpoints via configuration
2020-02-26 04:28:23.507 [AsyncResolver-bootstrap-executor-0] INFO  c.n.d.s.r.aws.ConfigClusterResolver
				-Resolving eureka endpoints via configuration
2020-02-26 04:33:23.516 [AsyncResolver-bootstrap-executor-0] INFO  c.n.d.s.r.aws.ConfigClusterResolver
				-Resolving eureka endpoints via configuration
2020-02-26 04:38:23.520 [AsyncResolver-bootstrap-executor-0] INFO  c.n.d.s.r.aws.ConfigClusterResolver
				-Resolving eureka endpoints via configuration
2020-02-26 04:43:23.520 [AsyncResolver-bootstrap-executor-0] INFO  c.n.d.s.r.aws.ConfigClusterResolver
				-Resolving eureka endpoints via configuration
2020-02-26 04:48:23.527 [AsyncResolver-bootstrap-executor-0] INFO  c.n.d.s.r.aws.ConfigClusterResolver
				-Resolving eureka endpoints via configuration
2020-02-26 04:53:23.532 [AsyncResolver-bootstrap-executor-0] INFO  c.n.d.s.r.aws.ConfigClusterResolver
				-Resolving eureka endpoints via configuration
2020-02-26 04:58:23.555 [AsyncResolver-bootstrap-executor-0] INFO  c.n.d.s.r.aws.ConfigClusterResolver
				-Resolving eureka endpoints via configuration
2020-02-26 05:03:23.570 [AsyncResolver-bootstrap-executor-0] INFO  c.n.d.s.r.aws.ConfigClusterResolver
				-Resolving eureka endpoints via configuration
2020-02-26 05:08:23.585 [AsyncResolver-bootstrap-executor-0] INFO  c.n.d.s.r.aws.ConfigClusterResolver
				-Resolving eureka endpoints via configuration
2020-02-26 05:13:23.626 [AsyncResolver-bootstrap-executor-0] INFO  c.n.d.s.r.aws.ConfigClusterResolver
				-Resolving eureka endpoints via configuration
2020-02-26 05:18:23.630 [AsyncResolver-bootstrap-executor-0] INFO  c.n.d.s.r.aws.ConfigClusterResolver
				-Resolving eureka endpoints via configuration
2020-02-26 05:23:23.636 [AsyncResolver-bootstrap-executor-0] INFO  c.n.d.s.r.aws.ConfigClusterResolver
				-Resolving eureka endpoints via configuration
2020-02-26 05:28:23.642 [AsyncResolver-bootstrap-executor-0] INFO  c.n.d.s.r.aws.ConfigClusterResolver
				-Resolving eureka endpoints via configuration
2020-02-26 05:33:23.645 [AsyncResolver-bootstrap-executor-0] INFO  c.n.d.s.r.aws.ConfigClusterResolver
				-Resolving eureka endpoints via configuration
2020-02-26 05:38:23.652 [AsyncResolver-bootstrap-executor-0] INFO  c.n.d.s.r.aws.ConfigClusterResolver
				-Resolving eureka endpoints via configuration
2020-02-26 05:43:23.665 [AsyncResolver-bootstrap-executor-0] INFO  c.n.d.s.r.aws.ConfigClusterResolver
				-Resolving eureka endpoints via configuration
2020-02-26 05:48:23.671 [AsyncResolver-bootstrap-executor-0] INFO  c.n.d.s.r.aws.ConfigClusterResolver
				-Resolving eureka endpoints via configuration
2020-02-26 05:53:23.685 [AsyncResolver-bootstrap-executor-0] INFO  c.n.d.s.r.aws.ConfigClusterResolver
				-Resolving eureka endpoints via configuration
2020-02-26 05:58:23.690 [AsyncResolver-bootstrap-executor-0] INFO  c.n.d.s.r.aws.ConfigClusterResolver
				-Resolving eureka endpoints via configuration
2020-02-26 06:03:23.704 [AsyncResolver-bootstrap-executor-0] INFO  c.n.d.s.r.aws.ConfigClusterResolver
				-Resolving eureka endpoints via configuration
2020-02-26 06:08:23.712 [AsyncResolver-bootstrap-executor-0] INFO  c.n.d.s.r.aws.ConfigClusterResolver
				-Resolving eureka endpoints via configuration
2020-02-26 06:13:23.713 [AsyncResolver-bootstrap-executor-0] INFO  c.n.d.s.r.aws.ConfigClusterResolver
				-Resolving eureka endpoints via configuration
2020-02-26 06:18:23.729 [AsyncResolver-bootstrap-executor-0] INFO  c.n.d.s.r.aws.ConfigClusterResolver
				-Resolving eureka endpoints via configuration
2020-02-26 06:23:23.743 [AsyncResolver-bootstrap-executor-0] INFO  c.n.d.s.r.aws.ConfigClusterResolver
				-Resolving eureka endpoints via configuration
2020-02-26 06:28:23.756 [AsyncResolver-bootstrap-executor-0] INFO  c.n.d.s.r.aws.ConfigClusterResolver
				-Resolving eureka endpoints via configuration
2020-02-26 06:33:23.761 [AsyncResolver-bootstrap-executor-0] INFO  c.n.d.s.r.aws.ConfigClusterResolver
				-Resolving eureka endpoints via configuration
