2020-02-26 03:06:07.407 [main] INFO  o.s.c.a.AnnotationConfigApplicationContext
				-Refreshing org.springframework.context.annotation.AnnotationConfigApplicationContext@35aea049: startup date [Wed Feb 26 03:06:07 CST 2020]; root of context hierarchy
2020-02-26 03:06:07.939 [main] INFO  o.s.b.f.a.AutowiredAnnotationBeanPostProcessor
				-JSR-330 'javax.inject.Inject' annotation found and supported for autowiring
2020-02-26 03:06:08.028 [main] INFO  o.s.c.s.PostProcessorRegistrationDelegate$BeanPostProcessorChecker
				-Bean 'configurationPropertiesRebinderAutoConfiguration' of type [org.springframework.cloud.autoconfigure.ConfigurationPropertiesRebinderAutoConfiguration$$EnhancerBySpringCGLIB$$4ed109ed] is not eligible for getting processed by all BeanPostProcessors (for example: not eligible for auto-proxying)
2020-02-26 03:06:11.165 [main] INFO  c.t.s.ScCommonEurekaServerApplication
				-No active profile set, falling back to default profiles: default
2020-02-26 03:06:11.202 [main] INFO  o.s.b.w.s.c.AnnotationConfigServletWebServerApplicationContext
				-Refreshing org.springframework.boot.web.servlet.context.AnnotationConfigServletWebServerApplicationContext@13d9b21f: startup date [Wed Feb 26 03:06:11 CST 2020]; parent: org.springframework.context.annotation.AnnotationConfigApplicationContext@35aea049
2020-02-26 03:06:13.190 [main] INFO  o.s.cloud.context.scope.GenericScope
				-BeanFactory id=06d58138-6ded-3196-8f5f-6a123c45d8f8
2020-02-26 03:06:13.240 [main] INFO  o.s.b.f.a.AutowiredAnnotationBeanPostProcessor
				-JSR-330 'javax.inject.Inject' annotation found and supported for autowiring
2020-02-26 03:06:13.548 [main] INFO  o.s.c.s.PostProcessorRegistrationDelegate$BeanPostProcessorChecker
				-Bean 'org.springframework.cloud.autoconfigure.ConfigurationPropertiesRebinderAutoConfiguration' of type [org.springframework.cloud.autoconfigure.ConfigurationPropertiesRebinderAutoConfiguration$$EnhancerBySpringCGLIB$$4ed109ed] is not eligible for getting processed by all BeanPostProcessors (for example: not eligible for auto-proxying)
2020-02-26 03:06:16.444 [main] INFO  o.s.b.w.e.tomcat.TomcatWebServer
				-Tomcat initialized with port(s): 8761 (http)
2020-02-26 03:06:16.473 [main] INFO  o.a.coyote.http11.Http11NioProtocol
				-Initializing ProtocolHandler ["http-nio-8761"]
2020-02-26 03:06:16.491 [main] INFO  o.a.catalina.core.StandardService
				-Starting service [Tomcat]
2020-02-26 03:06:16.491 [main] INFO  o.a.catalina.core.StandardEngine
				-Starting Servlet Engine: Apache Tomcat/8.5.28
2020-02-26 03:06:16.507 [localhost-startStop-1] INFO  o.a.c.core.AprLifecycleListener
				-The APR based Apache Tomcat Native library which allows optimal performance in production environments was not found on the java.library.path: [C:\Program Files\Java\jdk1.8.0_192\bin;C:\WINDOWS\Sun\Java\bin;C:\WINDOWS\system32;C:\WINDOWS;C:\Program Files\JetBrains\IntelliJ IDEA Community Edition 2019.1.4\jre64\\bin;C:\Program Files\JetBrains\IntelliJ IDEA Community Edition 2019.1.4\jre64\\bin\server;C:\Program Files\JetBrains\IntelliJ IDEA Community Edition 2019.1.4\jre64\\bin;C:\Program Files\JetBrains\IntelliJ IDEA Community Edition 2019.1.4\jre64\\bin\server;C:\Program Files (x86)\Common Files\Oracle\Java\javapath;C:\WINDOWS\system32;C:\WINDOWS;C:\WINDOWS\System32\Wbem;C:\WINDOWS\System32\WindowsPowerShell\v1.0\;C:\WINDOWS\System32\OpenSSH\;C:\Program Files\Java\jdk1.8.0_192\bin;H:\soft\apache-ant-1.10.7-bin\apache-ant-1.10.7\bin;G:\apache-maven-3.6.3\bin;H:\soft\gradle\gradle-6.1.1-all\gradle-6.1.1\bin;D:\soft\Git\cmd;C:\Users\Administrator\AppData\Local\Microsoft\WindowsApps;C:\Program Files\Bandizip\;;.]
2020-02-26 03:06:17.262 [localhost-startStop-1] INFO  o.a.c.c.C.[Tomcat].[localhost].[/]
				-Initializing Spring embedded WebApplicationContext
2020-02-26 03:06:17.263 [localhost-startStop-1] INFO  o.s.web.context.ContextLoader
				-Root WebApplicationContext: initialization completed in 6061 ms
2020-02-26 03:06:17.993 [localhost-startStop-1] WARN  c.n.c.sources.URLConfigurationSource
				-No URLs will be polled as dynamic configuration sources.
2020-02-26 03:06:17.993 [localhost-startStop-1] INFO  c.n.c.sources.URLConfigurationSource
				-To enable URLs as dynamic configuration sources, define System property archaius.configurationSource.additionalUrls or make config.properties available on classpath.
2020-02-26 03:06:18.022 [localhost-startStop-1] INFO  c.n.config.DynamicPropertyFactory
				-DynamicPropertyFactory is initialized with configuration sources: com.netflix.config.ConcurrentCompositeConfiguration@64f2d2fb
2020-02-26 03:06:26.790 [localhost-startStop-1] INFO  o.s.b.w.s.ServletRegistrationBean
				-Servlet dispatcherServlet mapped to [/]
2020-02-26 03:06:26.797 [localhost-startStop-1] INFO  o.s.b.w.s.FilterRegistrationBean
				-Mapping filter: 'characterEncodingFilter' to: [/*]
2020-02-26 03:06:26.797 [localhost-startStop-1] INFO  o.s.b.w.s.FilterRegistrationBean
				-Mapping filter: 'hiddenHttpMethodFilter' to: [/*]
2020-02-26 03:06:26.798 [localhost-startStop-1] INFO  o.s.b.w.s.FilterRegistrationBean
				-Mapping filter: 'httpPutFormContentFilter' to: [/*]
2020-02-26 03:06:26.798 [localhost-startStop-1] INFO  o.s.b.w.s.FilterRegistrationBean
				-Mapping filter: 'requestContextFilter' to: [/*]
2020-02-26 03:06:26.798 [localhost-startStop-1] INFO  o.s.b.w.s.FilterRegistrationBean
				-Mapping filter: 'httpTraceFilter' to: [/*]
2020-02-26 03:06:26.798 [localhost-startStop-1] INFO  o.s.b.w.s.FilterRegistrationBean
				-Mapping filter: 'webMvcMetricsFilter' to: [/*]
2020-02-26 03:06:26.984 [main] WARN  o.s.c.n.a.ArchaiusAutoConfiguration
				-No spring.application.name found, defaulting to 'application'
2020-02-26 03:06:26.986 [main] WARN  c.n.c.sources.URLConfigurationSource
				-No URLs will be polled as dynamic configuration sources.
2020-02-26 03:06:26.987 [main] INFO  c.n.c.sources.URLConfigurationSource
				-To enable URLs as dynamic configuration sources, define System property archaius.configurationSource.additionalUrls or make config.properties available on classpath.
2020-02-26 03:06:27.634 [main] INFO  o.s.w.s.m.m.a.RequestMappingHandlerAdapter
				-Looking for @ControllerAdvice: org.springframework.boot.web.servlet.context.AnnotationConfigServletWebServerApplicationContext@13d9b21f: startup date [Wed Feb 26 03:06:11 CST 2020]; parent: org.springframework.context.annotation.AnnotationConfigApplicationContext@35aea049
2020-02-26 03:06:27.813 [main] INFO  o.s.w.s.m.m.a.RequestMappingHandlerMapping
				-Mapped "{[/error]}" onto public org.springframework.http.ResponseEntity<java.util.Map<java.lang.String, java.lang.Object>> org.springframework.boot.autoconfigure.web.servlet.error.BasicErrorController.error(javax.servlet.http.HttpServletRequest)
2020-02-26 03:06:27.816 [main] INFO  o.s.w.s.m.m.a.RequestMappingHandlerMapping
				-Mapped "{[/error],produces=[text/html]}" onto public org.springframework.web.servlet.ModelAndView org.springframework.boot.autoconfigure.web.servlet.error.BasicErrorController.errorHtml(javax.servlet.http.HttpServletRequest,javax.servlet.http.HttpServletResponse)
2020-02-26 03:06:28.036 [main] INFO  o.s.w.s.h.SimpleUrlHandlerMapping
				-Mapped URL path [/webjars/**] onto handler of type [class org.springframework.web.servlet.resource.ResourceHttpRequestHandler]
2020-02-26 03:06:28.036 [main] INFO  o.s.w.s.h.SimpleUrlHandlerMapping
				-Mapped URL path [/**] onto handler of type [class org.springframework.web.servlet.resource.ResourceHttpRequestHandler]
2020-02-26 03:06:28.133 [main] INFO  o.s.w.s.h.SimpleUrlHandlerMapping
				-Mapped URL path [/**/favicon.ico] onto handler of type [class org.springframework.web.servlet.resource.ResourceHttpRequestHandler]
2020-02-26 03:06:29.319 [main] INFO  o.s.u.f.SpringTemplateLoader
				-SpringTemplateLoader for FreeMarker: using resource loader [org.springframework.boot.web.servlet.context.AnnotationConfigServletWebServerApplicationContext@13d9b21f: startup date [Wed Feb 26 03:06:11 CST 2020]; parent: org.springframework.context.annotation.AnnotationConfigApplicationContext@35aea049] and template loader path [classpath:/templates/]
2020-02-26 03:06:29.322 [main] INFO  o.s.w.s.v.f.FreeMarkerConfigurer
				-ClassTemplateLoader for Spring macros added to FreeMarker configuration
2020-02-26 03:06:30.082 [main] INFO  o.s.b.a.e.w.s.WebMvcEndpointHandlerMapping
				-Mapped "{[/actuator/health],methods=[GET],produces=[application/vnd.spring-boot.actuator.v2+json || application/json]}" onto public java.lang.Object org.springframework.boot.actuate.endpoint.web.servlet.AbstractWebMvcEndpointHandlerMapping$OperationHandler.handle(javax.servlet.http.HttpServletRequest,java.util.Map<java.lang.String, java.lang.String>)
2020-02-26 03:06:30.086 [main] INFO  o.s.b.a.e.w.s.WebMvcEndpointHandlerMapping
				-Mapped "{[/actuator/info],methods=[GET],produces=[application/vnd.spring-boot.actuator.v2+json || application/json]}" onto public java.lang.Object org.springframework.boot.actuate.endpoint.web.servlet.AbstractWebMvcEndpointHandlerMapping$OperationHandler.handle(javax.servlet.http.HttpServletRequest,java.util.Map<java.lang.String, java.lang.String>)
2020-02-26 03:06:30.090 [main] INFO  o.s.b.a.e.w.s.WebMvcEndpointHandlerMapping
				-Mapped "{[/actuator],methods=[GET],produces=[application/vnd.spring-boot.actuator.v2+json || application/json]}" onto protected java.util.Map<java.lang.String, java.util.Map<java.lang.String, org.springframework.boot.actuate.endpoint.web.Link>> org.springframework.boot.actuate.endpoint.web.servlet.WebMvcEndpointHandlerMapping.links(javax.servlet.http.HttpServletRequest,javax.servlet.http.HttpServletResponse)
2020-02-26 03:06:30.397 [main] INFO  o.s.j.e.a.AnnotationMBeanExporter
				-Registering beans for JMX exposure on startup
2020-02-26 03:06:30.428 [main] INFO  o.s.j.e.a.AnnotationMBeanExporter
				-Bean with name 'environmentManager' has been autodetected for JMX exposure
2020-02-26 03:06:30.430 [main] INFO  o.s.j.e.a.AnnotationMBeanExporter
				-Bean with name 'refreshScope' has been autodetected for JMX exposure
2020-02-26 03:06:30.434 [main] INFO  o.s.j.e.a.AnnotationMBeanExporter
				-Bean with name 'configurationPropertiesRebinder' has been autodetected for JMX exposure
2020-02-26 03:06:30.442 [main] INFO  o.s.j.e.a.AnnotationMBeanExporter
				-Located managed bean 'environmentManager': registering with JMX server as MBean [org.springframework.cloud.context.environment:name=environmentManager,type=EnvironmentManager]
2020-02-26 03:06:30.463 [main] INFO  o.s.j.e.a.AnnotationMBeanExporter
				-Located managed bean 'refreshScope': registering with JMX server as MBean [org.springframework.cloud.context.scope.refresh:name=refreshScope,type=RefreshScope]
2020-02-26 03:06:30.488 [main] INFO  o.s.j.e.a.AnnotationMBeanExporter
				-Located managed bean 'configurationPropertiesRebinder': registering with JMX server as MBean [org.springframework.cloud.context.properties:name=configurationPropertiesRebinder,context=13d9b21f,type=ConfigurationPropertiesRebinder]
2020-02-26 03:06:30.516 [main] INFO  o.s.c.s.DefaultLifecycleProcessor
				-Starting beans in phase 0
2020-02-26 03:06:30.541 [main] INFO  o.s.c.n.eureka.InstanceInfoFactory
				-Setting initial instance status as: STARTING
2020-02-26 03:06:30.653 [main] INFO  c.netflix.discovery.DiscoveryClient
				-Initializing Eureka in region us-east-1
2020-02-26 03:06:30.668 [main] INFO  c.netflix.discovery.DiscoveryClient
				-Client configured to neither register nor query for data.
2020-02-26 03:06:30.710 [main] INFO  c.netflix.discovery.DiscoveryClient
				-Discovery Client initialized at timestamp 1582657590705 with initial instances count: 0
2020-02-26 03:06:30.729 [main] INFO  o.s.c.n.e.s.EurekaServiceRegistry
				-Registering application unknown with eureka with status UP
2020-02-26 03:06:30.834 [main] INFO  o.a.coyote.http11.Http11NioProtocol
				-Starting ProtocolHandler ["http-nio-8761"]
2020-02-26 03:06:30.891 [main] INFO  o.a.tomcat.util.net.NioSelectorPool
				-Using a shared selector for servlet write/read
2020-02-26 03:06:31.001 [main] INFO  o.s.b.w.e.tomcat.TomcatWebServer
				-Tomcat started on port(s): 8761 (http) with context path ''
2020-02-26 03:06:31.004 [main] INFO  o.s.c.n.e.s.EurekaAutoServiceRegistration
				-Updating port to 8761
2020-02-26 03:06:31.011 [main] INFO  c.t.s.ScCommonEurekaServerApplication
				-Started ScCommonEurekaServerApplication in 29.322 seconds (JVM running for 33.396)
2020-02-26 03:06:51.005 [http-nio-8761-exec-10] INFO  o.a.c.c.C.[Tomcat].[localhost].[/]
				-Initializing Spring FrameworkServlet 'dispatcherServlet'
2020-02-26 03:06:51.006 [http-nio-8761-exec-10] INFO  o.s.web.servlet.DispatcherServlet
				-FrameworkServlet 'dispatcherServlet': initialization started
2020-02-26 03:06:51.108 [http-nio-8761-exec-10] INFO  o.s.web.servlet.DispatcherServlet
				-FrameworkServlet 'dispatcherServlet': initialization completed in 102 ms
2020-02-26 03:09:10.816 [main] INFO  o.s.c.a.AnnotationConfigApplicationContext
				-Refreshing org.springframework.context.annotation.AnnotationConfigApplicationContext@fba92d3: startup date [Wed Feb 26 03:09:10 CST 2020]; root of context hierarchy
2020-02-26 03:09:11.936 [main] INFO  o.s.b.f.a.AutowiredAnnotationBeanPostProcessor
				-JSR-330 'javax.inject.Inject' annotation found and supported for autowiring
2020-02-26 03:09:12.129 [main] INFO  o.s.c.s.PostProcessorRegistrationDelegate$BeanPostProcessorChecker
				-Bean 'configurationPropertiesRebinderAutoConfiguration' of type [org.springframework.cloud.autoconfigure.ConfigurationPropertiesRebinderAutoConfiguration$$EnhancerBySpringCGLIB$$bad44a50] is not eligible for getting processed by all BeanPostProcessors (for example: not eligible for auto-proxying)
2020-02-26 03:09:16.521 [main] INFO  c.t.s.ScCommonEurekaServerApplication
				-No active profile set, falling back to default profiles: default
2020-02-26 03:09:16.595 [main] INFO  o.s.b.w.s.c.AnnotationConfigServletWebServerApplicationContext
				-Refreshing org.springframework.boot.web.servlet.context.AnnotationConfigServletWebServerApplicationContext@2a448449: startup date [Wed Feb 26 03:09:16 CST 2020]; parent: org.springframework.context.annotation.AnnotationConfigApplicationContext@fba92d3
2020-02-26 03:09:21.642 [main] INFO  o.s.cloud.context.scope.GenericScope
				-BeanFactory id=9b4cfdb3-8b8b-3cdf-87c0-da9f5cdbac74
2020-02-26 03:09:21.725 [main] INFO  o.s.b.f.a.AutowiredAnnotationBeanPostProcessor
				-JSR-330 'javax.inject.Inject' annotation found and supported for autowiring
2020-02-26 03:09:22.513 [main] INFO  o.s.c.s.PostProcessorRegistrationDelegate$BeanPostProcessorChecker
				-Bean 'org.springframework.cloud.autoconfigure.ConfigurationPropertiesRebinderAutoConfiguration' of type [org.springframework.cloud.autoconfigure.ConfigurationPropertiesRebinderAutoConfiguration$$EnhancerBySpringCGLIB$$bad44a50] is not eligible for getting processed by all BeanPostProcessors (for example: not eligible for auto-proxying)
2020-02-26 03:09:28.893 [main] INFO  o.s.b.w.e.tomcat.TomcatWebServer
				-Tomcat initialized with port(s): 8761 (http)
2020-02-26 03:09:28.930 [main] INFO  o.a.coyote.http11.Http11NioProtocol
				-Initializing ProtocolHandler ["http-nio-8761"]
2020-02-26 03:09:28.957 [main] INFO  o.a.catalina.core.StandardService
				-Starting service [Tomcat]
2020-02-26 03:09:28.957 [main] INFO  o.a.catalina.core.StandardEngine
				-Starting Servlet Engine: Apache Tomcat/8.5.28
2020-02-26 03:09:28.978 [localhost-startStop-1] INFO  o.a.c.core.AprLifecycleListener
				-The APR based Apache Tomcat Native library which allows optimal performance in production environments was not found on the java.library.path: [C:\Program Files\Java\jdk1.8.0_192\bin;C:\WINDOWS\Sun\Java\bin;C:\WINDOWS\system32;C:\WINDOWS;C:\Program Files\JetBrains\IntelliJ IDEA Community Edition 2019.1.4\jre64\\bin;C:\Program Files\JetBrains\IntelliJ IDEA Community Edition 2019.1.4\jre64\\bin\server;C:\Program Files\JetBrains\IntelliJ IDEA Community Edition 2019.1.4\jre64\\bin;C:\Program Files\JetBrains\IntelliJ IDEA Community Edition 2019.1.4\jre64\\bin\server;C:\Program Files (x86)\Common Files\Oracle\Java\javapath;C:\WINDOWS\system32;C:\WINDOWS;C:\WINDOWS\System32\Wbem;C:\WINDOWS\System32\WindowsPowerShell\v1.0\;C:\WINDOWS\System32\OpenSSH\;C:\Program Files\Java\jdk1.8.0_192\bin;H:\soft\apache-ant-1.10.7-bin\apache-ant-1.10.7\bin;G:\apache-maven-3.6.3\bin;H:\soft\gradle\gradle-6.1.1-all\gradle-6.1.1\bin;D:\soft\Git\cmd;C:\Users\Administrator\AppData\Local\Microsoft\WindowsApps;C:\Program Files\Bandizip\;;.]
2020-02-26 03:09:29.934 [localhost-startStop-1] INFO  o.a.c.c.C.[Tomcat].[localhost].[/]
				-Initializing Spring embedded WebApplicationContext
2020-02-26 03:09:29.935 [localhost-startStop-1] INFO  o.s.web.context.ContextLoader
				-Root WebApplicationContext: initialization completed in 13340 ms
2020-02-26 03:09:31.006 [localhost-startStop-1] WARN  c.n.c.sources.URLConfigurationSource
				-No URLs will be polled as dynamic configuration sources.
2020-02-26 03:09:31.006 [localhost-startStop-1] INFO  c.n.c.sources.URLConfigurationSource
				-To enable URLs as dynamic configuration sources, define System property archaius.configurationSource.additionalUrls or make config.properties available on classpath.
2020-02-26 03:09:31.055 [localhost-startStop-1] INFO  c.n.config.DynamicPropertyFactory
				-DynamicPropertyFactory is initialized with configuration sources: com.netflix.config.ConcurrentCompositeConfiguration@77e9ebb5
2020-02-26 03:09:42.512 [localhost-startStop-1] INFO  o.s.b.w.s.FilterRegistrationBean
				-Mapping filter: 'characterEncodingFilter' to: [/*]
2020-02-26 03:09:42.513 [localhost-startStop-1] INFO  o.s.b.w.s.FilterRegistrationBean
				-Mapping filter: 'hiddenHttpMethodFilter' to: [/*]
2020-02-26 03:09:42.514 [localhost-startStop-1] INFO  o.s.b.w.s.FilterRegistrationBean
				-Mapping filter: 'httpPutFormContentFilter' to: [/*]
2020-02-26 03:09:42.514 [localhost-startStop-1] INFO  o.s.b.w.s.FilterRegistrationBean
				-Mapping filter: 'requestContextFilter' to: [/*]
2020-02-26 03:09:42.515 [localhost-startStop-1] INFO  o.s.b.w.s.FilterRegistrationBean
				-Mapping filter: 'httpTraceFilter' to: [/*]
2020-02-26 03:09:42.515 [localhost-startStop-1] INFO  o.s.b.w.s.FilterRegistrationBean
				-Mapping filter: 'webMvcMetricsFilter' to: [/*]
2020-02-26 03:09:42.515 [localhost-startStop-1] INFO  o.s.b.w.s.FilterRegistrationBean
				-Mapping filter: 'servletContainer' to urls: [/eureka/*]
2020-02-26 03:09:42.515 [localhost-startStop-1] INFO  o.s.b.w.s.ServletRegistrationBean
				-Servlet dispatcherServlet mapped to [/]
2020-02-26 03:09:42.801 [localhost-startStop-1] INFO  c.s.j.s.i.a.WebApplicationImpl
				-Initiating Jersey application, version 'Jersey: 1.19.1 03/11/2016 02:08 PM'
2020-02-26 03:09:43.047 [localhost-startStop-1] INFO  c.n.d.p.DiscoveryJerseyProvider
				-Using JSON encoding codec LegacyJacksonJson
2020-02-26 03:09:43.051 [localhost-startStop-1] INFO  c.n.d.p.DiscoveryJerseyProvider
				-Using JSON decoding codec LegacyJacksonJson
2020-02-26 03:09:43.505 [localhost-startStop-1] INFO  c.n.d.p.DiscoveryJerseyProvider
				-Using XML encoding codec XStreamXml
2020-02-26 03:09:43.506 [localhost-startStop-1] INFO  c.n.d.p.DiscoveryJerseyProvider
				-Using XML decoding codec XStreamXml
2020-02-26 03:09:44.878 [main] WARN  o.s.c.n.a.ArchaiusAutoConfiguration
				-No spring.application.name found, defaulting to 'application'
2020-02-26 03:09:44.882 [main] WARN  c.n.c.sources.URLConfigurationSource
				-No URLs will be polled as dynamic configuration sources.
2020-02-26 03:09:44.883 [main] INFO  c.n.c.sources.URLConfigurationSource
				-To enable URLs as dynamic configuration sources, define System property archaius.configurationSource.additionalUrls or make config.properties available on classpath.
2020-02-26 03:09:45.509 [main] INFO  o.s.w.s.m.m.a.RequestMappingHandlerAdapter
				-Looking for @ControllerAdvice: org.springframework.boot.web.servlet.context.AnnotationConfigServletWebServerApplicationContext@2a448449: startup date [Wed Feb 26 03:09:16 CST 2020]; parent: org.springframework.context.annotation.AnnotationConfigApplicationContext@fba92d3
2020-02-26 03:09:45.790 [main] INFO  o.s.w.s.m.m.a.RequestMappingHandlerMapping
				-Mapped "{[/error]}" onto public org.springframework.http.ResponseEntity<java.util.Map<java.lang.String, java.lang.Object>> org.springframework.boot.autoconfigure.web.servlet.error.BasicErrorController.error(javax.servlet.http.HttpServletRequest)
2020-02-26 03:09:45.802 [main] INFO  o.s.w.s.m.m.a.RequestMappingHandlerMapping
				-Mapped "{[/error],produces=[text/html]}" onto public org.springframework.web.servlet.ModelAndView org.springframework.boot.autoconfigure.web.servlet.error.BasicErrorController.errorHtml(javax.servlet.http.HttpServletRequest,javax.servlet.http.HttpServletResponse)
2020-02-26 03:09:45.830 [main] INFO  o.s.w.s.m.m.a.RequestMappingHandlerMapping
				-Mapped "{[/],methods=[GET]}" onto public java.lang.String org.springframework.cloud.netflix.eureka.server.EurekaController.status(javax.servlet.http.HttpServletRequest,java.util.Map<java.lang.String, java.lang.Object>)
2020-02-26 03:09:45.831 [main] INFO  o.s.w.s.m.m.a.RequestMappingHandlerMapping
				-Mapped "{[/lastn],methods=[GET]}" onto public java.lang.String org.springframework.cloud.netflix.eureka.server.EurekaController.lastn(javax.servlet.http.HttpServletRequest,java.util.Map<java.lang.String, java.lang.Object>)
2020-02-26 03:09:45.936 [main] INFO  o.s.w.s.h.SimpleUrlHandlerMapping
				-Mapped URL path [/webjars/**] onto handler of type [class org.springframework.web.servlet.resource.ResourceHttpRequestHandler]
2020-02-26 03:09:45.936 [main] INFO  o.s.w.s.h.SimpleUrlHandlerMapping
				-Mapped URL path [/**] onto handler of type [class org.springframework.web.servlet.resource.ResourceHttpRequestHandler]
2020-02-26 03:09:46.085 [main] INFO  o.s.w.s.h.SimpleUrlHandlerMapping
				-Mapped URL path [/**/favicon.ico] onto handler of type [class org.springframework.web.servlet.resource.ResourceHttpRequestHandler]
2020-02-26 03:09:47.124 [main] INFO  o.s.u.f.SpringTemplateLoader
				-SpringTemplateLoader for FreeMarker: using resource loader [org.springframework.boot.web.servlet.context.AnnotationConfigServletWebServerApplicationContext@2a448449: startup date [Wed Feb 26 03:09:16 CST 2020]; parent: org.springframework.context.annotation.AnnotationConfigApplicationContext@fba92d3] and template loader path [classpath:/templates/]
2020-02-26 03:09:47.128 [main] INFO  o.s.w.s.v.f.FreeMarkerConfigurer
				-ClassTemplateLoader for Spring macros added to FreeMarker configuration
2020-02-26 03:09:47.628 [main] INFO  o.s.c.n.eureka.InstanceInfoFactory
				-Setting initial instance status as: STARTING
2020-02-26 03:09:47.757 [main] INFO  c.netflix.discovery.DiscoveryClient
				-Initializing Eureka in region us-east-1
2020-02-26 03:09:47.758 [main] INFO  c.netflix.discovery.DiscoveryClient
				-Client configured to neither register nor query for data.
2020-02-26 03:09:47.789 [main] INFO  c.netflix.discovery.DiscoveryClient
				-Discovery Client initialized at timestamp 1582657787783 with initial instances count: 0
2020-02-26 03:09:47.939 [main] INFO  c.n.e.DefaultEurekaServerContext
				-Initializing ...
2020-02-26 03:09:47.944 [main] WARN  c.n.eureka.cluster.PeerEurekaNodes
				-The replica size seems to be empty. Check the route 53 DNS Registry
2020-02-26 03:09:47.994 [main] INFO  c.n.e.r.AbstractInstanceRegistry
				-Finished initializing remote region registries. All known remote regions: []
2020-02-26 03:09:47.996 [main] INFO  c.n.e.DefaultEurekaServerContext
				-Initialized
2020-02-26 03:09:48.080 [main] INFO  o.s.b.a.e.w.s.WebMvcEndpointHandlerMapping
				-Mapped "{[/actuator/health],methods=[GET],produces=[application/vnd.spring-boot.actuator.v2+json || application/json]}" onto public java.lang.Object org.springframework.boot.actuate.endpoint.web.servlet.AbstractWebMvcEndpointHandlerMapping$OperationHandler.handle(javax.servlet.http.HttpServletRequest,java.util.Map<java.lang.String, java.lang.String>)
2020-02-26 03:09:48.082 [main] INFO  o.s.b.a.e.w.s.WebMvcEndpointHandlerMapping
				-Mapped "{[/actuator/info],methods=[GET],produces=[application/vnd.spring-boot.actuator.v2+json || application/json]}" onto public java.lang.Object org.springframework.boot.actuate.endpoint.web.servlet.AbstractWebMvcEndpointHandlerMapping$OperationHandler.handle(javax.servlet.http.HttpServletRequest,java.util.Map<java.lang.String, java.lang.String>)
2020-02-26 03:09:48.084 [main] INFO  o.s.b.a.e.w.s.WebMvcEndpointHandlerMapping
				-Mapped "{[/actuator],methods=[GET],produces=[application/vnd.spring-boot.actuator.v2+json || application/json]}" onto protected java.util.Map<java.lang.String, java.util.Map<java.lang.String, org.springframework.boot.actuate.endpoint.web.Link>> org.springframework.boot.actuate.endpoint.web.servlet.WebMvcEndpointHandlerMapping.links(javax.servlet.http.HttpServletRequest,javax.servlet.http.HttpServletResponse)
2020-02-26 03:09:48.391 [main] INFO  o.s.j.e.a.AnnotationMBeanExporter
				-Registering beans for JMX exposure on startup
2020-02-26 03:09:48.409 [main] INFO  o.s.j.e.a.AnnotationMBeanExporter
				-Bean with name 'environmentManager' has been autodetected for JMX exposure
2020-02-26 03:09:48.410 [main] INFO  o.s.j.e.a.AnnotationMBeanExporter
				-Bean with name 'refreshScope' has been autodetected for JMX exposure
2020-02-26 03:09:48.413 [main] INFO  o.s.j.e.a.AnnotationMBeanExporter
				-Bean with name 'configurationPropertiesRebinder' has been autodetected for JMX exposure
2020-02-26 03:09:48.420 [main] INFO  o.s.j.e.a.AnnotationMBeanExporter
				-Located managed bean 'environmentManager': registering with JMX server as MBean [org.springframework.cloud.context.environment:name=environmentManager,type=EnvironmentManager]
2020-02-26 03:09:48.438 [main] INFO  o.s.j.e.a.AnnotationMBeanExporter
				-Located managed bean 'refreshScope': registering with JMX server as MBean [org.springframework.cloud.context.scope.refresh:name=refreshScope,type=RefreshScope]
2020-02-26 03:09:48.470 [main] INFO  o.s.j.e.a.AnnotationMBeanExporter
				-Located managed bean 'configurationPropertiesRebinder': registering with JMX server as MBean [org.springframework.cloud.context.properties:name=configurationPropertiesRebinder,context=2a448449,type=ConfigurationPropertiesRebinder]
2020-02-26 03:09:48.507 [main] INFO  o.s.c.s.DefaultLifecycleProcessor
				-Starting beans in phase 0
2020-02-26 03:09:48.509 [main] INFO  o.s.c.n.e.s.EurekaServiceRegistry
				-Registering application unknown with eureka with status UP
2020-02-26 03:09:48.550 [Thread-13] INFO  o.s.c.n.e.s.EurekaServerBootstrap
				-Setting the eureka configuration..
2020-02-26 03:09:48.552 [Thread-13] INFO  o.s.c.n.e.s.EurekaServerBootstrap
				-Eureka data center value eureka.datacenter is not set, defaulting to default
2020-02-26 03:09:48.554 [Thread-13] INFO  o.s.c.n.e.s.EurekaServerBootstrap
				-Eureka environment value eureka.environment is not set, defaulting to test
2020-02-26 03:09:48.579 [main] INFO  o.a.coyote.http11.Http11NioProtocol
				-Starting ProtocolHandler ["http-nio-8761"]
2020-02-26 03:09:48.642 [main] INFO  o.a.tomcat.util.net.NioSelectorPool
				-Using a shared selector for servlet write/read
2020-02-26 03:09:48.646 [Thread-13] INFO  o.s.c.n.e.s.EurekaServerBootstrap
				-isAws returned false
2020-02-26 03:09:48.647 [Thread-13] INFO  o.s.c.n.e.s.EurekaServerBootstrap
				-Initialized server context
2020-02-26 03:09:48.650 [Thread-13] INFO  c.n.e.r.PeerAwareInstanceRegistryImpl
				-Got 1 instances from neighboring DS node
2020-02-26 03:09:48.651 [Thread-13] INFO  c.n.e.r.PeerAwareInstanceRegistryImpl
				-Renew threshold is: 1
2020-02-26 03:09:48.651 [Thread-13] INFO  c.n.e.r.PeerAwareInstanceRegistryImpl
				-Changing status to UP
2020-02-26 03:09:48.680 [Thread-13] INFO  o.s.c.n.e.s.EurekaServerInitializerConfiguration
				-Started Eureka Server
2020-02-26 03:09:48.748 [main] INFO  o.s.b.w.e.tomcat.TomcatWebServer
				-Tomcat started on port(s): 8761 (http) with context path ''
2020-02-26 03:09:48.753 [main] INFO  o.s.c.n.e.s.EurekaAutoServiceRegistration
				-Updating port to 8761
2020-02-26 03:09:48.759 [main] INFO  c.t.s.ScCommonEurekaServerApplication
				-Started ScCommonEurekaServerApplication in 48.956 seconds (JVM running for 54.362)
2020-02-26 03:10:23.808 [http-nio-8761-exec-10] INFO  o.a.c.c.C.[Tomcat].[localhost].[/]
				-Initializing Spring FrameworkServlet 'dispatcherServlet'
2020-02-26 03:10:23.808 [http-nio-8761-exec-10] INFO  o.s.web.servlet.DispatcherServlet
				-FrameworkServlet 'dispatcherServlet': initialization started
2020-02-26 03:10:23.914 [http-nio-8761-exec-10] INFO  o.s.web.servlet.DispatcherServlet
				-FrameworkServlet 'dispatcherServlet': initialization completed in 106 ms
2020-02-26 03:10:48.664 [Eureka-EvictionTimer] INFO  c.n.e.r.AbstractInstanceRegistry
				-Running the evict task with compensationTime 0ms
2020-02-26 03:11:48.667 [Eureka-EvictionTimer] INFO  c.n.e.r.AbstractInstanceRegistry
				-Running the evict task with compensationTime 2ms
2020-02-26 03:11:53.170 [http-nio-8761-exec-6] INFO  c.n.e.r.AbstractInstanceRegistry
				-Registered instance UNKNOWN/WIN-1LHEPA06T7I with status UP (replication=false)
2020-02-26 03:12:48.671 [Eureka-EvictionTimer] INFO  c.n.e.r.AbstractInstanceRegistry
				-Running the evict task with compensationTime 4ms
2020-02-26 03:13:48.689 [Eureka-EvictionTimer] INFO  c.n.e.r.AbstractInstanceRegistry
				-Running the evict task with compensationTime 17ms
2020-02-26 03:14:47.706 [http-nio-8761-exec-5] INFO  c.n.e.r.AbstractInstanceRegistry
				-Registered instance UNKNOWN/WIN-1LHEPA06T7I with status UP (replication=false)
2020-02-26 03:14:48.689 [Eureka-EvictionTimer] INFO  c.n.e.r.AbstractInstanceRegistry
				-Running the evict task with compensationTime 0ms
2020-02-26 03:15:48.696 [Eureka-EvictionTimer] INFO  c.n.e.r.AbstractInstanceRegistry
				-Running the evict task with compensationTime 6ms
2020-02-26 03:16:02.572 [http-nio-8761-exec-3] INFO  c.n.e.r.AbstractInstanceRegistry
				-Registered instance ZUUL-SERVER/WIN-1LHEPA06T7I:zuul-server:5555 with status UP (replication=false)
2020-02-26 03:16:48.703 [Eureka-EvictionTimer] INFO  c.n.e.r.AbstractInstanceRegistry
				-Running the evict task with compensationTime 7ms
2020-02-26 03:17:48.704 [Eureka-EvictionTimer] INFO  c.n.e.r.AbstractInstanceRegistry
				-Running the evict task with compensationTime 0ms
2020-02-26 03:18:24.032 [http-nio-8761-exec-9] INFO  c.n.e.r.AbstractInstanceRegistry
				-Registered instance CLIENT-A/WIN-1LHEPA06T7I:client-a:7070 with status UP (replication=false)
2020-02-26 03:18:48.713 [Eureka-EvictionTimer] INFO  c.n.e.r.AbstractInstanceRegistry
				-Running the evict task with compensationTime 9ms
2020-02-26 03:19:41.361 [http-nio-8761-exec-4] INFO  c.n.e.r.AbstractInstanceRegistry
				-Registered instance AUTH-SERVER/WIN-1LHEPA06T7I:auth-server:7777 with status UP (replication=false)
2020-02-26 03:19:47.946 [Eureka-PeerNodesUpdater] WARN  c.n.eureka.cluster.PeerEurekaNodes
				-The replica size seems to be empty. Check the route 53 DNS Registry
2020-02-26 03:19:48.715 [Eureka-EvictionTimer] INFO  c.n.e.r.AbstractInstanceRegistry
				-Running the evict task with compensationTime 1ms
2020-02-26 03:20:48.721 [Eureka-EvictionTimer] INFO  c.n.e.r.AbstractInstanceRegistry
				-Running the evict task with compensationTime 6ms
2020-02-26 03:21:48.728 [Eureka-EvictionTimer] INFO  c.n.e.r.AbstractInstanceRegistry
				-Running the evict task with compensationTime 7ms
2020-02-26 03:22:48.731 [Eureka-EvictionTimer] INFO  c.n.e.r.AbstractInstanceRegistry
				-Running the evict task with compensationTime 2ms
2020-02-26 03:23:48.745 [Eureka-EvictionTimer] INFO  c.n.e.r.AbstractInstanceRegistry
				-Running the evict task with compensationTime 14ms
2020-02-26 03:24:48.002 [ReplicaAwareInstanceRegistry - RenewalThresholdUpdater] INFO  c.n.e.r.PeerAwareInstanceRegistryImpl
				-Current renewal threshold is : 8
2020-02-26 03:24:48.750 [Eureka-EvictionTimer] INFO  c.n.e.r.AbstractInstanceRegistry
				-Running the evict task with compensationTime 4ms
2020-02-26 03:25:48.753 [Eureka-EvictionTimer] INFO  c.n.e.r.AbstractInstanceRegistry
				-Running the evict task with compensationTime 3ms
2020-02-26 03:26:48.766 [Eureka-EvictionTimer] INFO  c.n.e.r.AbstractInstanceRegistry
				-Running the evict task with compensationTime 12ms
2020-02-26 03:27:48.771 [Eureka-EvictionTimer] INFO  c.n.e.r.AbstractInstanceRegistry
				-Running the evict task with compensationTime 5ms
2020-02-26 03:28:48.774 [Eureka-EvictionTimer] INFO  c.n.e.r.AbstractInstanceRegistry
				-Running the evict task with compensationTime 2ms
2020-02-26 03:29:47.960 [Eureka-PeerNodesUpdater] WARN  c.n.eureka.cluster.PeerEurekaNodes
				-The replica size seems to be empty. Check the route 53 DNS Registry
2020-02-26 03:29:48.782 [Eureka-EvictionTimer] INFO  c.n.e.r.AbstractInstanceRegistry
				-Running the evict task with compensationTime 8ms
2020-02-26 03:30:48.783 [Eureka-EvictionTimer] INFO  c.n.e.r.AbstractInstanceRegistry
				-Running the evict task with compensationTime 1ms
2020-02-26 03:31:48.788 [Eureka-EvictionTimer] INFO  c.n.e.r.AbstractInstanceRegistry
				-Running the evict task with compensationTime 4ms
2020-02-26 03:32:48.793 [Eureka-EvictionTimer] INFO  c.n.e.r.AbstractInstanceRegistry
				-Running the evict task with compensationTime 6ms
2020-02-26 03:33:48.808 [Eureka-EvictionTimer] INFO  c.n.e.r.AbstractInstanceRegistry
				-Running the evict task with compensationTime 14ms
2020-02-26 03:34:48.817 [Eureka-EvictionTimer] INFO  c.n.e.r.AbstractInstanceRegistry
				-Running the evict task with compensationTime 9ms
2020-02-26 03:35:48.821 [Eureka-EvictionTimer] INFO  c.n.e.r.AbstractInstanceRegistry
				-Running the evict task with compensationTime 4ms
2020-02-26 03:36:48.824 [Eureka-EvictionTimer] INFO  c.n.e.r.AbstractInstanceRegistry
				-Running the evict task with compensationTime 3ms
2020-02-26 03:37:48.829 [Eureka-EvictionTimer] INFO  c.n.e.r.AbstractInstanceRegistry
				-Running the evict task with compensationTime 4ms
2020-02-26 03:38:48.839 [Eureka-EvictionTimer] INFO  c.n.e.r.AbstractInstanceRegistry
				-Running the evict task with compensationTime 10ms
2020-02-26 03:39:47.966 [Eureka-PeerNodesUpdater] WARN  c.n.eureka.cluster.PeerEurekaNodes
				-The replica size seems to be empty. Check the route 53 DNS Registry
2020-02-26 03:39:48.013 [ReplicaAwareInstanceRegistry - RenewalThresholdUpdater] INFO  c.n.e.r.PeerAwareInstanceRegistryImpl
				-Current renewal threshold is : 8
2020-02-26 03:39:48.853 [Eureka-EvictionTimer] INFO  c.n.e.r.AbstractInstanceRegistry
				-Running the evict task with compensationTime 13ms
2020-02-26 03:40:48.860 [Eureka-EvictionTimer] INFO  c.n.e.r.AbstractInstanceRegistry
				-Running the evict task with compensationTime 6ms
2020-02-26 03:41:48.870 [Eureka-EvictionTimer] INFO  c.n.e.r.AbstractInstanceRegistry
				-Running the evict task with compensationTime 10ms
2020-02-26 03:42:48.883 [Eureka-EvictionTimer] INFO  c.n.e.r.AbstractInstanceRegistry
				-Running the evict task with compensationTime 12ms
2020-02-26 03:43:48.888 [Eureka-EvictionTimer] INFO  c.n.e.r.AbstractInstanceRegistry
				-Running the evict task with compensationTime 5ms
2020-02-26 03:44:48.895 [Eureka-EvictionTimer] INFO  c.n.e.r.AbstractInstanceRegistry
				-Running the evict task with compensationTime 7ms
2020-02-26 03:45:48.905 [Eureka-EvictionTimer] INFO  c.n.e.r.AbstractInstanceRegistry
				-Running the evict task with compensationTime 10ms
2020-02-26 03:46:48.908 [Eureka-EvictionTimer] INFO  c.n.e.r.AbstractInstanceRegistry
				-Running the evict task with compensationTime 2ms
2020-02-26 03:47:48.914 [Eureka-EvictionTimer] INFO  c.n.e.r.AbstractInstanceRegistry
				-Running the evict task with compensationTime 6ms
2020-02-26 03:48:48.924 [Eureka-EvictionTimer] INFO  c.n.e.r.AbstractInstanceRegistry
				-Running the evict task with compensationTime 9ms
2020-02-26 03:49:47.977 [Eureka-PeerNodesUpdater] WARN  c.n.eureka.cluster.PeerEurekaNodes
				-The replica size seems to be empty. Check the route 53 DNS Registry
2020-02-26 03:49:48.929 [Eureka-EvictionTimer] INFO  c.n.e.r.AbstractInstanceRegistry
				-Running the evict task with compensationTime 4ms
2020-02-26 03:50:48.937 [Eureka-EvictionTimer] INFO  c.n.e.r.AbstractInstanceRegistry
				-Running the evict task with compensationTime 8ms
2020-02-26 03:51:48.955 [Eureka-EvictionTimer] INFO  c.n.e.r.AbstractInstanceRegistry
				-Running the evict task with compensationTime 17ms
2020-02-26 03:52:48.961 [Eureka-EvictionTimer] INFO  c.n.e.r.AbstractInstanceRegistry
				-Running the evict task with compensationTime 6ms
2020-02-26 03:53:48.971 [Eureka-EvictionTimer] INFO  c.n.e.r.AbstractInstanceRegistry
				-Running the evict task with compensationTime 9ms
2020-02-26 03:54:48.020 [ReplicaAwareInstanceRegistry - RenewalThresholdUpdater] INFO  c.n.e.r.PeerAwareInstanceRegistryImpl
				-Current renewal threshold is : 8
2020-02-26 03:54:48.985 [Eureka-EvictionTimer] INFO  c.n.e.r.AbstractInstanceRegistry
				-Running the evict task with compensationTime 13ms
2020-02-26 03:55:48.987 [Eureka-EvictionTimer] INFO  c.n.e.r.AbstractInstanceRegistry
				-Running the evict task with compensationTime 2ms
2020-02-26 03:56:48.992 [Eureka-EvictionTimer] INFO  c.n.e.r.AbstractInstanceRegistry
				-Running the evict task with compensationTime 5ms
2020-02-26 03:57:48.996 [Eureka-EvictionTimer] INFO  c.n.e.r.AbstractInstanceRegistry
				-Running the evict task with compensationTime 3ms
2020-02-26 03:58:48.997 [Eureka-EvictionTimer] INFO  c.n.e.r.AbstractInstanceRegistry
				-Running the evict task with compensationTime 0ms
2020-02-26 03:59:47.979 [Eureka-PeerNodesUpdater] WARN  c.n.eureka.cluster.PeerEurekaNodes
				-The replica size seems to be empty. Check the route 53 DNS Registry
2020-02-26 03:59:49.010 [Eureka-EvictionTimer] INFO  c.n.e.r.AbstractInstanceRegistry
				-Running the evict task with compensationTime 13ms
2020-02-26 04:00:49.022 [Eureka-EvictionTimer] INFO  c.n.e.r.AbstractInstanceRegistry
				-Running the evict task with compensationTime 11ms
2020-02-26 04:01:49.023 [Eureka-EvictionTimer] INFO  c.n.e.r.AbstractInstanceRegistry
				-Running the evict task with compensationTime 1ms
2020-02-26 04:02:49.032 [Eureka-EvictionTimer] INFO  c.n.e.r.AbstractInstanceRegistry
				-Running the evict task with compensationTime 9ms
2020-02-26 04:03:49.033 [Eureka-EvictionTimer] INFO  c.n.e.r.AbstractInstanceRegistry
				-Running the evict task with compensationTime 1ms
2020-02-26 04:04:49.042 [Eureka-EvictionTimer] INFO  c.n.e.r.AbstractInstanceRegistry
				-Running the evict task with compensationTime 8ms
2020-02-26 04:05:49.048 [Eureka-EvictionTimer] INFO  c.n.e.r.AbstractInstanceRegistry
				-Running the evict task with compensationTime 6ms
2020-02-26 04:06:49.060 [Eureka-EvictionTimer] INFO  c.n.e.r.AbstractInstanceRegistry
				-Running the evict task with compensationTime 11ms
2020-02-26 04:07:49.067 [Eureka-EvictionTimer] INFO  c.n.e.r.AbstractInstanceRegistry
				-Running the evict task with compensationTime 7ms
2020-02-26 04:08:49.105 [Eureka-EvictionTimer] INFO  c.n.e.r.AbstractInstanceRegistry
				-Running the evict task with compensationTime 36ms
2020-02-26 04:09:47.999 [Eureka-PeerNodesUpdater] WARN  c.n.eureka.cluster.PeerEurekaNodes
				-The replica size seems to be empty. Check the route 53 DNS Registry
2020-02-26 04:09:48.057 [ReplicaAwareInstanceRegistry - RenewalThresholdUpdater] INFO  c.n.e.r.PeerAwareInstanceRegistryImpl
				-Current renewal threshold is : 8
2020-02-26 04:09:49.116 [Eureka-EvictionTimer] INFO  c.n.e.r.AbstractInstanceRegistry
				-Running the evict task with compensationTime 11ms
2020-02-26 04:10:49.129 [Eureka-EvictionTimer] INFO  c.n.e.r.AbstractInstanceRegistry
				-Running the evict task with compensationTime 13ms
2020-02-26 04:11:49.138 [Eureka-EvictionTimer] INFO  c.n.e.r.AbstractInstanceRegistry
				-Running the evict task with compensationTime 8ms
2020-02-26 04:12:49.146 [Eureka-EvictionTimer] INFO  c.n.e.r.AbstractInstanceRegistry
				-Running the evict task with compensationTime 8ms
2020-02-26 04:13:49.162 [Eureka-EvictionTimer] INFO  c.n.e.r.AbstractInstanceRegistry
				-Running the evict task with compensationTime 15ms
2020-02-26 04:14:49.169 [Eureka-EvictionTimer] INFO  c.n.e.r.AbstractInstanceRegistry
				-Running the evict task with compensationTime 7ms
2020-02-26 04:15:49.174 [Eureka-EvictionTimer] INFO  c.n.e.r.AbstractInstanceRegistry
				-Running the evict task with compensationTime 5ms
2020-02-26 04:16:49.190 [Eureka-EvictionTimer] INFO  c.n.e.r.AbstractInstanceRegistry
				-Running the evict task with compensationTime 15ms
2020-02-26 04:17:49.191 [Eureka-EvictionTimer] INFO  c.n.e.r.AbstractInstanceRegistry
				-Running the evict task with compensationTime 1ms
2020-02-26 04:18:49.199 [Eureka-EvictionTimer] INFO  c.n.e.r.AbstractInstanceRegistry
				-Running the evict task with compensationTime 7ms
2020-02-26 04:19:48.006 [Eureka-PeerNodesUpdater] WARN  c.n.eureka.cluster.PeerEurekaNodes
				-The replica size seems to be empty. Check the route 53 DNS Registry
2020-02-26 04:19:49.205 [Eureka-EvictionTimer] INFO  c.n.e.r.AbstractInstanceRegistry
				-Running the evict task with compensationTime 6ms
2020-02-26 04:20:49.209 [Eureka-EvictionTimer] INFO  c.n.e.r.AbstractInstanceRegistry
				-Running the evict task with compensationTime 3ms
2020-02-26 04:21:49.243 [Eureka-EvictionTimer] INFO  c.n.e.r.AbstractInstanceRegistry
				-Running the evict task with compensationTime 34ms
2020-02-26 04:22:49.256 [Eureka-EvictionTimer] INFO  c.n.e.r.AbstractInstanceRegistry
				-Running the evict task with compensationTime 12ms
2020-02-26 04:23:49.269 [Eureka-EvictionTimer] INFO  c.n.e.r.AbstractInstanceRegistry
				-Running the evict task with compensationTime 13ms
2020-02-26 04:24:48.063 [ReplicaAwareInstanceRegistry - RenewalThresholdUpdater] INFO  c.n.e.r.PeerAwareInstanceRegistryImpl
				-Current renewal threshold is : 8
2020-02-26 04:24:49.273 [Eureka-EvictionTimer] INFO  c.n.e.r.AbstractInstanceRegistry
				-Running the evict task with compensationTime 3ms
2020-02-26 04:25:49.274 [Eureka-EvictionTimer] INFO  c.n.e.r.AbstractInstanceRegistry
				-Running the evict task with compensationTime 1ms
2020-02-26 04:26:49.284 [Eureka-EvictionTimer] INFO  c.n.e.r.AbstractInstanceRegistry
				-Running the evict task with compensationTime 10ms
2020-02-26 04:27:49.292 [Eureka-EvictionTimer] INFO  c.n.e.r.AbstractInstanceRegistry
				-Running the evict task with compensationTime 7ms
2020-02-26 04:28:49.299 [Eureka-EvictionTimer] INFO  c.n.e.r.AbstractInstanceRegistry
				-Running the evict task with compensationTime 8ms
2020-02-26 04:29:48.020 [Eureka-PeerNodesUpdater] WARN  c.n.eureka.cluster.PeerEurekaNodes
				-The replica size seems to be empty. Check the route 53 DNS Registry
2020-02-26 04:29:49.300 [Eureka-EvictionTimer] INFO  c.n.e.r.AbstractInstanceRegistry
				-Running the evict task with compensationTime 0ms
2020-02-26 04:30:49.310 [Eureka-EvictionTimer] INFO  c.n.e.r.AbstractInstanceRegistry
				-Running the evict task with compensationTime 11ms
2020-02-26 04:31:49.325 [Eureka-EvictionTimer] INFO  c.n.e.r.AbstractInstanceRegistry
				-Running the evict task with compensationTime 13ms
2020-02-26 04:32:49.330 [Eureka-EvictionTimer] INFO  c.n.e.r.AbstractInstanceRegistry
				-Running the evict task with compensationTime 5ms
2020-02-26 04:33:49.331 [Eureka-EvictionTimer] INFO  c.n.e.r.AbstractInstanceRegistry
				-Running the evict task with compensationTime 1ms
2020-02-26 04:34:49.333 [Eureka-EvictionTimer] INFO  c.n.e.r.AbstractInstanceRegistry
				-Running the evict task with compensationTime 1ms
2020-02-26 04:35:49.346 [Eureka-EvictionTimer] INFO  c.n.e.r.AbstractInstanceRegistry
				-Running the evict task with compensationTime 13ms
2020-02-26 04:36:49.358 [Eureka-EvictionTimer] INFO  c.n.e.r.AbstractInstanceRegistry
				-Running the evict task with compensationTime 11ms
2020-02-26 04:37:49.370 [Eureka-EvictionTimer] INFO  c.n.e.r.AbstractInstanceRegistry
				-Running the evict task with compensationTime 12ms
2020-02-26 04:38:49.386 [Eureka-EvictionTimer] INFO  c.n.e.r.AbstractInstanceRegistry
				-Running the evict task with compensationTime 14ms
2020-02-26 04:39:48.022 [Eureka-PeerNodesUpdater] WARN  c.n.eureka.cluster.PeerEurekaNodes
				-The replica size seems to be empty. Check the route 53 DNS Registry
2020-02-26 04:39:48.068 [ReplicaAwareInstanceRegistry - RenewalThresholdUpdater] INFO  c.n.e.r.PeerAwareInstanceRegistryImpl
				-Current renewal threshold is : 8
2020-02-26 04:39:49.402 [Eureka-EvictionTimer] INFO  c.n.e.r.AbstractInstanceRegistry
				-Running the evict task with compensationTime 16ms
2020-02-26 04:40:49.417 [Eureka-EvictionTimer] INFO  c.n.e.r.AbstractInstanceRegistry
				-Running the evict task with compensationTime 14ms
2020-02-26 04:41:49.430 [Eureka-EvictionTimer] INFO  c.n.e.r.AbstractInstanceRegistry
				-Running the evict task with compensationTime 13ms
2020-02-26 04:42:49.440 [Eureka-EvictionTimer] INFO  c.n.e.r.AbstractInstanceRegistry
				-Running the evict task with compensationTime 9ms
2020-02-26 04:43:49.443 [Eureka-EvictionTimer] INFO  c.n.e.r.AbstractInstanceRegistry
				-Running the evict task with compensationTime 2ms
2020-02-26 04:44:49.448 [Eureka-EvictionTimer] INFO  c.n.e.r.AbstractInstanceRegistry
				-Running the evict task with compensationTime 5ms
2020-02-26 04:45:49.456 [Eureka-EvictionTimer] INFO  c.n.e.r.AbstractInstanceRegistry
				-Running the evict task with compensationTime 7ms
2020-02-26 04:46:49.463 [Eureka-EvictionTimer] INFO  c.n.e.r.AbstractInstanceRegistry
				-Running the evict task with compensationTime 8ms
2020-02-26 04:47:49.469 [Eureka-EvictionTimer] INFO  c.n.e.r.AbstractInstanceRegistry
				-Running the evict task with compensationTime 5ms
2020-02-26 04:48:49.483 [Eureka-EvictionTimer] INFO  c.n.e.r.AbstractInstanceRegistry
				-Running the evict task with compensationTime 13ms
2020-02-26 04:49:48.024 [Eureka-PeerNodesUpdater] WARN  c.n.eureka.cluster.PeerEurekaNodes
				-The replica size seems to be empty. Check the route 53 DNS Registry
2020-02-26 04:49:49.567 [Eureka-EvictionTimer] INFO  c.n.e.r.AbstractInstanceRegistry
				-Running the evict task with compensationTime 84ms
2020-02-26 04:50:49.570 [Eureka-EvictionTimer] INFO  c.n.e.r.AbstractInstanceRegistry
				-Running the evict task with compensationTime 2ms
2020-02-26 04:51:49.581 [Eureka-EvictionTimer] INFO  c.n.e.r.AbstractInstanceRegistry
				-Running the evict task with compensationTime 10ms
2020-02-26 04:52:49.584 [Eureka-EvictionTimer] INFO  c.n.e.r.AbstractInstanceRegistry
				-Running the evict task with compensationTime 4ms
2020-02-26 04:53:49.941 [Eureka-EvictionTimer] INFO  c.n.e.r.AbstractInstanceRegistry
				-Running the evict task with compensationTime 357ms
2020-02-26 04:54:48.070 [ReplicaAwareInstanceRegistry - RenewalThresholdUpdater] INFO  c.n.e.r.PeerAwareInstanceRegistryImpl
				-Current renewal threshold is : 8
2020-02-26 04:54:49.953 [Eureka-EvictionTimer] INFO  c.n.e.r.AbstractInstanceRegistry
				-Running the evict task with compensationTime 11ms
2020-02-26 04:55:49.954 [Eureka-EvictionTimer] INFO  c.n.e.r.AbstractInstanceRegistry
				-Running the evict task with compensationTime 0ms
2020-02-26 04:56:49.968 [Eureka-EvictionTimer] INFO  c.n.e.r.AbstractInstanceRegistry
				-Running the evict task with compensationTime 13ms
2020-02-26 04:57:49.974 [Eureka-EvictionTimer] INFO  c.n.e.r.AbstractInstanceRegistry
				-Running the evict task with compensationTime 6ms
2020-02-26 04:58:49.979 [Eureka-EvictionTimer] INFO  c.n.e.r.AbstractInstanceRegistry
				-Running the evict task with compensationTime 4ms
2020-02-26 04:59:48.033 [Eureka-PeerNodesUpdater] WARN  c.n.eureka.cluster.PeerEurekaNodes
				-The replica size seems to be empty. Check the route 53 DNS Registry
2020-02-26 04:59:49.979 [Eureka-EvictionTimer] INFO  c.n.e.r.AbstractInstanceRegistry
				-Running the evict task with compensationTime 0ms
2020-02-26 05:00:49.985 [Eureka-EvictionTimer] INFO  c.n.e.r.AbstractInstanceRegistry
				-Running the evict task with compensationTime 5ms
2020-02-26 05:01:49.990 [Eureka-EvictionTimer] INFO  c.n.e.r.AbstractInstanceRegistry
				-Running the evict task with compensationTime 5ms
2020-02-26 05:02:50.005 [Eureka-EvictionTimer] INFO  c.n.e.r.AbstractInstanceRegistry
				-Running the evict task with compensationTime 15ms
2020-02-26 05:03:50.016 [Eureka-EvictionTimer] INFO  c.n.e.r.AbstractInstanceRegistry
				-Running the evict task with compensationTime 11ms
2020-02-26 05:04:50.020 [Eureka-EvictionTimer] INFO  c.n.e.r.AbstractInstanceRegistry
				-Running the evict task with compensationTime 3ms
2020-02-26 05:05:50.027 [Eureka-EvictionTimer] INFO  c.n.e.r.AbstractInstanceRegistry
				-Running the evict task with compensationTime 6ms
2020-02-26 05:06:50.036 [Eureka-EvictionTimer] INFO  c.n.e.r.AbstractInstanceRegistry
				-Running the evict task with compensationTime 9ms
2020-02-26 05:07:50.043 [Eureka-EvictionTimer] INFO  c.n.e.r.AbstractInstanceRegistry
				-Running the evict task with compensationTime 6ms
2020-02-26 05:08:50.054 [Eureka-EvictionTimer] INFO  c.n.e.r.AbstractInstanceRegistry
				-Running the evict task with compensationTime 11ms
2020-02-26 05:09:48.045 [Eureka-PeerNodesUpdater] WARN  c.n.eureka.cluster.PeerEurekaNodes
				-The replica size seems to be empty. Check the route 53 DNS Registry
2020-02-26 05:09:48.079 [ReplicaAwareInstanceRegistry - RenewalThresholdUpdater] INFO  c.n.e.r.PeerAwareInstanceRegistryImpl
				-Current renewal threshold is : 8
2020-02-26 05:09:50.057 [Eureka-EvictionTimer] INFO  c.n.e.r.AbstractInstanceRegistry
				-Running the evict task with compensationTime 3ms
2020-02-26 05:10:50.062 [Eureka-EvictionTimer] INFO  c.n.e.r.AbstractInstanceRegistry
				-Running the evict task with compensationTime 4ms
2020-02-26 05:11:50.077 [Eureka-EvictionTimer] INFO  c.n.e.r.AbstractInstanceRegistry
				-Running the evict task with compensationTime 14ms
2020-02-26 05:12:50.080 [Eureka-EvictionTimer] INFO  c.n.e.r.AbstractInstanceRegistry
				-Running the evict task with compensationTime 2ms
2020-02-26 05:13:50.092 [Eureka-EvictionTimer] INFO  c.n.e.r.AbstractInstanceRegistry
				-Running the evict task with compensationTime 12ms
2020-02-26 05:14:50.099 [Eureka-EvictionTimer] INFO  c.n.e.r.AbstractInstanceRegistry
				-Running the evict task with compensationTime 6ms
2020-02-26 05:15:50.111 [Eureka-EvictionTimer] INFO  c.n.e.r.AbstractInstanceRegistry
				-Running the evict task with compensationTime 12ms
2020-02-26 05:16:50.126 [Eureka-EvictionTimer] INFO  c.n.e.r.AbstractInstanceRegistry
				-Running the evict task with compensationTime 15ms
2020-02-26 05:17:50.128 [Eureka-EvictionTimer] INFO  c.n.e.r.AbstractInstanceRegistry
				-Running the evict task with compensationTime 1ms
2020-02-26 05:18:50.133 [Eureka-EvictionTimer] INFO  c.n.e.r.AbstractInstanceRegistry
				-Running the evict task with compensationTime 5ms
2020-02-26 05:19:48.057 [Eureka-PeerNodesUpdater] WARN  c.n.eureka.cluster.PeerEurekaNodes
				-The replica size seems to be empty. Check the route 53 DNS Registry
2020-02-26 05:19:50.137 [Eureka-EvictionTimer] INFO  c.n.e.r.AbstractInstanceRegistry
				-Running the evict task with compensationTime 4ms
2020-02-26 05:20:50.145 [Eureka-EvictionTimer] INFO  c.n.e.r.AbstractInstanceRegistry
				-Running the evict task with compensationTime 8ms
2020-02-26 05:21:50.148 [Eureka-EvictionTimer] INFO  c.n.e.r.AbstractInstanceRegistry
				-Running the evict task with compensationTime 2ms
2020-02-26 05:22:50.161 [Eureka-EvictionTimer] INFO  c.n.e.r.AbstractInstanceRegistry
				-Running the evict task with compensationTime 12ms
2020-02-26 05:23:50.168 [Eureka-EvictionTimer] INFO  c.n.e.r.AbstractInstanceRegistry
				-Running the evict task with compensationTime 7ms
2020-02-26 05:24:48.093 [ReplicaAwareInstanceRegistry - RenewalThresholdUpdater] INFO  c.n.e.r.PeerAwareInstanceRegistryImpl
				-Current renewal threshold is : 8
2020-02-26 05:24:50.181 [Eureka-EvictionTimer] INFO  c.n.e.r.AbstractInstanceRegistry
				-Running the evict task with compensationTime 13ms
2020-02-26 05:25:50.196 [Eureka-EvictionTimer] INFO  c.n.e.r.AbstractInstanceRegistry
				-Running the evict task with compensationTime 14ms
2020-02-26 05:26:50.205 [Eureka-EvictionTimer] INFO  c.n.e.r.AbstractInstanceRegistry
				-Running the evict task with compensationTime 8ms
2020-02-26 05:27:50.219 [Eureka-EvictionTimer] INFO  c.n.e.r.AbstractInstanceRegistry
				-Running the evict task with compensationTime 14ms
2020-02-26 05:28:50.233 [Eureka-EvictionTimer] INFO  c.n.e.r.AbstractInstanceRegistry
				-Running the evict task with compensationTime 13ms
2020-02-26 05:29:48.058 [Eureka-PeerNodesUpdater] WARN  c.n.eureka.cluster.PeerEurekaNodes
				-The replica size seems to be empty. Check the route 53 DNS Registry
2020-02-26 05:29:50.242 [Eureka-EvictionTimer] INFO  c.n.e.r.AbstractInstanceRegistry
				-Running the evict task with compensationTime 9ms
2020-02-26 05:30:50.255 [Eureka-EvictionTimer] INFO  c.n.e.r.AbstractInstanceRegistry
				-Running the evict task with compensationTime 13ms
2020-02-26 05:31:50.260 [Eureka-EvictionTimer] INFO  c.n.e.r.AbstractInstanceRegistry
				-Running the evict task with compensationTime 4ms
2020-02-26 05:32:50.261 [Eureka-EvictionTimer] INFO  c.n.e.r.AbstractInstanceRegistry
				-Running the evict task with compensationTime 0ms
2020-02-26 05:33:50.271 [Eureka-EvictionTimer] INFO  c.n.e.r.AbstractInstanceRegistry
				-Running the evict task with compensationTime 10ms
2020-02-26 05:34:50.295 [Eureka-EvictionTimer] INFO  c.n.e.r.AbstractInstanceRegistry
				-Running the evict task with compensationTime 24ms
2020-02-26 05:35:50.305 [Eureka-EvictionTimer] INFO  c.n.e.r.AbstractInstanceRegistry
				-Running the evict task with compensationTime 10ms
2020-02-26 05:36:50.307 [Eureka-EvictionTimer] INFO  c.n.e.r.AbstractInstanceRegistry
				-Running the evict task with compensationTime 1ms
2020-02-26 05:37:50.310 [Eureka-EvictionTimer] INFO  c.n.e.r.AbstractInstanceRegistry
				-Running the evict task with compensationTime 3ms
2020-02-26 05:38:50.317 [Eureka-EvictionTimer] INFO  c.n.e.r.AbstractInstanceRegistry
				-Running the evict task with compensationTime 6ms
2020-02-26 05:39:48.063 [Eureka-PeerNodesUpdater] WARN  c.n.eureka.cluster.PeerEurekaNodes
				-The replica size seems to be empty. Check the route 53 DNS Registry
2020-02-26 05:39:48.094 [ReplicaAwareInstanceRegistry - RenewalThresholdUpdater] INFO  c.n.e.r.PeerAwareInstanceRegistryImpl
				-Current renewal threshold is : 8
2020-02-26 05:39:50.329 [Eureka-EvictionTimer] INFO  c.n.e.r.AbstractInstanceRegistry
				-Running the evict task with compensationTime 11ms
2020-02-26 05:40:50.334 [Eureka-EvictionTimer] INFO  c.n.e.r.AbstractInstanceRegistry
				-Running the evict task with compensationTime 5ms
2020-02-26 05:41:50.340 [Eureka-EvictionTimer] INFO  c.n.e.r.AbstractInstanceRegistry
				-Running the evict task with compensationTime 5ms
2020-02-26 05:42:50.352 [Eureka-EvictionTimer] INFO  c.n.e.r.AbstractInstanceRegistry
				-Running the evict task with compensationTime 12ms
2020-02-26 05:43:50.355 [Eureka-EvictionTimer] INFO  c.n.e.r.AbstractInstanceRegistry
				-Running the evict task with compensationTime 3ms
2020-02-26 05:44:50.358 [Eureka-EvictionTimer] INFO  c.n.e.r.AbstractInstanceRegistry
				-Running the evict task with compensationTime 2ms
2020-02-26 05:45:50.365 [Eureka-EvictionTimer] INFO  c.n.e.r.AbstractInstanceRegistry
				-Running the evict task with compensationTime 6ms
2020-02-26 05:46:50.368 [Eureka-EvictionTimer] INFO  c.n.e.r.AbstractInstanceRegistry
				-Running the evict task with compensationTime 2ms
2020-02-26 05:47:50.375 [Eureka-EvictionTimer] INFO  c.n.e.r.AbstractInstanceRegistry
				-Running the evict task with compensationTime 7ms
2020-02-26 05:48:50.389 [Eureka-EvictionTimer] INFO  c.n.e.r.AbstractInstanceRegistry
				-Running the evict task with compensationTime 14ms
2020-02-26 05:49:48.066 [Eureka-PeerNodesUpdater] WARN  c.n.eureka.cluster.PeerEurekaNodes
				-The replica size seems to be empty. Check the route 53 DNS Registry
2020-02-26 05:49:50.404 [Eureka-EvictionTimer] INFO  c.n.e.r.AbstractInstanceRegistry
				-Running the evict task with compensationTime 15ms
2020-02-26 05:50:50.411 [Eureka-EvictionTimer] INFO  c.n.e.r.AbstractInstanceRegistry
				-Running the evict task with compensationTime 6ms
2020-02-26 05:51:50.420 [Eureka-EvictionTimer] INFO  c.n.e.r.AbstractInstanceRegistry
				-Running the evict task with compensationTime 9ms
2020-02-26 05:52:50.423 [Eureka-EvictionTimer] INFO  c.n.e.r.AbstractInstanceRegistry
				-Running the evict task with compensationTime 2ms
2020-02-26 05:53:50.426 [Eureka-EvictionTimer] INFO  c.n.e.r.AbstractInstanceRegistry
				-Running the evict task with compensationTime 3ms
2020-02-26 05:54:48.103 [ReplicaAwareInstanceRegistry - RenewalThresholdUpdater] INFO  c.n.e.r.PeerAwareInstanceRegistryImpl
				-Current renewal threshold is : 8
2020-02-26 05:54:50.437 [Eureka-EvictionTimer] INFO  c.n.e.r.AbstractInstanceRegistry
				-Running the evict task with compensationTime 10ms
2020-02-26 05:55:50.441 [Eureka-EvictionTimer] INFO  c.n.e.r.AbstractInstanceRegistry
				-Running the evict task with compensationTime 4ms
2020-02-26 05:56:50.447 [Eureka-EvictionTimer] INFO  c.n.e.r.AbstractInstanceRegistry
				-Running the evict task with compensationTime 5ms
2020-02-26 05:57:50.454 [Eureka-EvictionTimer] INFO  c.n.e.r.AbstractInstanceRegistry
				-Running the evict task with compensationTime 7ms
2020-02-26 05:58:50.470 [Eureka-EvictionTimer] INFO  c.n.e.r.AbstractInstanceRegistry
				-Running the evict task with compensationTime 15ms
2020-02-26 05:59:48.092 [Eureka-PeerNodesUpdater] WARN  c.n.eureka.cluster.PeerEurekaNodes
				-The replica size seems to be empty. Check the route 53 DNS Registry
2020-02-26 05:59:50.476 [Eureka-EvictionTimer] INFO  c.n.e.r.AbstractInstanceRegistry
				-Running the evict task with compensationTime 6ms
2020-02-26 06:00:50.477 [Eureka-EvictionTimer] INFO  c.n.e.r.AbstractInstanceRegistry
				-Running the evict task with compensationTime 0ms
2020-02-26 06:01:50.491 [Eureka-EvictionTimer] INFO  c.n.e.r.AbstractInstanceRegistry
				-Running the evict task with compensationTime 14ms
2020-02-26 06:02:50.503 [Eureka-EvictionTimer] INFO  c.n.e.r.AbstractInstanceRegistry
				-Running the evict task with compensationTime 11ms
2020-02-26 06:03:50.511 [Eureka-EvictionTimer] INFO  c.n.e.r.AbstractInstanceRegistry
				-Running the evict task with compensationTime 8ms
2020-02-26 06:04:50.522 [Eureka-EvictionTimer] INFO  c.n.e.r.AbstractInstanceRegistry
				-Running the evict task with compensationTime 10ms
2020-02-26 06:05:50.533 [Eureka-EvictionTimer] INFO  c.n.e.r.AbstractInstanceRegistry
				-Running the evict task with compensationTime 11ms
2020-02-26 06:06:50.540 [Eureka-EvictionTimer] INFO  c.n.e.r.AbstractInstanceRegistry
				-Running the evict task with compensationTime 7ms
2020-02-26 06:07:50.553 [Eureka-EvictionTimer] INFO  c.n.e.r.AbstractInstanceRegistry
				-Running the evict task with compensationTime 12ms
2020-02-26 06:08:50.562 [Eureka-EvictionTimer] INFO  c.n.e.r.AbstractInstanceRegistry
				-Running the evict task with compensationTime 9ms
2020-02-26 06:09:48.102 [Eureka-PeerNodesUpdater] WARN  c.n.eureka.cluster.PeerEurekaNodes
				-The replica size seems to be empty. Check the route 53 DNS Registry
2020-02-26 06:09:48.117 [ReplicaAwareInstanceRegistry - RenewalThresholdUpdater] INFO  c.n.e.r.PeerAwareInstanceRegistryImpl
				-Current renewal threshold is : 8
2020-02-26 06:09:50.563 [Eureka-EvictionTimer] INFO  c.n.e.r.AbstractInstanceRegistry
				-Running the evict task with compensationTime 1ms
2020-02-26 06:10:50.570 [Eureka-EvictionTimer] INFO  c.n.e.r.AbstractInstanceRegistry
				-Running the evict task with compensationTime 7ms
2020-02-26 06:11:50.577 [Eureka-EvictionTimer] INFO  c.n.e.r.AbstractInstanceRegistry
				-Running the evict task with compensationTime 6ms
2020-02-26 06:12:50.586 [Eureka-EvictionTimer] INFO  c.n.e.r.AbstractInstanceRegistry
				-Running the evict task with compensationTime 9ms
2020-02-26 06:13:50.587 [Eureka-EvictionTimer] INFO  c.n.e.r.AbstractInstanceRegistry
				-Running the evict task with compensationTime 1ms
2020-02-26 06:14:50.595 [Eureka-EvictionTimer] INFO  c.n.e.r.AbstractInstanceRegistry
				-Running the evict task with compensationTime 7ms
2020-02-26 06:15:50.597 [Eureka-EvictionTimer] INFO  c.n.e.r.AbstractInstanceRegistry
				-Running the evict task with compensationTime 2ms
2020-02-26 06:16:50.607 [Eureka-EvictionTimer] INFO  c.n.e.r.AbstractInstanceRegistry
				-Running the evict task with compensationTime 9ms
2020-02-26 06:17:50.612 [Eureka-EvictionTimer] INFO  c.n.e.r.AbstractInstanceRegistry
				-Running the evict task with compensationTime 4ms
2020-02-26 06:18:50.618 [Eureka-EvictionTimer] INFO  c.n.e.r.AbstractInstanceRegistry
				-Running the evict task with compensationTime 6ms
2020-02-26 06:19:48.113 [Eureka-PeerNodesUpdater] WARN  c.n.eureka.cluster.PeerEurekaNodes
				-The replica size seems to be empty. Check the route 53 DNS Registry
2020-02-26 06:19:50.630 [Eureka-EvictionTimer] INFO  c.n.e.r.AbstractInstanceRegistry
				-Running the evict task with compensationTime 11ms
2020-02-26 06:20:50.631 [Eureka-EvictionTimer] INFO  c.n.e.r.AbstractInstanceRegistry
				-Running the evict task with compensationTime 0ms
2020-02-26 06:21:50.634 [Eureka-EvictionTimer] INFO  c.n.e.r.AbstractInstanceRegistry
				-Running the evict task with compensationTime 3ms
2020-02-26 06:22:50.638 [Eureka-EvictionTimer] INFO  c.n.e.r.AbstractInstanceRegistry
				-Running the evict task with compensationTime 3ms
2020-02-26 06:23:50.646 [Eureka-EvictionTimer] INFO  c.n.e.r.AbstractInstanceRegistry
				-Running the evict task with compensationTime 8ms
2020-02-26 06:24:48.132 [ReplicaAwareInstanceRegistry - RenewalThresholdUpdater] INFO  c.n.e.r.PeerAwareInstanceRegistryImpl
				-Current renewal threshold is : 8
2020-02-26 06:24:50.659 [Eureka-EvictionTimer] INFO  c.n.e.r.AbstractInstanceRegistry
				-Running the evict task with compensationTime 13ms
2020-02-26 06:25:50.705 [Eureka-EvictionTimer] INFO  c.n.e.r.AbstractInstanceRegistry
				-Running the evict task with compensationTime 45ms
2020-02-26 06:26:50.705 [Eureka-EvictionTimer] INFO  c.n.e.r.AbstractInstanceRegistry
				-Running the evict task with compensationTime 0ms
2020-02-26 06:27:50.719 [Eureka-EvictionTimer] INFO  c.n.e.r.AbstractInstanceRegistry
				-Running the evict task with compensationTime 13ms
2020-02-26 06:28:50.724 [Eureka-EvictionTimer] INFO  c.n.e.r.AbstractInstanceRegistry
				-Running the evict task with compensationTime 4ms
2020-02-26 06:29:48.115 [Eureka-PeerNodesUpdater] WARN  c.n.eureka.cluster.PeerEurekaNodes
				-The replica size seems to be empty. Check the route 53 DNS Registry
2020-02-26 06:29:50.731 [Eureka-EvictionTimer] INFO  c.n.e.r.AbstractInstanceRegistry
				-Running the evict task with compensationTime 7ms
2020-02-26 06:30:50.732 [Eureka-EvictionTimer] INFO  c.n.e.r.AbstractInstanceRegistry
				-Running the evict task with compensationTime 1ms
2020-02-26 06:31:50.737 [Eureka-EvictionTimer] INFO  c.n.e.r.AbstractInstanceRegistry
				-Running the evict task with compensationTime 4ms
2020-02-26 06:32:50.749 [Eureka-EvictionTimer] INFO  c.n.e.r.AbstractInstanceRegistry
				-Running the evict task with compensationTime 11ms
2020-02-26 06:33:50.754 [Eureka-EvictionTimer] INFO  c.n.e.r.AbstractInstanceRegistry
				-Running the evict task with compensationTime 5ms
2020-02-26 06:34:50.761 [Eureka-EvictionTimer] INFO  c.n.e.r.AbstractInstanceRegistry
				-Running the evict task with compensationTime 6ms
2020-02-26 06:35:50.763 [Eureka-EvictionTimer] INFO  c.n.e.r.AbstractInstanceRegistry
				-Running the evict task with compensationTime 2ms
2020-02-26 06:36:50.765 [Eureka-EvictionTimer] INFO  c.n.e.r.AbstractInstanceRegistry
				-Running the evict task with compensationTime 1ms
2020-02-26 06:37:50.773 [Eureka-EvictionTimer] INFO  c.n.e.r.AbstractInstanceRegistry
				-Running the evict task with compensationTime 7ms
