2020-02-22 15:38:25.125 [main] INFO  o.s.c.a.AnnotationConfigApplicationContext
				-Refreshing org.springframework.context.annotation.AnnotationConfigApplicationContext@6da21078: startup date [Sat Feb 22 15:38:25 CST 2020]; root of context hierarchy
2020-02-22 15:38:26.329 [main] INFO  o.s.b.f.a.AutowiredAnnotationBeanPostProcessor
				-JSR-330 'javax.inject.Inject' annotation found and supported for autowiring
2020-02-22 15:38:26.520 [main] INFO  o.s.c.s.PostProcessorRegistrationDelegate$BeanPostProcessorChecker
				-Bean 'configurationPropertiesRebinderAutoConfiguration' of type [org.springframework.cloud.autoconfigure.ConfigurationPropertiesRebinderAutoConfiguration$$EnhancerBySpringCGLIB$$daf0134d] is not eligible for getting processed by all BeanPostProcessors (for example: not eligible for auto-proxying)
2020-02-22 15:38:31.240 [main] INFO  c.t.study.EurekaServerApplication
				-No active profile set, falling back to default profiles: default
2020-02-22 15:38:31.353 [main] INFO  o.s.b.w.s.c.AnnotationConfigServletWebServerApplicationContext
				-Refreshing org.springframework.boot.web.servlet.context.AnnotationConfigServletWebServerApplicationContext@4758820d: startup date [Sat Feb 22 15:38:31 CST 2020]; parent: org.springframework.context.annotation.AnnotationConfigApplicationContext@6da21078
2020-02-22 15:38:34.706 [main] INFO  o.s.cloud.context.scope.GenericScope
				-BeanFactory id=205bc84f-7aed-3aaf-84e1-07af8be6637c
2020-02-22 15:38:34.775 [main] INFO  o.s.b.f.a.AutowiredAnnotationBeanPostProcessor
				-JSR-330 'javax.inject.Inject' annotation found and supported for autowiring
2020-02-22 15:38:35.224 [main] INFO  o.s.c.s.PostProcessorRegistrationDelegate$BeanPostProcessorChecker
				-Bean 'org.springframework.cloud.autoconfigure.ConfigurationPropertiesRebinderAutoConfiguration' of type [org.springframework.cloud.autoconfigure.ConfigurationPropertiesRebinderAutoConfiguration$$EnhancerBySpringCGLIB$$daf0134d] is not eligible for getting processed by all BeanPostProcessors (for example: not eligible for auto-proxying)
2020-02-22 15:38:38.814 [main] INFO  o.s.b.w.e.tomcat.TomcatWebServer
				-Tomcat initialized with port(s): 8761 (http)
2020-02-22 15:38:38.847 [main] INFO  o.a.coyote.http11.Http11NioProtocol
				-Initializing ProtocolHandler ["http-nio-8761"]
2020-02-22 15:38:38.868 [main] INFO  o.a.catalina.core.StandardService
				-Starting service [Tomcat]
2020-02-22 15:38:38.868 [main] INFO  o.a.catalina.core.StandardEngine
				-Starting Servlet Engine: Apache Tomcat/8.5.28
2020-02-22 15:38:38.885 [localhost-startStop-1] INFO  o.a.c.core.AprLifecycleListener
				-The APR based Apache Tomcat Native library which allows optimal performance in production environments was not found on the java.library.path: [C:\Program Files\Java\jdk1.8.0_192\bin;C:\WINDOWS\Sun\Java\bin;C:\WINDOWS\system32;C:\WINDOWS;C:\Program Files\JetBrains\IntelliJ IDEA Community Edition 2019.1.4\jre64\\bin;C:\Program Files\JetBrains\IntelliJ IDEA Community Edition 2019.1.4\jre64\\bin\server;C:\Program Files (x86)\Common Files\Oracle\Java\javapath;C:\WINDOWS\system32;C:\WINDOWS;C:\WINDOWS\System32\Wbem;C:\WINDOWS\System32\WindowsPowerShell\v1.0\;C:\WINDOWS\System32\OpenSSH\;C:\Program Files\Java\jdk1.8.0_192\bin;H:\soft\apache-ant-1.10.7-bin\apache-ant-1.10.7\bin;G:\apache-maven-3.6.3\bin;H:\soft\gradle\gradle-6.1.1-all\gradle-6.1.1\bin;D:\soft\Git\cmd;C:\Users\Administrator\AppData\Local\Microsoft\WindowsApps;C:\Program Files\Bandizip\;;.]
2020-02-22 15:38:39.580 [localhost-startStop-1] INFO  o.a.c.c.C.[Tomcat].[localhost].[/]
				-Initializing Spring embedded WebApplicationContext
2020-02-22 15:38:39.581 [localhost-startStop-1] INFO  o.s.web.context.ContextLoader
				-Root WebApplicationContext: initialization completed in 8227 ms
2020-02-22 15:38:40.364 [localhost-startStop-1] WARN  c.n.c.sources.URLConfigurationSource
				-No URLs will be polled as dynamic configuration sources.
2020-02-22 15:38:40.364 [localhost-startStop-1] INFO  c.n.c.sources.URLConfigurationSource
				-To enable URLs as dynamic configuration sources, define System property archaius.configurationSource.additionalUrls or make config.properties available on classpath.
2020-02-22 15:38:40.391 [localhost-startStop-1] INFO  c.n.config.DynamicPropertyFactory
				-DynamicPropertyFactory is initialized with configuration sources: com.netflix.config.ConcurrentCompositeConfiguration@4bd433f3
2020-02-22 15:38:50.593 [localhost-startStop-1] INFO  o.s.b.w.s.FilterRegistrationBean
				-Mapping filter: 'characterEncodingFilter' to: [/*]
2020-02-22 15:38:50.594 [localhost-startStop-1] INFO  o.s.b.w.s.FilterRegistrationBean
				-Mapping filter: 'hiddenHttpMethodFilter' to: [/*]
2020-02-22 15:38:50.594 [localhost-startStop-1] INFO  o.s.b.w.s.FilterRegistrationBean
				-Mapping filter: 'httpPutFormContentFilter' to: [/*]
2020-02-22 15:38:50.594 [localhost-startStop-1] INFO  o.s.b.w.s.FilterRegistrationBean
				-Mapping filter: 'requestContextFilter' to: [/*]
2020-02-22 15:38:50.594 [localhost-startStop-1] INFO  o.s.b.w.s.FilterRegistrationBean
				-Mapping filter: 'httpTraceFilter' to: [/*]
2020-02-22 15:38:50.594 [localhost-startStop-1] INFO  o.s.b.w.s.FilterRegistrationBean
				-Mapping filter: 'webMvcMetricsFilter' to: [/*]
2020-02-22 15:38:50.596 [localhost-startStop-1] INFO  o.s.b.w.s.FilterRegistrationBean
				-Mapping filter: 'servletContainer' to urls: [/eureka/*]
2020-02-22 15:38:50.596 [localhost-startStop-1] INFO  o.s.b.w.s.ServletRegistrationBean
				-Servlet dispatcherServlet mapped to [/]
2020-02-22 15:38:50.756 [localhost-startStop-1] INFO  c.s.j.s.i.a.WebApplicationImpl
				-Initiating Jersey application, version 'Jersey: 1.19.1 03/11/2016 02:08 PM'
2020-02-22 15:38:50.924 [localhost-startStop-1] INFO  c.n.d.p.DiscoveryJerseyProvider
				-Using JSON encoding codec LegacyJacksonJson
2020-02-22 15:38:50.927 [localhost-startStop-1] INFO  c.n.d.p.DiscoveryJerseyProvider
				-Using JSON decoding codec LegacyJacksonJson
2020-02-22 15:38:51.360 [localhost-startStop-1] INFO  c.n.d.p.DiscoveryJerseyProvider
				-Using XML encoding codec XStreamXml
2020-02-22 15:38:51.361 [localhost-startStop-1] INFO  c.n.d.p.DiscoveryJerseyProvider
				-Using XML decoding codec XStreamXml
2020-02-22 15:38:52.943 [main] WARN  o.s.c.n.a.ArchaiusAutoConfiguration
				-No spring.application.name found, defaulting to 'application'
2020-02-22 15:38:52.945 [main] WARN  c.n.c.sources.URLConfigurationSource
				-No URLs will be polled as dynamic configuration sources.
2020-02-22 15:38:52.946 [main] INFO  c.n.c.sources.URLConfigurationSource
				-To enable URLs as dynamic configuration sources, define System property archaius.configurationSource.additionalUrls or make config.properties available on classpath.
2020-02-22 15:38:54.009 [main] INFO  o.s.w.s.m.m.a.RequestMappingHandlerAdapter
				-Looking for @ControllerAdvice: org.springframework.boot.web.servlet.context.AnnotationConfigServletWebServerApplicationContext@4758820d: startup date [Sat Feb 22 15:38:31 CST 2020]; parent: org.springframework.context.annotation.AnnotationConfigApplicationContext@6da21078
2020-02-22 15:38:54.511 [main] INFO  o.s.w.s.m.m.a.RequestMappingHandlerMapping
				-Mapped "{[/error]}" onto public org.springframework.http.ResponseEntity<java.util.Map<java.lang.String, java.lang.Object>> org.springframework.boot.autoconfigure.web.servlet.error.BasicErrorController.error(javax.servlet.http.HttpServletRequest)
2020-02-22 15:38:54.563 [main] INFO  o.s.w.s.m.m.a.RequestMappingHandlerMapping
				-Mapped "{[/error],produces=[text/html]}" onto public org.springframework.web.servlet.ModelAndView org.springframework.boot.autoconfigure.web.servlet.error.BasicErrorController.errorHtml(javax.servlet.http.HttpServletRequest,javax.servlet.http.HttpServletResponse)
2020-02-22 15:38:54.601 [main] INFO  o.s.w.s.m.m.a.RequestMappingHandlerMapping
				-Mapped "{[/],methods=[GET]}" onto public java.lang.String org.springframework.cloud.netflix.eureka.server.EurekaController.status(javax.servlet.http.HttpServletRequest,java.util.Map<java.lang.String, java.lang.Object>)
2020-02-22 15:38:54.603 [main] INFO  o.s.w.s.m.m.a.RequestMappingHandlerMapping
				-Mapped "{[/lastn],methods=[GET]}" onto public java.lang.String org.springframework.cloud.netflix.eureka.server.EurekaController.lastn(javax.servlet.http.HttpServletRequest,java.util.Map<java.lang.String, java.lang.Object>)
2020-02-22 15:38:55.052 [main] INFO  o.s.w.s.h.SimpleUrlHandlerMapping
				-Mapped URL path [/webjars/**] onto handler of type [class org.springframework.web.servlet.resource.ResourceHttpRequestHandler]
2020-02-22 15:38:55.052 [main] INFO  o.s.w.s.h.SimpleUrlHandlerMapping
				-Mapped URL path [/**] onto handler of type [class org.springframework.web.servlet.resource.ResourceHttpRequestHandler]
2020-02-22 15:38:55.190 [main] INFO  o.s.w.s.h.SimpleUrlHandlerMapping
				-Mapped URL path [/**/favicon.ico] onto handler of type [class org.springframework.web.servlet.resource.ResourceHttpRequestHandler]
2020-02-22 15:38:56.192 [main] INFO  o.s.u.f.SpringTemplateLoader
				-SpringTemplateLoader for FreeMarker: using resource loader [org.springframework.boot.web.servlet.context.AnnotationConfigServletWebServerApplicationContext@4758820d: startup date [Sat Feb 22 15:38:31 CST 2020]; parent: org.springframework.context.annotation.AnnotationConfigApplicationContext@6da21078] and template loader path [classpath:/templates/]
2020-02-22 15:38:56.193 [main] INFO  o.s.w.s.v.f.FreeMarkerConfigurer
				-ClassTemplateLoader for Spring macros added to FreeMarker configuration
2020-02-22 15:38:56.574 [main] INFO  o.s.c.n.eureka.InstanceInfoFactory
				-Setting initial instance status as: STARTING
2020-02-22 15:38:56.677 [main] INFO  c.netflix.discovery.DiscoveryClient
				-Initializing Eureka in region us-east-1
2020-02-22 15:38:56.677 [main] INFO  c.netflix.discovery.DiscoveryClient
				-Client configured to neither register nor query for data.
2020-02-22 15:38:56.706 [main] INFO  c.netflix.discovery.DiscoveryClient
				-Discovery Client initialized at timestamp 1582357136704 with initial instances count: 0
2020-02-22 15:38:56.916 [main] INFO  c.n.e.DefaultEurekaServerContext
				-Initializing ...
2020-02-22 15:38:56.920 [main] WARN  c.n.eureka.cluster.PeerEurekaNodes
				-The replica size seems to be empty. Check the route 53 DNS Registry
2020-02-22 15:38:56.951 [main] INFO  c.n.e.r.AbstractInstanceRegistry
				-Finished initializing remote region registries. All known remote regions: []
2020-02-22 15:38:56.955 [main] INFO  c.n.e.DefaultEurekaServerContext
				-Initialized
2020-02-22 15:38:57.024 [main] INFO  o.s.b.a.e.w.s.WebMvcEndpointHandlerMapping
				-Mapped "{[/actuator/health],methods=[GET],produces=[application/vnd.spring-boot.actuator.v2+json || application/json]}" onto public java.lang.Object org.springframework.boot.actuate.endpoint.web.servlet.AbstractWebMvcEndpointHandlerMapping$OperationHandler.handle(javax.servlet.http.HttpServletRequest,java.util.Map<java.lang.String, java.lang.String>)
2020-02-22 15:38:57.025 [main] INFO  o.s.b.a.e.w.s.WebMvcEndpointHandlerMapping
				-Mapped "{[/actuator/info],methods=[GET],produces=[application/vnd.spring-boot.actuator.v2+json || application/json]}" onto public java.lang.Object org.springframework.boot.actuate.endpoint.web.servlet.AbstractWebMvcEndpointHandlerMapping$OperationHandler.handle(javax.servlet.http.HttpServletRequest,java.util.Map<java.lang.String, java.lang.String>)
2020-02-22 15:38:57.028 [main] INFO  o.s.b.a.e.w.s.WebMvcEndpointHandlerMapping
				-Mapped "{[/actuator],methods=[GET],produces=[application/vnd.spring-boot.actuator.v2+json || application/json]}" onto protected java.util.Map<java.lang.String, java.util.Map<java.lang.String, org.springframework.boot.actuate.endpoint.web.Link>> org.springframework.boot.actuate.endpoint.web.servlet.WebMvcEndpointHandlerMapping.links(javax.servlet.http.HttpServletRequest,javax.servlet.http.HttpServletResponse)
2020-02-22 15:38:57.305 [main] INFO  o.s.j.e.a.AnnotationMBeanExporter
				-Registering beans for JMX exposure on startup
2020-02-22 15:38:57.325 [main] INFO  o.s.j.e.a.AnnotationMBeanExporter
				-Bean with name 'environmentManager' has been autodetected for JMX exposure
2020-02-22 15:38:57.326 [main] INFO  o.s.j.e.a.AnnotationMBeanExporter
				-Bean with name 'refreshScope' has been autodetected for JMX exposure
2020-02-22 15:38:57.329 [main] INFO  o.s.j.e.a.AnnotationMBeanExporter
				-Bean with name 'configurationPropertiesRebinder' has been autodetected for JMX exposure
2020-02-22 15:38:57.335 [main] INFO  o.s.j.e.a.AnnotationMBeanExporter
				-Located managed bean 'environmentManager': registering with JMX server as MBean [org.springframework.cloud.context.environment:name=environmentManager,type=EnvironmentManager]
2020-02-22 15:38:57.355 [main] INFO  o.s.j.e.a.AnnotationMBeanExporter
				-Located managed bean 'refreshScope': registering with JMX server as MBean [org.springframework.cloud.context.scope.refresh:name=refreshScope,type=RefreshScope]
2020-02-22 15:38:57.379 [main] INFO  o.s.j.e.a.AnnotationMBeanExporter
				-Located managed bean 'configurationPropertiesRebinder': registering with JMX server as MBean [org.springframework.cloud.context.properties:name=configurationPropertiesRebinder,context=4758820d,type=ConfigurationPropertiesRebinder]
2020-02-22 15:38:57.412 [main] INFO  o.s.c.s.DefaultLifecycleProcessor
				-Starting beans in phase 0
2020-02-22 15:38:57.416 [main] INFO  o.s.c.n.e.s.EurekaServiceRegistry
				-Registering application unknown with eureka with status UP
2020-02-22 15:38:57.438 [Thread-13] INFO  o.s.c.n.e.s.EurekaServerBootstrap
				-Setting the eureka configuration..
2020-02-22 15:38:57.447 [Thread-13] INFO  o.s.c.n.e.s.EurekaServerBootstrap
				-Eureka data center value eureka.datacenter is not set, defaulting to default
2020-02-22 15:38:57.448 [Thread-13] INFO  o.s.c.n.e.s.EurekaServerBootstrap
				-Eureka environment value eureka.environment is not set, defaulting to test
2020-02-22 15:38:57.464 [main] INFO  o.a.coyote.http11.Http11NioProtocol
				-Starting ProtocolHandler ["http-nio-8761"]
2020-02-22 15:38:57.499 [Thread-13] INFO  o.s.c.n.e.s.EurekaServerBootstrap
				-isAws returned false
2020-02-22 15:38:57.500 [Thread-13] INFO  o.s.c.n.e.s.EurekaServerBootstrap
				-Initialized server context
2020-02-22 15:38:57.505 [main] INFO  o.a.tomcat.util.net.NioSelectorPool
				-Using a shared selector for servlet write/read
2020-02-22 15:38:57.501 [Thread-13] INFO  c.n.e.r.PeerAwareInstanceRegistryImpl
				-Got 1 instances from neighboring DS node
2020-02-22 15:38:57.547 [Thread-13] INFO  c.n.e.r.PeerAwareInstanceRegistryImpl
				-Renew threshold is: 1
2020-02-22 15:38:57.554 [Thread-13] INFO  c.n.e.r.PeerAwareInstanceRegistryImpl
				-Changing status to UP
2020-02-22 15:38:57.622 [main] INFO  o.s.b.w.e.tomcat.TomcatWebServer
				-Tomcat started on port(s): 8761 (http) with context path ''
2020-02-22 15:38:57.635 [main] INFO  o.s.c.n.e.s.EurekaAutoServiceRegistration
				-Updating port to 8761
2020-02-22 15:38:57.642 [main] INFO  c.t.study.EurekaServerApplication
				-Started EurekaServerApplication in 42.028 seconds (JVM running for 47.147)
2020-02-22 15:38:57.642 [Thread-13] INFO  o.s.c.n.e.s.EurekaServerInitializerConfiguration
				-Started Eureka Server
2020-02-22 15:39:57.570 [Eureka-EvictionTimer] INFO  c.n.e.r.AbstractInstanceRegistry
				-Running the evict task with compensationTime 0ms
2020-02-22 15:40:57.574 [Eureka-EvictionTimer] INFO  c.n.e.r.AbstractInstanceRegistry
				-Running the evict task with compensationTime 4ms
2020-02-22 15:41:16.106 [http-nio-8761-exec-10] INFO  o.a.c.c.C.[Tomcat].[localhost].[/]
				-Initializing Spring FrameworkServlet 'dispatcherServlet'
2020-02-22 15:41:16.107 [http-nio-8761-exec-10] INFO  o.s.web.servlet.DispatcherServlet
				-FrameworkServlet 'dispatcherServlet': initialization started
2020-02-22 15:41:16.219 [http-nio-8761-exec-10] INFO  o.s.web.servlet.DispatcherServlet
				-FrameworkServlet 'dispatcherServlet': initialization completed in 112 ms
2020-02-22 15:41:57.587 [Eureka-EvictionTimer] INFO  c.n.e.r.AbstractInstanceRegistry
				-Running the evict task with compensationTime 9ms
2020-02-22 15:42:57.586 [Eureka-EvictionTimer] INFO  c.n.e.r.AbstractInstanceRegistry
				-Running the evict task with compensationTime 2ms
2020-02-22 15:43:57.587 [Eureka-EvictionTimer] INFO  c.n.e.r.AbstractInstanceRegistry
				-Running the evict task with compensationTime 0ms
2020-02-22 15:44:57.602 [Eureka-EvictionTimer] INFO  c.n.e.r.AbstractInstanceRegistry
				-Running the evict task with compensationTime 14ms
2020-02-22 15:45:57.607 [Eureka-EvictionTimer] INFO  c.n.e.r.AbstractInstanceRegistry
				-Running the evict task with compensationTime 5ms
2020-02-22 15:46:57.617 [Eureka-EvictionTimer] INFO  c.n.e.r.AbstractInstanceRegistry
				-Running the evict task with compensationTime 9ms
2020-02-22 15:47:57.631 [Eureka-EvictionTimer] INFO  c.n.e.r.AbstractInstanceRegistry
				-Running the evict task with compensationTime 14ms
2020-02-22 15:48:56.926 [Eureka-PeerNodesUpdater] WARN  c.n.eureka.cluster.PeerEurekaNodes
				-The replica size seems to be empty. Check the route 53 DNS Registry
2020-02-22 15:48:57.639 [Eureka-EvictionTimer] INFO  c.n.e.r.AbstractInstanceRegistry
				-Running the evict task with compensationTime 7ms
2020-02-22 15:49:57.641 [Eureka-EvictionTimer] INFO  c.n.e.r.AbstractInstanceRegistry
				-Running the evict task with compensationTime 2ms
2020-02-22 15:50:57.654 [Eureka-EvictionTimer] INFO  c.n.e.r.AbstractInstanceRegistry
				-Running the evict task with compensationTime 13ms
2020-02-22 15:51:38.962 [http-nio-8761-exec-7] INFO  c.n.e.r.AbstractInstanceRegistry
				-Registered instance FEIGN-PROVIDER/WIN-1LHEPA06T7I:feign-provider:8012 with status UP (replication=false)
2020-02-22 15:51:57.659 [Eureka-EvictionTimer] INFO  c.n.e.r.AbstractInstanceRegistry
				-Running the evict task with compensationTime 4ms
2020-02-22 15:52:43.777 [http-nio-8761-exec-1] INFO  c.n.e.r.AbstractInstanceRegistry
				-Registered instance FEIGN-CONSUMER/WIN-1LHEPA06T7I:feign-consumer:8011 with status UP (replication=false)
2020-02-22 15:52:57.671 [Eureka-EvictionTimer] INFO  c.n.e.r.AbstractInstanceRegistry
				-Running the evict task with compensationTime 11ms
2020-02-22 15:53:56.957 [ReplicaAwareInstanceRegistry - RenewalThresholdUpdater] INFO  c.n.e.r.PeerAwareInstanceRegistryImpl
				-Current renewal threshold is : 0
2020-02-22 15:53:57.674 [Eureka-EvictionTimer] INFO  c.n.e.r.AbstractInstanceRegistry
				-Running the evict task with compensationTime 3ms
2020-02-22 15:54:57.687 [Eureka-EvictionTimer] INFO  c.n.e.r.AbstractInstanceRegistry
				-Running the evict task with compensationTime 13ms
2020-02-22 15:55:57.703 [Eureka-EvictionTimer] INFO  c.n.e.r.AbstractInstanceRegistry
				-Running the evict task with compensationTime 15ms
2020-02-22 15:56:53.026 [http-nio-8761-exec-6] INFO  c.n.e.r.AbstractInstanceRegistry
				-Registered instance FEIGN-CONSUMER/WIN-1LHEPA06T7I:feign-consumer:8011 with status UP (replication=false)
2020-02-22 15:56:57.716 [Eureka-EvictionTimer] INFO  c.n.e.r.AbstractInstanceRegistry
				-Running the evict task with compensationTime 13ms
2020-02-22 15:57:57.744 [Eureka-EvictionTimer] INFO  c.n.e.r.AbstractInstanceRegistry
				-Running the evict task with compensationTime 27ms
2020-02-22 15:58:34.905 [http-nio-8761-exec-3] INFO  c.n.e.r.AbstractInstanceRegistry
				-Registered instance FEIGN-CONSUMER/WIN-1LHEPA06T7I:feign-consumer:8011 with status UP (replication=false)
2020-02-22 15:58:56.933 [Eureka-PeerNodesUpdater] WARN  c.n.eureka.cluster.PeerEurekaNodes
				-The replica size seems to be empty. Check the route 53 DNS Registry
2020-02-22 15:58:57.755 [Eureka-EvictionTimer] INFO  c.n.e.r.AbstractInstanceRegistry
				-Running the evict task with compensationTime 10ms
2020-02-22 15:59:57.762 [Eureka-EvictionTimer] INFO  c.n.e.r.AbstractInstanceRegistry
				-Running the evict task with compensationTime 7ms
2020-02-22 16:00:57.773 [Eureka-EvictionTimer] INFO  c.n.e.r.AbstractInstanceRegistry
				-Running the evict task with compensationTime 10ms
2020-02-22 16:00:57.774 [Eureka-EvictionTimer] INFO  c.n.e.r.AbstractInstanceRegistry
				-Evicting 1 items (expired=1, evictionLimit=1)
2020-02-22 16:00:57.774 [Eureka-EvictionTimer] WARN  c.n.e.r.AbstractInstanceRegistry
				-DS: Registry: expired lease for FEIGN-CONSUMER/WIN-1LHEPA06T7I:feign-consumer:8011
2020-02-22 16:00:57.813 [Eureka-EvictionTimer] INFO  c.n.e.r.AbstractInstanceRegistry
				-Cancelled instance FEIGN-CONSUMER/WIN-1LHEPA06T7I:feign-consumer:8011 (replication=false)
2020-02-22 16:01:18.226 [http-nio-8761-exec-9] INFO  c.n.e.r.AbstractInstanceRegistry
				-Registered instance FEIGN-CONSUMER/WIN-1LHEPA06T7I:feign-consumer:8011 with status UP (replication=false)
2020-02-22 16:01:57.781 [Eureka-EvictionTimer] INFO  c.n.e.r.AbstractInstanceRegistry
				-Running the evict task with compensationTime 7ms
2020-02-22 16:02:57.790 [Eureka-EvictionTimer] INFO  c.n.e.r.AbstractInstanceRegistry
				-Running the evict task with compensationTime 9ms
2020-02-22 16:03:57.801 [Eureka-EvictionTimer] INFO  c.n.e.r.AbstractInstanceRegistry
				-Running the evict task with compensationTime 11ms
2020-02-22 16:04:23.580 [http-nio-8761-exec-8] INFO  c.n.e.r.AbstractInstanceRegistry
				-Registered instance FEIGN-CONSUMER/WIN-1LHEPA06T7I:feign-consumer:8011 with status UP (replication=false)
2020-02-22 16:04:57.808 [Eureka-EvictionTimer] INFO  c.n.e.r.AbstractInstanceRegistry
				-Running the evict task with compensationTime 5ms
2020-02-22 16:05:57.809 [Eureka-EvictionTimer] INFO  c.n.e.r.AbstractInstanceRegistry
				-Running the evict task with compensationTime 2ms
2020-02-22 16:06:57.885 [Eureka-EvictionTimer] INFO  c.n.e.r.AbstractInstanceRegistry
				-Running the evict task with compensationTime 75ms
2020-02-22 16:07:00.803 [http-nio-8761-exec-7] INFO  c.n.e.r.AbstractInstanceRegistry
				-Registered instance FEIGN-CONSUMER/WIN-1LHEPA06T7I:feign-consumer:8011 with status DOWN (replication=false)
2020-02-22 16:07:00.827 [http-nio-8761-exec-4] INFO  c.n.e.r.AbstractInstanceRegistry
				-Cancelled instance FEIGN-CONSUMER/WIN-1LHEPA06T7I:feign-consumer:8011 (replication=false)
2020-02-22 16:07:52.612 [http-nio-8761-exec-2] INFO  c.n.e.r.AbstractInstanceRegistry
				-Registered instance FEIGN-PROVIDER/WIN-1LHEPA06T7I:feign-provider:8012 with status UP (replication=false)
2020-02-22 16:07:57.893 [Eureka-EvictionTimer] INFO  c.n.e.r.AbstractInstanceRegistry
				-Running the evict task with compensationTime 8ms
2020-02-22 16:08:03.449 [http-nio-8761-exec-10] INFO  c.n.e.r.AbstractInstanceRegistry
				-Registered instance FEIGN-CONSUMER/WIN-1LHEPA06T7I:feign-consumer:8011 with status UP (replication=false)
2020-02-22 16:08:56.937 [Eureka-PeerNodesUpdater] WARN  c.n.eureka.cluster.PeerEurekaNodes
				-The replica size seems to be empty. Check the route 53 DNS Registry
2020-02-22 16:08:56.969 [ReplicaAwareInstanceRegistry - RenewalThresholdUpdater] INFO  c.n.e.r.PeerAwareInstanceRegistryImpl
				-Current renewal threshold is : 0
2020-02-22 16:08:57.903 [Eureka-EvictionTimer] INFO  c.n.e.r.AbstractInstanceRegistry
				-Running the evict task with compensationTime 9ms
2020-02-22 16:09:57.911 [Eureka-EvictionTimer] INFO  c.n.e.r.AbstractInstanceRegistry
				-Running the evict task with compensationTime 8ms
2020-02-22 16:10:57.917 [Eureka-EvictionTimer] INFO  c.n.e.r.AbstractInstanceRegistry
				-Running the evict task with compensationTime 5ms
2020-02-22 16:11:23.311 [http-nio-8761-exec-10] INFO  c.n.e.r.AbstractInstanceRegistry
				-Registered instance FEIGN-CONSUMER/WIN-1LHEPA06T7I:feign-consumer:8011 with status DOWN (replication=false)
2020-02-22 16:11:23.321 [http-nio-8761-exec-9] INFO  c.n.e.r.AbstractInstanceRegistry
				-Cancelled instance FEIGN-CONSUMER/WIN-1LHEPA06T7I:feign-consumer:8011 (replication=false)
2020-02-22 16:23:02.505 [main] INFO  o.s.c.a.AnnotationConfigApplicationContext
				-Refreshing org.springframework.context.annotation.AnnotationConfigApplicationContext@16a0ee18: startup date [Sat Feb 22 16:23:02 CST 2020]; root of context hierarchy
2020-02-22 16:23:03.212 [main] INFO  o.s.b.f.a.AutowiredAnnotationBeanPostProcessor
				-JSR-330 'javax.inject.Inject' annotation found and supported for autowiring
2020-02-22 16:23:03.303 [main] INFO  o.s.c.s.PostProcessorRegistrationDelegate$BeanPostProcessorChecker
				-Bean 'configurationPropertiesRebinderAutoConfiguration' of type [org.springframework.cloud.autoconfigure.ConfigurationPropertiesRebinderAutoConfiguration$$EnhancerBySpringCGLIB$$f57d12d5] is not eligible for getting processed by all BeanPostProcessors (for example: not eligible for auto-proxying)
2020-02-22 16:23:06.481 [main] INFO  c.t.study.EurekaServerApplication
				-No active profile set, falling back to default profiles: default
2020-02-22 16:23:06.517 [main] INFO  o.s.b.w.s.c.AnnotationConfigServletWebServerApplicationContext
				-Refreshing org.springframework.boot.web.servlet.context.AnnotationConfigServletWebServerApplicationContext@2dc995f4: startup date [Sat Feb 22 16:23:06 CST 2020]; parent: org.springframework.context.annotation.AnnotationConfigApplicationContext@16a0ee18
2020-02-22 16:23:08.461 [main] INFO  o.s.cloud.context.scope.GenericScope
				-BeanFactory id=205bc84f-7aed-3aaf-84e1-07af8be6637c
2020-02-22 16:23:08.513 [main] INFO  o.s.b.f.a.AutowiredAnnotationBeanPostProcessor
				-JSR-330 'javax.inject.Inject' annotation found and supported for autowiring
2020-02-22 16:23:08.781 [main] INFO  o.s.c.s.PostProcessorRegistrationDelegate$BeanPostProcessorChecker
				-Bean 'org.springframework.cloud.autoconfigure.ConfigurationPropertiesRebinderAutoConfiguration' of type [org.springframework.cloud.autoconfigure.ConfigurationPropertiesRebinderAutoConfiguration$$EnhancerBySpringCGLIB$$f57d12d5] is not eligible for getting processed by all BeanPostProcessors (for example: not eligible for auto-proxying)
2020-02-22 16:23:11.412 [main] INFO  o.s.b.w.e.tomcat.TomcatWebServer
				-Tomcat initialized with port(s): 8761 (http)
2020-02-22 16:23:11.437 [main] INFO  o.a.coyote.http11.Http11NioProtocol
				-Initializing ProtocolHandler ["http-nio-8761"]
2020-02-22 16:23:11.454 [main] INFO  o.a.catalina.core.StandardService
				-Starting service [Tomcat]
2020-02-22 16:23:11.455 [main] INFO  o.a.catalina.core.StandardEngine
				-Starting Servlet Engine: Apache Tomcat/8.5.28
2020-02-22 16:23:11.467 [localhost-startStop-1] INFO  o.a.c.core.AprLifecycleListener
				-The APR based Apache Tomcat Native library which allows optimal performance in production environments was not found on the java.library.path: [C:\Program Files\Java\jdk1.8.0_192\bin;C:\WINDOWS\Sun\Java\bin;C:\WINDOWS\system32;C:\WINDOWS;C:\Program Files\JetBrains\IntelliJ IDEA Community Edition 2019.1.4\jre64\\bin;C:\Program Files\JetBrains\IntelliJ IDEA Community Edition 2019.1.4\jre64\\bin\server;C:\Program Files (x86)\Common Files\Oracle\Java\javapath;C:\WINDOWS\system32;C:\WINDOWS;C:\WINDOWS\System32\Wbem;C:\WINDOWS\System32\WindowsPowerShell\v1.0\;C:\WINDOWS\System32\OpenSSH\;C:\Program Files\Java\jdk1.8.0_192\bin;H:\soft\apache-ant-1.10.7-bin\apache-ant-1.10.7\bin;G:\apache-maven-3.6.3\bin;H:\soft\gradle\gradle-6.1.1-all\gradle-6.1.1\bin;D:\soft\Git\cmd;C:\Users\Administrator\AppData\Local\Microsoft\WindowsApps;C:\Program Files\Bandizip\;;.]
2020-02-22 16:23:12.016 [localhost-startStop-1] INFO  o.a.c.c.C.[Tomcat].[localhost].[/]
				-Initializing Spring embedded WebApplicationContext
2020-02-22 16:23:12.017 [localhost-startStop-1] INFO  o.s.web.context.ContextLoader
				-Root WebApplicationContext: initialization completed in 5500 ms
2020-02-22 16:23:12.811 [localhost-startStop-1] WARN  c.n.c.sources.URLConfigurationSource
				-No URLs will be polled as dynamic configuration sources.
2020-02-22 16:23:12.812 [localhost-startStop-1] INFO  c.n.c.sources.URLConfigurationSource
				-To enable URLs as dynamic configuration sources, define System property archaius.configurationSource.additionalUrls or make config.properties available on classpath.
2020-02-22 16:23:12.855 [localhost-startStop-1] INFO  c.n.config.DynamicPropertyFactory
				-DynamicPropertyFactory is initialized with configuration sources: com.netflix.config.ConcurrentCompositeConfiguration@12be37d2
2020-02-22 16:23:21.316 [localhost-startStop-1] INFO  o.s.b.w.s.FilterRegistrationBean
				-Mapping filter: 'characterEncodingFilter' to: [/*]
2020-02-22 16:23:21.317 [localhost-startStop-1] INFO  o.s.b.w.s.FilterRegistrationBean
				-Mapping filter: 'hiddenHttpMethodFilter' to: [/*]
2020-02-22 16:23:21.318 [localhost-startStop-1] INFO  o.s.b.w.s.FilterRegistrationBean
				-Mapping filter: 'httpPutFormContentFilter' to: [/*]
2020-02-22 16:23:21.318 [localhost-startStop-1] INFO  o.s.b.w.s.FilterRegistrationBean
				-Mapping filter: 'requestContextFilter' to: [/*]
2020-02-22 16:23:21.318 [localhost-startStop-1] INFO  o.s.b.w.s.FilterRegistrationBean
				-Mapping filter: 'httpTraceFilter' to: [/*]
2020-02-22 16:23:21.318 [localhost-startStop-1] INFO  o.s.b.w.s.FilterRegistrationBean
				-Mapping filter: 'webMvcMetricsFilter' to: [/*]
2020-02-22 16:23:21.318 [localhost-startStop-1] INFO  o.s.b.w.s.FilterRegistrationBean
				-Mapping filter: 'servletContainer' to urls: [/eureka/*]
2020-02-22 16:23:21.319 [localhost-startStop-1] INFO  o.s.b.w.s.ServletRegistrationBean
				-Servlet dispatcherServlet mapped to [/]
2020-02-22 16:23:21.511 [localhost-startStop-1] INFO  c.s.j.s.i.a.WebApplicationImpl
				-Initiating Jersey application, version 'Jersey: 1.19.1 03/11/2016 02:08 PM'
2020-02-22 16:23:21.699 [localhost-startStop-1] INFO  c.n.d.p.DiscoveryJerseyProvider
				-Using JSON encoding codec LegacyJacksonJson
2020-02-22 16:23:21.702 [localhost-startStop-1] INFO  c.n.d.p.DiscoveryJerseyProvider
				-Using JSON decoding codec LegacyJacksonJson
2020-02-22 16:23:21.998 [localhost-startStop-1] INFO  c.n.d.p.DiscoveryJerseyProvider
				-Using XML encoding codec XStreamXml
2020-02-22 16:23:21.998 [localhost-startStop-1] INFO  c.n.d.p.DiscoveryJerseyProvider
				-Using XML decoding codec XStreamXml
2020-02-22 16:23:23.095 [main] WARN  o.s.c.n.a.ArchaiusAutoConfiguration
				-No spring.application.name found, defaulting to 'application'
2020-02-22 16:23:23.097 [main] WARN  c.n.c.sources.URLConfigurationSource
				-No URLs will be polled as dynamic configuration sources.
2020-02-22 16:23:23.097 [main] INFO  c.n.c.sources.URLConfigurationSource
				-To enable URLs as dynamic configuration sources, define System property archaius.configurationSource.additionalUrls or make config.properties available on classpath.
2020-02-22 16:23:23.590 [main] INFO  o.s.w.s.m.m.a.RequestMappingHandlerAdapter
				-Looking for @ControllerAdvice: org.springframework.boot.web.servlet.context.AnnotationConfigServletWebServerApplicationContext@2dc995f4: startup date [Sat Feb 22 16:23:06 CST 2020]; parent: org.springframework.context.annotation.AnnotationConfigApplicationContext@16a0ee18
2020-02-22 16:23:23.770 [main] INFO  o.s.w.s.m.m.a.RequestMappingHandlerMapping
				-Mapped "{[/error]}" onto public org.springframework.http.ResponseEntity<java.util.Map<java.lang.String, java.lang.Object>> org.springframework.boot.autoconfigure.web.servlet.error.BasicErrorController.error(javax.servlet.http.HttpServletRequest)
2020-02-22 16:23:23.773 [main] INFO  o.s.w.s.m.m.a.RequestMappingHandlerMapping
				-Mapped "{[/error],produces=[text/html]}" onto public org.springframework.web.servlet.ModelAndView org.springframework.boot.autoconfigure.web.servlet.error.BasicErrorController.errorHtml(javax.servlet.http.HttpServletRequest,javax.servlet.http.HttpServletResponse)
2020-02-22 16:23:23.786 [main] INFO  o.s.w.s.m.m.a.RequestMappingHandlerMapping
				-Mapped "{[/],methods=[GET]}" onto public java.lang.String org.springframework.cloud.netflix.eureka.server.EurekaController.status(javax.servlet.http.HttpServletRequest,java.util.Map<java.lang.String, java.lang.Object>)
2020-02-22 16:23:23.788 [main] INFO  o.s.w.s.m.m.a.RequestMappingHandlerMapping
				-Mapped "{[/lastn],methods=[GET]}" onto public java.lang.String org.springframework.cloud.netflix.eureka.server.EurekaController.lastn(javax.servlet.http.HttpServletRequest,java.util.Map<java.lang.String, java.lang.Object>)
2020-02-22 16:23:23.915 [main] INFO  o.s.w.s.h.SimpleUrlHandlerMapping
				-Mapped URL path [/webjars/**] onto handler of type [class org.springframework.web.servlet.resource.ResourceHttpRequestHandler]
2020-02-22 16:23:23.916 [main] INFO  o.s.w.s.h.SimpleUrlHandlerMapping
				-Mapped URL path [/**] onto handler of type [class org.springframework.web.servlet.resource.ResourceHttpRequestHandler]
2020-02-22 16:23:24.019 [main] INFO  o.s.w.s.h.SimpleUrlHandlerMapping
				-Mapped URL path [/**/favicon.ico] onto handler of type [class org.springframework.web.servlet.resource.ResourceHttpRequestHandler]
2020-02-22 16:23:24.793 [main] INFO  o.s.u.f.SpringTemplateLoader
				-SpringTemplateLoader for FreeMarker: using resource loader [org.springframework.boot.web.servlet.context.AnnotationConfigServletWebServerApplicationContext@2dc995f4: startup date [Sat Feb 22 16:23:06 CST 2020]; parent: org.springframework.context.annotation.AnnotationConfigApplicationContext@16a0ee18] and template loader path [classpath:/templates/]
2020-02-22 16:23:24.795 [main] INFO  o.s.w.s.v.f.FreeMarkerConfigurer
				-ClassTemplateLoader for Spring macros added to FreeMarker configuration
2020-02-22 16:23:25.173 [main] INFO  o.s.c.n.eureka.InstanceInfoFactory
				-Setting initial instance status as: STARTING
2020-02-22 16:23:25.260 [main] INFO  c.netflix.discovery.DiscoveryClient
				-Initializing Eureka in region us-east-1
2020-02-22 16:23:25.260 [main] INFO  c.netflix.discovery.DiscoveryClient
				-Client configured to neither register nor query for data.
2020-02-22 16:23:25.286 [main] INFO  c.netflix.discovery.DiscoveryClient
				-Discovery Client initialized at timestamp 1582359805283 with initial instances count: 0
2020-02-22 16:23:25.453 [main] INFO  c.n.e.DefaultEurekaServerContext
				-Initializing ...
2020-02-22 16:23:25.457 [main] WARN  c.n.eureka.cluster.PeerEurekaNodes
				-The replica size seems to be empty. Check the route 53 DNS Registry
2020-02-22 16:23:25.504 [main] INFO  c.n.e.r.AbstractInstanceRegistry
				-Finished initializing remote region registries. All known remote regions: []
2020-02-22 16:23:25.506 [main] INFO  c.n.e.DefaultEurekaServerContext
				-Initialized
2020-02-22 16:23:25.571 [main] INFO  o.s.b.a.e.w.s.WebMvcEndpointHandlerMapping
				-Mapped "{[/actuator/health],methods=[GET],produces=[application/vnd.spring-boot.actuator.v2+json || application/json]}" onto public java.lang.Object org.springframework.boot.actuate.endpoint.web.servlet.AbstractWebMvcEndpointHandlerMapping$OperationHandler.handle(javax.servlet.http.HttpServletRequest,java.util.Map<java.lang.String, java.lang.String>)
2020-02-22 16:23:25.573 [main] INFO  o.s.b.a.e.w.s.WebMvcEndpointHandlerMapping
				-Mapped "{[/actuator/info],methods=[GET],produces=[application/vnd.spring-boot.actuator.v2+json || application/json]}" onto public java.lang.Object org.springframework.boot.actuate.endpoint.web.servlet.AbstractWebMvcEndpointHandlerMapping$OperationHandler.handle(javax.servlet.http.HttpServletRequest,java.util.Map<java.lang.String, java.lang.String>)
2020-02-22 16:23:25.576 [main] INFO  o.s.b.a.e.w.s.WebMvcEndpointHandlerMapping
				-Mapped "{[/actuator],methods=[GET],produces=[application/vnd.spring-boot.actuator.v2+json || application/json]}" onto protected java.util.Map<java.lang.String, java.util.Map<java.lang.String, org.springframework.boot.actuate.endpoint.web.Link>> org.springframework.boot.actuate.endpoint.web.servlet.WebMvcEndpointHandlerMapping.links(javax.servlet.http.HttpServletRequest,javax.servlet.http.HttpServletResponse)
2020-02-22 16:23:25.827 [main] INFO  o.s.j.e.a.AnnotationMBeanExporter
				-Registering beans for JMX exposure on startup
2020-02-22 16:23:25.843 [main] INFO  o.s.j.e.a.AnnotationMBeanExporter
				-Bean with name 'environmentManager' has been autodetected for JMX exposure
2020-02-22 16:23:25.844 [main] INFO  o.s.j.e.a.AnnotationMBeanExporter
				-Bean with name 'refreshScope' has been autodetected for JMX exposure
2020-02-22 16:23:25.847 [main] INFO  o.s.j.e.a.AnnotationMBeanExporter
				-Bean with name 'configurationPropertiesRebinder' has been autodetected for JMX exposure
2020-02-22 16:23:25.852 [main] INFO  o.s.j.e.a.AnnotationMBeanExporter
				-Located managed bean 'environmentManager': registering with JMX server as MBean [org.springframework.cloud.context.environment:name=environmentManager,type=EnvironmentManager]
2020-02-22 16:23:25.868 [main] INFO  o.s.j.e.a.AnnotationMBeanExporter
				-Located managed bean 'refreshScope': registering with JMX server as MBean [org.springframework.cloud.context.scope.refresh:name=refreshScope,type=RefreshScope]
2020-02-22 16:23:25.894 [main] INFO  o.s.j.e.a.AnnotationMBeanExporter
				-Located managed bean 'configurationPropertiesRebinder': registering with JMX server as MBean [org.springframework.cloud.context.properties:name=configurationPropertiesRebinder,context=2dc995f4,type=ConfigurationPropertiesRebinder]
2020-02-22 16:23:25.914 [main] INFO  o.s.c.s.DefaultLifecycleProcessor
				-Starting beans in phase 0
2020-02-22 16:23:25.915 [main] INFO  o.s.c.n.e.s.EurekaServiceRegistry
				-Registering application unknown with eureka with status UP
2020-02-22 16:23:25.924 [Thread-13] INFO  o.s.c.n.e.s.EurekaServerBootstrap
				-Setting the eureka configuration..
2020-02-22 16:23:25.926 [Thread-13] INFO  o.s.c.n.e.s.EurekaServerBootstrap
				-Eureka data center value eureka.datacenter is not set, defaulting to default
2020-02-22 16:23:25.927 [Thread-13] INFO  o.s.c.n.e.s.EurekaServerBootstrap
				-Eureka environment value eureka.environment is not set, defaulting to test
2020-02-22 16:23:25.964 [Thread-13] INFO  o.s.c.n.e.s.EurekaServerBootstrap
				-isAws returned false
2020-02-22 16:23:25.965 [Thread-13] INFO  o.s.c.n.e.s.EurekaServerBootstrap
				-Initialized server context
2020-02-22 16:23:25.965 [Thread-13] INFO  c.n.e.r.PeerAwareInstanceRegistryImpl
				-Got 1 instances from neighboring DS node
2020-02-22 16:23:25.966 [Thread-13] INFO  c.n.e.r.PeerAwareInstanceRegistryImpl
				-Renew threshold is: 1
2020-02-22 16:23:25.968 [main] INFO  o.a.coyote.http11.Http11NioProtocol
				-Starting ProtocolHandler ["http-nio-8761"]
2020-02-22 16:23:25.974 [Thread-13] INFO  c.n.e.r.PeerAwareInstanceRegistryImpl
				-Changing status to UP
2020-02-22 16:23:25.999 [Thread-13] INFO  o.s.c.n.e.s.EurekaServerInitializerConfiguration
				-Started Eureka Server
2020-02-22 16:23:26.011 [main] INFO  o.a.tomcat.util.net.NioSelectorPool
				-Using a shared selector for servlet write/read
2020-02-22 16:23:26.053 [main] INFO  o.s.b.w.e.tomcat.TomcatWebServer
				-Tomcat started on port(s): 8761 (http) with context path ''
2020-02-22 16:23:26.060 [main] INFO  o.s.c.n.e.s.EurekaAutoServiceRegistration
				-Updating port to 8761
2020-02-22 16:23:26.069 [main] INFO  c.t.study.EurekaServerApplication
				-Started EurekaServerApplication in 31.072 seconds (JVM running for 34.462)
2020-02-22 16:24:25.990 [Eureka-EvictionTimer] INFO  c.n.e.r.AbstractInstanceRegistry
				-Running the evict task with compensationTime 0ms
2020-02-22 16:25:24.335 [http-nio-8761-exec-1] INFO  o.a.c.c.C.[Tomcat].[localhost].[/]
				-Initializing Spring FrameworkServlet 'dispatcherServlet'
2020-02-22 16:25:24.336 [http-nio-8761-exec-1] INFO  o.s.web.servlet.DispatcherServlet
				-FrameworkServlet 'dispatcherServlet': initialization started
2020-02-22 16:25:24.528 [http-nio-8761-exec-1] INFO  o.s.web.servlet.DispatcherServlet
				-FrameworkServlet 'dispatcherServlet': initialization completed in 192 ms
2020-02-22 16:25:25.681 [http-nio-8761-exec-2] INFO  c.n.e.r.AbstractInstanceRegistry
				-Registered instance FEIGN-PROVIDER/WIN-1LHEPA06T7I:feign-provider:8012 with status UP (replication=false)
2020-02-22 16:25:26.039 [Eureka-EvictionTimer] INFO  c.n.e.r.AbstractInstanceRegistry
				-Running the evict task with compensationTime 48ms
2020-02-22 16:26:00.327 [http-nio-8761-exec-6] INFO  c.n.e.r.AbstractInstanceRegistry
				-Registered instance FEIGN-CONSUMER/WIN-1LHEPA06T7I:feign-consumer:8011 with status UP (replication=false)
2020-02-22 16:26:26.040 [Eureka-EvictionTimer] INFO  c.n.e.r.AbstractInstanceRegistry
				-Running the evict task with compensationTime 1ms
2020-02-22 16:27:26.047 [Eureka-EvictionTimer] INFO  c.n.e.r.AbstractInstanceRegistry
				-Running the evict task with compensationTime 7ms
2020-02-22 16:28:26.048 [Eureka-EvictionTimer] INFO  c.n.e.r.AbstractInstanceRegistry
				-Running the evict task with compensationTime 0ms
2020-02-22 16:29:26.063 [Eureka-EvictionTimer] INFO  c.n.e.r.AbstractInstanceRegistry
				-Running the evict task with compensationTime 14ms
2020-02-22 16:30:26.077 [Eureka-EvictionTimer] INFO  c.n.e.r.AbstractInstanceRegistry
				-Running the evict task with compensationTime 14ms
2020-02-22 16:31:26.085 [Eureka-EvictionTimer] INFO  c.n.e.r.AbstractInstanceRegistry
				-Running the evict task with compensationTime 7ms
2020-02-22 16:32:26.099 [Eureka-EvictionTimer] INFO  c.n.e.r.AbstractInstanceRegistry
				-Running the evict task with compensationTime 14ms
2020-02-22 16:33:25.467 [Eureka-PeerNodesUpdater] WARN  c.n.eureka.cluster.PeerEurekaNodes
				-The replica size seems to be empty. Check the route 53 DNS Registry
2020-02-22 16:33:26.108 [Eureka-EvictionTimer] INFO  c.n.e.r.AbstractInstanceRegistry
				-Running the evict task with compensationTime 8ms
2020-02-22 16:34:26.117 [Eureka-EvictionTimer] INFO  c.n.e.r.AbstractInstanceRegistry
				-Running the evict task with compensationTime 9ms
2020-02-22 16:35:26.133 [Eureka-EvictionTimer] INFO  c.n.e.r.AbstractInstanceRegistry
				-Running the evict task with compensationTime 15ms
2020-02-22 16:35:41.144 [http-nio-8761-exec-8] INFO  c.n.e.r.AbstractInstanceRegistry
				-Registered instance FEIGN-CONSUMER/WIN-1LHEPA06T7I:feign-consumer:8011 with status DOWN (replication=false)
2020-02-22 16:35:41.169 [http-nio-8761-exec-9] INFO  c.n.e.r.AbstractInstanceRegistry
				-Cancelled instance FEIGN-CONSUMER/WIN-1LHEPA06T7I:feign-consumer:8011 (replication=false)
2020-02-22 16:36:26.137 [Eureka-EvictionTimer] INFO  c.n.e.r.AbstractInstanceRegistry
				-Running the evict task with compensationTime 4ms
2020-02-22 16:36:42.293 [http-nio-8761-exec-6] INFO  c.n.e.r.AbstractInstanceRegistry
				-Registered instance FEIGN-CONSUMER/WIN-1LHEPA06T7I:feign-consumer:8011 with status UP (replication=false)
2020-02-22 16:37:26.139 [Eureka-EvictionTimer] INFO  c.n.e.r.AbstractInstanceRegistry
				-Running the evict task with compensationTime 1ms
2020-02-22 16:37:48.927 [http-nio-8761-exec-5] INFO  c.n.e.r.AbstractInstanceRegistry
				-Registered instance FEIGN-CONSUMER/WIN-1LHEPA06T7I:feign-consumer:8011 with status DOWN (replication=false)
2020-02-22 16:37:48.950 [http-nio-8761-exec-6] INFO  c.n.e.r.AbstractInstanceRegistry
				-Cancelled instance FEIGN-CONSUMER/WIN-1LHEPA06T7I:feign-consumer:8011 (replication=false)
2020-02-22 16:38:25.504 [ReplicaAwareInstanceRegistry - RenewalThresholdUpdater] INFO  c.n.e.r.PeerAwareInstanceRegistryImpl
				-Current renewal threshold is : 0
2020-02-22 16:38:26.147 [Eureka-EvictionTimer] INFO  c.n.e.r.AbstractInstanceRegistry
				-Running the evict task with compensationTime 8ms
2020-02-22 16:38:35.269 [http-nio-8761-exec-4] INFO  c.n.e.r.AbstractInstanceRegistry
				-Registered instance FEIGN-CONSUMER/WIN-1LHEPA06T7I:feign-consumer:8011 with status UP (replication=false)
2020-02-22 16:39:26.152 [Eureka-EvictionTimer] INFO  c.n.e.r.AbstractInstanceRegistry
				-Running the evict task with compensationTime 5ms
2020-02-22 16:40:26.167 [Eureka-EvictionTimer] INFO  c.n.e.r.AbstractInstanceRegistry
				-Running the evict task with compensationTime 13ms
2020-02-22 16:41:26.171 [Eureka-EvictionTimer] INFO  c.n.e.r.AbstractInstanceRegistry
				-Running the evict task with compensationTime 4ms
2020-02-22 16:42:26.180 [Eureka-EvictionTimer] INFO  c.n.e.r.AbstractInstanceRegistry
				-Running the evict task with compensationTime 8ms
2020-02-22 16:43:25.472 [Eureka-PeerNodesUpdater] WARN  c.n.eureka.cluster.PeerEurekaNodes
				-The replica size seems to be empty. Check the route 53 DNS Registry
2020-02-22 16:43:26.186 [Eureka-EvictionTimer] INFO  c.n.e.r.AbstractInstanceRegistry
				-Running the evict task with compensationTime 6ms
2020-02-22 16:44:26.191 [Eureka-EvictionTimer] INFO  c.n.e.r.AbstractInstanceRegistry
				-Running the evict task with compensationTime 5ms
2020-02-22 16:45:26.202 [Eureka-EvictionTimer] INFO  c.n.e.r.AbstractInstanceRegistry
				-Running the evict task with compensationTime 11ms
2020-02-22 16:45:40.351 [http-nio-8761-exec-2] INFO  c.n.e.r.AbstractInstanceRegistry
				-Registered instance FEIGN-CONSUMER/WIN-1LHEPA06T7I:feign-consumer:8011 with status DOWN (replication=false)
2020-02-22 16:45:42.792 [http-nio-8761-exec-3] INFO  c.n.e.r.AbstractInstanceRegistry
				-Cancelled instance FEIGN-CONSUMER/WIN-1LHEPA06T7I:feign-consumer:8011 (replication=false)
2020-02-22 16:46:26.260 [Eureka-EvictionTimer] INFO  c.n.e.r.AbstractInstanceRegistry
				-Running the evict task with compensationTime 57ms
2020-02-22 16:46:35.223 [http-nio-8761-exec-6] INFO  c.n.e.r.AbstractInstanceRegistry
				-Registered instance FEIGN-PROVIDER/WIN-1LHEPA06T7I:feign-provider:8012 with status UP (replication=false)
2020-02-22 16:47:26.272 [Eureka-EvictionTimer] INFO  c.n.e.r.AbstractInstanceRegistry
				-Running the evict task with compensationTime 12ms
2020-02-22 16:48:26.283 [Eureka-EvictionTimer] INFO  c.n.e.r.AbstractInstanceRegistry
				-Running the evict task with compensationTime 11ms
2020-02-22 16:49:26.291 [Eureka-EvictionTimer] INFO  c.n.e.r.AbstractInstanceRegistry
				-Running the evict task with compensationTime 7ms
2020-02-22 16:50:26.306 [Eureka-EvictionTimer] INFO  c.n.e.r.AbstractInstanceRegistry
				-Running the evict task with compensationTime 14ms
2020-02-22 16:51:26.321 [Eureka-EvictionTimer] INFO  c.n.e.r.AbstractInstanceRegistry
				-Running the evict task with compensationTime 16ms
2020-02-22 16:51:26.485 [http-nio-8761-exec-6] INFO  c.n.e.r.AbstractInstanceRegistry
				-Registered instance FEIGN-CONSUMER/WIN-1LHEPA06T7I:feign-consumer:8011 with status UP (replication=false)
2020-02-22 16:52:26.328 [Eureka-EvictionTimer] INFO  c.n.e.r.AbstractInstanceRegistry
				-Running the evict task with compensationTime 6ms
2020-02-22 16:53:25.477 [Eureka-PeerNodesUpdater] WARN  c.n.eureka.cluster.PeerEurekaNodes
				-The replica size seems to be empty. Check the route 53 DNS Registry
2020-02-22 16:53:25.507 [ReplicaAwareInstanceRegistry - RenewalThresholdUpdater] INFO  c.n.e.r.PeerAwareInstanceRegistryImpl
				-Current renewal threshold is : 0
2020-02-22 16:53:26.329 [Eureka-EvictionTimer] INFO  c.n.e.r.AbstractInstanceRegistry
				-Running the evict task with compensationTime 0ms
2020-02-22 16:53:53.030 [http-nio-8761-exec-8] INFO  c.n.e.r.AbstractInstanceRegistry
				-Registered instance FEIGN-CONSUMER/WIN-1LHEPA06T7I:feign-consumer:8011 with status DOWN (replication=false)
2020-02-22 16:53:53.039 [http-nio-8761-exec-6] INFO  c.n.e.r.AbstractInstanceRegistry
				-Cancelled instance FEIGN-CONSUMER/WIN-1LHEPA06T7I:feign-consumer:8011 (replication=false)
2020-02-22 16:53:54.478 [http-nio-8761-exec-9] INFO  c.n.e.r.AbstractInstanceRegistry
				-Registered instance FEIGN-PROVIDER/WIN-1LHEPA06T7I:feign-provider:8012 with status DOWN (replication=false)
2020-02-22 16:53:54.505 [http-nio-8761-exec-1] INFO  c.n.e.r.AbstractInstanceRegistry
				-Cancelled instance FEIGN-PROVIDER/WIN-1LHEPA06T7I:feign-provider:8012 (replication=false)
2020-02-22 16:54:26.338 [Eureka-EvictionTimer] INFO  c.n.e.r.AbstractInstanceRegistry
				-Running the evict task with compensationTime 9ms
2020-02-22 16:55:19.791 [http-nio-8761-exec-5] INFO  c.n.e.r.AbstractInstanceRegistry
				-Registered instance FEIGN-PROVIDER/WIN-1LHEPA06T7I:feign-provider:8012 with status UP (replication=false)
2020-02-22 16:55:26.346 [Eureka-EvictionTimer] INFO  c.n.e.r.AbstractInstanceRegistry
				-Running the evict task with compensationTime 7ms
2020-02-22 16:56:26.379 [Eureka-EvictionTimer] INFO  c.n.e.r.AbstractInstanceRegistry
				-Running the evict task with compensationTime 33ms
2020-02-22 16:57:11.535 [http-nio-8761-exec-4] INFO  c.n.e.r.AbstractInstanceRegistry
				-Registered instance FEIGN-CONSUMER/WIN-1LHEPA06T7I:feign-consumer:8011 with status UP (replication=false)
2020-02-22 16:57:26.392 [Eureka-EvictionTimer] INFO  c.n.e.r.AbstractInstanceRegistry
				-Running the evict task with compensationTime 12ms
2020-02-22 16:58:26.393 [Eureka-EvictionTimer] INFO  c.n.e.r.AbstractInstanceRegistry
				-Running the evict task with compensationTime 0ms
2020-02-22 16:59:26.397 [Eureka-EvictionTimer] INFO  c.n.e.r.AbstractInstanceRegistry
				-Running the evict task with compensationTime 3ms
2020-02-22 17:00:16.389 [http-nio-8761-exec-10] INFO  c.n.e.r.AbstractInstanceRegistry
				-Registered instance FEIGN-CONSUMER/WIN-1LHEPA06T7I:feign-consumer:8011 with status DOWN (replication=false)
2020-02-22 17:00:16.436 [http-nio-8761-exec-9] INFO  c.n.e.r.AbstractInstanceRegistry
				-Cancelled instance FEIGN-CONSUMER/WIN-1LHEPA06T7I:feign-consumer:8011 (replication=false)
2020-02-22 17:00:16.756 [http-nio-8761-exec-2] INFO  c.n.e.r.AbstractInstanceRegistry
				-Registered instance FEIGN-PROVIDER/WIN-1LHEPA06T7I:feign-provider:8012 with status DOWN (replication=false)
2020-02-22 17:00:16.777 [http-nio-8761-exec-3] INFO  c.n.e.r.AbstractInstanceRegistry
				-Cancelled instance FEIGN-PROVIDER/WIN-1LHEPA06T7I:feign-provider:8012 (replication=false)
2020-02-22 17:31:53.550 [main] INFO  o.s.c.a.AnnotationConfigApplicationContext
				-Refreshing org.springframework.context.annotation.AnnotationConfigApplicationContext@614ca7df: startup date [Sat Feb 22 17:31:53 CST 2020]; root of context hierarchy
2020-02-22 17:31:54.138 [main] INFO  o.s.b.f.a.AutowiredAnnotationBeanPostProcessor
				-JSR-330 'javax.inject.Inject' annotation found and supported for autowiring
2020-02-22 17:31:54.258 [main] INFO  o.s.c.s.PostProcessorRegistrationDelegate$BeanPostProcessorChecker
				-Bean 'configurationPropertiesRebinderAutoConfiguration' of type [org.springframework.cloud.autoconfigure.ConfigurationPropertiesRebinderAutoConfiguration$$EnhancerBySpringCGLIB$$11c54732] is not eligible for getting processed by all BeanPostProcessors (for example: not eligible for auto-proxying)
2020-02-22 17:31:57.295 [main] INFO  c.t.study.EurekaServerApplication
				-No active profile set, falling back to default profiles: default
2020-02-22 17:31:57.326 [main] INFO  o.s.b.w.s.c.AnnotationConfigServletWebServerApplicationContext
				-Refreshing org.springframework.boot.web.servlet.context.AnnotationConfigServletWebServerApplicationContext@75f95314: startup date [Sat Feb 22 17:31:57 CST 2020]; parent: org.springframework.context.annotation.AnnotationConfigApplicationContext@614ca7df
2020-02-22 17:31:59.728 [main] INFO  o.s.cloud.context.scope.GenericScope
				-BeanFactory id=205bc84f-7aed-3aaf-84e1-07af8be6637c
2020-02-22 17:31:59.777 [main] INFO  o.s.b.f.a.AutowiredAnnotationBeanPostProcessor
				-JSR-330 'javax.inject.Inject' annotation found and supported for autowiring
2020-02-22 17:32:00.172 [main] INFO  o.s.c.s.PostProcessorRegistrationDelegate$BeanPostProcessorChecker
				-Bean 'org.springframework.cloud.autoconfigure.ConfigurationPropertiesRebinderAutoConfiguration' of type [org.springframework.cloud.autoconfigure.ConfigurationPropertiesRebinderAutoConfiguration$$EnhancerBySpringCGLIB$$11c54732] is not eligible for getting processed by all BeanPostProcessors (for example: not eligible for auto-proxying)
2020-02-22 17:32:02.871 [main] INFO  o.s.b.w.e.tomcat.TomcatWebServer
				-Tomcat initialized with port(s): 8761 (http)
2020-02-22 17:32:02.895 [main] INFO  o.a.coyote.http11.Http11NioProtocol
				-Initializing ProtocolHandler ["http-nio-8761"]
2020-02-22 17:32:02.914 [main] INFO  o.a.catalina.core.StandardService
				-Starting service [Tomcat]
2020-02-22 17:32:02.915 [main] INFO  o.a.catalina.core.StandardEngine
				-Starting Servlet Engine: Apache Tomcat/8.5.28
2020-02-22 17:32:02.930 [localhost-startStop-1] INFO  o.a.c.core.AprLifecycleListener
				-The APR based Apache Tomcat Native library which allows optimal performance in production environments was not found on the java.library.path: [C:\Program Files\Java\jdk1.8.0_192\bin;C:\WINDOWS\Sun\Java\bin;C:\WINDOWS\system32;C:\WINDOWS;C:\Program Files\JetBrains\IntelliJ IDEA Community Edition 2019.1.4\jre64\\bin;C:\Program Files\JetBrains\IntelliJ IDEA Community Edition 2019.1.4\jre64\\bin\server;C:\Program Files (x86)\Common Files\Oracle\Java\javapath;C:\WINDOWS\system32;C:\WINDOWS;C:\WINDOWS\System32\Wbem;C:\WINDOWS\System32\WindowsPowerShell\v1.0\;C:\WINDOWS\System32\OpenSSH\;C:\Program Files\Java\jdk1.8.0_192\bin;H:\soft\apache-ant-1.10.7-bin\apache-ant-1.10.7\bin;G:\apache-maven-3.6.3\bin;H:\soft\gradle\gradle-6.1.1-all\gradle-6.1.1\bin;D:\soft\Git\cmd;C:\Users\Administrator\AppData\Local\Microsoft\WindowsApps;C:\Program Files\Bandizip\;;.]
2020-02-22 17:32:03.491 [localhost-startStop-1] INFO  o.a.c.c.C.[Tomcat].[localhost].[/]
				-Initializing Spring embedded WebApplicationContext
2020-02-22 17:32:03.492 [localhost-startStop-1] INFO  o.s.web.context.ContextLoader
				-Root WebApplicationContext: initialization completed in 6166 ms
2020-02-22 17:32:04.146 [localhost-startStop-1] WARN  c.n.c.sources.URLConfigurationSource
				-No URLs will be polled as dynamic configuration sources.
2020-02-22 17:32:04.146 [localhost-startStop-1] INFO  c.n.c.sources.URLConfigurationSource
				-To enable URLs as dynamic configuration sources, define System property archaius.configurationSource.additionalUrls or make config.properties available on classpath.
2020-02-22 17:32:04.170 [localhost-startStop-1] INFO  c.n.config.DynamicPropertyFactory
				-DynamicPropertyFactory is initialized with configuration sources: com.netflix.config.ConcurrentCompositeConfiguration@6a2acd23
2020-02-22 17:32:12.530 [localhost-startStop-1] INFO  o.s.b.w.s.FilterRegistrationBean
				-Mapping filter: 'characterEncodingFilter' to: [/*]
2020-02-22 17:32:12.531 [localhost-startStop-1] INFO  o.s.b.w.s.FilterRegistrationBean
				-Mapping filter: 'hiddenHttpMethodFilter' to: [/*]
2020-02-22 17:32:12.534 [localhost-startStop-1] INFO  o.s.b.w.s.FilterRegistrationBean
				-Mapping filter: 'httpPutFormContentFilter' to: [/*]
2020-02-22 17:32:12.534 [localhost-startStop-1] INFO  o.s.b.w.s.FilterRegistrationBean
				-Mapping filter: 'requestContextFilter' to: [/*]
2020-02-22 17:32:12.534 [localhost-startStop-1] INFO  o.s.b.w.s.FilterRegistrationBean
				-Mapping filter: 'httpTraceFilter' to: [/*]
2020-02-22 17:32:12.534 [localhost-startStop-1] INFO  o.s.b.w.s.FilterRegistrationBean
				-Mapping filter: 'webMvcMetricsFilter' to: [/*]
2020-02-22 17:32:12.534 [localhost-startStop-1] INFO  o.s.b.w.s.FilterRegistrationBean
				-Mapping filter: 'servletContainer' to urls: [/eureka/*]
2020-02-22 17:32:12.535 [localhost-startStop-1] INFO  o.s.b.w.s.ServletRegistrationBean
				-Servlet dispatcherServlet mapped to [/]
2020-02-22 17:32:12.875 [localhost-startStop-1] INFO  c.s.j.s.i.a.WebApplicationImpl
				-Initiating Jersey application, version 'Jersey: 1.19.1 03/11/2016 02:08 PM'
2020-02-22 17:32:13.053 [localhost-startStop-1] INFO  c.n.d.p.DiscoveryJerseyProvider
				-Using JSON encoding codec LegacyJacksonJson
2020-02-22 17:32:13.055 [localhost-startStop-1] INFO  c.n.d.p.DiscoveryJerseyProvider
				-Using JSON decoding codec LegacyJacksonJson
2020-02-22 17:32:13.389 [localhost-startStop-1] INFO  c.n.d.p.DiscoveryJerseyProvider
				-Using XML encoding codec XStreamXml
2020-02-22 17:32:13.390 [localhost-startStop-1] INFO  c.n.d.p.DiscoveryJerseyProvider
				-Using XML decoding codec XStreamXml
2020-02-22 17:32:14.298 [main] WARN  o.s.c.n.a.ArchaiusAutoConfiguration
				-No spring.application.name found, defaulting to 'application'
2020-02-22 17:32:14.299 [main] WARN  c.n.c.sources.URLConfigurationSource
				-No URLs will be polled as dynamic configuration sources.
2020-02-22 17:32:14.300 [main] INFO  c.n.c.sources.URLConfigurationSource
				-To enable URLs as dynamic configuration sources, define System property archaius.configurationSource.additionalUrls or make config.properties available on classpath.
2020-02-22 17:32:14.809 [main] INFO  o.s.w.s.m.m.a.RequestMappingHandlerAdapter
				-Looking for @ControllerAdvice: org.springframework.boot.web.servlet.context.AnnotationConfigServletWebServerApplicationContext@75f95314: startup date [Sat Feb 22 17:31:57 CST 2020]; parent: org.springframework.context.annotation.AnnotationConfigApplicationContext@614ca7df
2020-02-22 17:32:14.981 [main] INFO  o.s.w.s.m.m.a.RequestMappingHandlerMapping
				-Mapped "{[/error]}" onto public org.springframework.http.ResponseEntity<java.util.Map<java.lang.String, java.lang.Object>> org.springframework.boot.autoconfigure.web.servlet.error.BasicErrorController.error(javax.servlet.http.HttpServletRequest)
2020-02-22 17:32:14.985 [main] INFO  o.s.w.s.m.m.a.RequestMappingHandlerMapping
				-Mapped "{[/error],produces=[text/html]}" onto public org.springframework.web.servlet.ModelAndView org.springframework.boot.autoconfigure.web.servlet.error.BasicErrorController.errorHtml(javax.servlet.http.HttpServletRequest,javax.servlet.http.HttpServletResponse)
2020-02-22 17:32:14.999 [main] INFO  o.s.w.s.m.m.a.RequestMappingHandlerMapping
				-Mapped "{[/],methods=[GET]}" onto public java.lang.String org.springframework.cloud.netflix.eureka.server.EurekaController.status(javax.servlet.http.HttpServletRequest,java.util.Map<java.lang.String, java.lang.Object>)
2020-02-22 17:32:15.000 [main] INFO  o.s.w.s.m.m.a.RequestMappingHandlerMapping
				-Mapped "{[/lastn],methods=[GET]}" onto public java.lang.String org.springframework.cloud.netflix.eureka.server.EurekaController.lastn(javax.servlet.http.HttpServletRequest,java.util.Map<java.lang.String, java.lang.Object>)
2020-02-22 17:32:15.128 [main] INFO  o.s.w.s.h.SimpleUrlHandlerMapping
				-Mapped URL path [/webjars/**] onto handler of type [class org.springframework.web.servlet.resource.ResourceHttpRequestHandler]
2020-02-22 17:32:15.129 [main] INFO  o.s.w.s.h.SimpleUrlHandlerMapping
				-Mapped URL path [/**] onto handler of type [class org.springframework.web.servlet.resource.ResourceHttpRequestHandler]
2020-02-22 17:32:15.231 [main] INFO  o.s.w.s.h.SimpleUrlHandlerMapping
				-Mapped URL path [/**/favicon.ico] onto handler of type [class org.springframework.web.servlet.resource.ResourceHttpRequestHandler]
2020-02-22 17:32:16.099 [main] INFO  o.s.u.f.SpringTemplateLoader
				-SpringTemplateLoader for FreeMarker: using resource loader [org.springframework.boot.web.servlet.context.AnnotationConfigServletWebServerApplicationContext@75f95314: startup date [Sat Feb 22 17:31:57 CST 2020]; parent: org.springframework.context.annotation.AnnotationConfigApplicationContext@614ca7df] and template loader path [classpath:/templates/]
2020-02-22 17:32:16.102 [main] INFO  o.s.w.s.v.f.FreeMarkerConfigurer
				-ClassTemplateLoader for Spring macros added to FreeMarker configuration
2020-02-22 17:32:16.459 [main] INFO  o.s.c.n.eureka.InstanceInfoFactory
				-Setting initial instance status as: STARTING
2020-02-22 17:32:16.533 [main] INFO  c.netflix.discovery.DiscoveryClient
				-Initializing Eureka in region us-east-1
2020-02-22 17:32:16.534 [main] INFO  c.netflix.discovery.DiscoveryClient
				-Client configured to neither register nor query for data.
2020-02-22 17:32:16.556 [main] INFO  c.netflix.discovery.DiscoveryClient
				-Discovery Client initialized at timestamp 1582363936554 with initial instances count: 0
2020-02-22 17:32:16.649 [main] INFO  c.n.e.DefaultEurekaServerContext
				-Initializing ...
2020-02-22 17:32:16.653 [main] WARN  c.n.eureka.cluster.PeerEurekaNodes
				-The replica size seems to be empty. Check the route 53 DNS Registry
2020-02-22 17:32:16.721 [main] INFO  c.n.e.r.AbstractInstanceRegistry
				-Finished initializing remote region registries. All known remote regions: []
2020-02-22 17:32:16.725 [main] INFO  c.n.e.DefaultEurekaServerContext
				-Initialized
2020-02-22 17:32:16.815 [main] INFO  o.s.b.a.e.w.s.WebMvcEndpointHandlerMapping
				-Mapped "{[/actuator/health],methods=[GET],produces=[application/vnd.spring-boot.actuator.v2+json || application/json]}" onto public java.lang.Object org.springframework.boot.actuate.endpoint.web.servlet.AbstractWebMvcEndpointHandlerMapping$OperationHandler.handle(javax.servlet.http.HttpServletRequest,java.util.Map<java.lang.String, java.lang.String>)
2020-02-22 17:32:16.816 [main] INFO  o.s.b.a.e.w.s.WebMvcEndpointHandlerMapping
				-Mapped "{[/actuator/info],methods=[GET],produces=[application/vnd.spring-boot.actuator.v2+json || application/json]}" onto public java.lang.Object org.springframework.boot.actuate.endpoint.web.servlet.AbstractWebMvcEndpointHandlerMapping$OperationHandler.handle(javax.servlet.http.HttpServletRequest,java.util.Map<java.lang.String, java.lang.String>)
2020-02-22 17:32:16.818 [main] INFO  o.s.b.a.e.w.s.WebMvcEndpointHandlerMapping
				-Mapped "{[/actuator],methods=[GET],produces=[application/vnd.spring-boot.actuator.v2+json || application/json]}" onto protected java.util.Map<java.lang.String, java.util.Map<java.lang.String, org.springframework.boot.actuate.endpoint.web.Link>> org.springframework.boot.actuate.endpoint.web.servlet.WebMvcEndpointHandlerMapping.links(javax.servlet.http.HttpServletRequest,javax.servlet.http.HttpServletResponse)
2020-02-22 17:32:17.105 [main] INFO  o.s.j.e.a.AnnotationMBeanExporter
				-Registering beans for JMX exposure on startup
2020-02-22 17:32:17.123 [main] INFO  o.s.j.e.a.AnnotationMBeanExporter
				-Bean with name 'environmentManager' has been autodetected for JMX exposure
2020-02-22 17:32:17.124 [main] INFO  o.s.j.e.a.AnnotationMBeanExporter
				-Bean with name 'refreshScope' has been autodetected for JMX exposure
2020-02-22 17:32:17.126 [main] INFO  o.s.j.e.a.AnnotationMBeanExporter
				-Bean with name 'configurationPropertiesRebinder' has been autodetected for JMX exposure
2020-02-22 17:32:17.133 [main] INFO  o.s.j.e.a.AnnotationMBeanExporter
				-Located managed bean 'environmentManager': registering with JMX server as MBean [org.springframework.cloud.context.environment:name=environmentManager,type=EnvironmentManager]
2020-02-22 17:32:17.152 [main] INFO  o.s.j.e.a.AnnotationMBeanExporter
				-Located managed bean 'refreshScope': registering with JMX server as MBean [org.springframework.cloud.context.scope.refresh:name=refreshScope,type=RefreshScope]
2020-02-22 17:32:17.170 [main] INFO  o.s.j.e.a.AnnotationMBeanExporter
				-Located managed bean 'configurationPropertiesRebinder': registering with JMX server as MBean [org.springframework.cloud.context.properties:name=configurationPropertiesRebinder,context=75f95314,type=ConfigurationPropertiesRebinder]
2020-02-22 17:32:17.191 [main] INFO  o.s.c.s.DefaultLifecycleProcessor
				-Starting beans in phase 0
2020-02-22 17:32:17.191 [main] INFO  o.s.c.n.e.s.EurekaServiceRegistry
				-Registering application unknown with eureka with status UP
2020-02-22 17:32:17.199 [Thread-13] INFO  o.s.c.n.e.s.EurekaServerBootstrap
				-Setting the eureka configuration..
2020-02-22 17:32:17.200 [Thread-13] INFO  o.s.c.n.e.s.EurekaServerBootstrap
				-Eureka data center value eureka.datacenter is not set, defaulting to default
2020-02-22 17:32:17.202 [Thread-13] INFO  o.s.c.n.e.s.EurekaServerBootstrap
				-Eureka environment value eureka.environment is not set, defaulting to test
2020-02-22 17:32:17.239 [Thread-13] INFO  o.s.c.n.e.s.EurekaServerBootstrap
				-isAws returned false
2020-02-22 17:32:17.245 [main] INFO  o.a.coyote.http11.Http11NioProtocol
				-Starting ProtocolHandler ["http-nio-8761"]
2020-02-22 17:32:17.240 [Thread-13] INFO  o.s.c.n.e.s.EurekaServerBootstrap
				-Initialized server context
2020-02-22 17:32:17.248 [Thread-13] INFO  c.n.e.r.PeerAwareInstanceRegistryImpl
				-Got 1 instances from neighboring DS node
2020-02-22 17:32:17.248 [Thread-13] INFO  c.n.e.r.PeerAwareInstanceRegistryImpl
				-Renew threshold is: 1
2020-02-22 17:32:17.250 [Thread-13] INFO  c.n.e.r.PeerAwareInstanceRegistryImpl
				-Changing status to UP
2020-02-22 17:32:17.273 [Thread-13] INFO  o.s.c.n.e.s.EurekaServerInitializerConfiguration
				-Started Eureka Server
2020-02-22 17:32:17.290 [main] INFO  o.a.tomcat.util.net.NioSelectorPool
				-Using a shared selector for servlet write/read
2020-02-22 17:32:17.336 [main] INFO  o.s.b.w.e.tomcat.TomcatWebServer
				-Tomcat started on port(s): 8761 (http) with context path ''
2020-02-22 17:32:17.340 [main] INFO  o.s.c.n.e.s.EurekaAutoServiceRegistration
				-Updating port to 8761
2020-02-22 17:32:17.347 [main] INFO  c.t.study.EurekaServerApplication
				-Started EurekaServerApplication in 30.028 seconds (JVM running for 33.168)
2020-02-22 17:33:17.262 [Eureka-EvictionTimer] INFO  c.n.e.r.AbstractInstanceRegistry
				-Running the evict task with compensationTime 0ms
2020-02-22 17:34:16.045 [http-nio-8761-exec-1] INFO  o.a.c.c.C.[Tomcat].[localhost].[/]
				-Initializing Spring FrameworkServlet 'dispatcherServlet'
2020-02-22 17:34:16.046 [http-nio-8761-exec-1] INFO  o.s.web.servlet.DispatcherServlet
				-FrameworkServlet 'dispatcherServlet': initialization started
2020-02-22 17:34:16.134 [http-nio-8761-exec-1] INFO  o.s.web.servlet.DispatcherServlet
				-FrameworkServlet 'dispatcherServlet': initialization completed in 87 ms
2020-02-22 17:34:16.864 [http-nio-8761-exec-2] INFO  c.n.e.r.AbstractInstanceRegistry
				-Registered instance FEIGN-FILE-SERVER/WIN-1LHEPA06T7I:feign-file-server:8012 with status UP (replication=false)
2020-02-22 17:34:17.267 [Eureka-EvictionTimer] INFO  c.n.e.r.AbstractInstanceRegistry
				-Running the evict task with compensationTime 4ms
2020-02-22 17:35:13.451 [http-nio-8761-exec-7] INFO  c.n.e.r.AbstractInstanceRegistry
				-Registered instance FEIGN-UPLOAD-CLIENT/WIN-1LHEPA06T7I:feign-upload-client:8011 with status UP (replication=false)
2020-02-22 17:35:17.273 [Eureka-EvictionTimer] INFO  c.n.e.r.AbstractInstanceRegistry
				-Running the evict task with compensationTime 6ms
2020-02-22 17:36:17.277 [Eureka-EvictionTimer] INFO  c.n.e.r.AbstractInstanceRegistry
				-Running the evict task with compensationTime 2ms
2020-02-22 17:37:17.276 [Eureka-EvictionTimer] INFO  c.n.e.r.AbstractInstanceRegistry
				-Running the evict task with compensationTime 0ms
2020-02-22 17:38:17.287 [Eureka-EvictionTimer] INFO  c.n.e.r.AbstractInstanceRegistry
				-Running the evict task with compensationTime 10ms
2020-02-22 17:39:17.295 [Eureka-EvictionTimer] INFO  c.n.e.r.AbstractInstanceRegistry
				-Running the evict task with compensationTime 8ms
2020-02-22 17:40:17.303 [Eureka-EvictionTimer] INFO  c.n.e.r.AbstractInstanceRegistry
				-Running the evict task with compensationTime 7ms
2020-02-22 17:41:17.311 [Eureka-EvictionTimer] INFO  c.n.e.r.AbstractInstanceRegistry
				-Running the evict task with compensationTime 7ms
2020-02-22 17:42:06.180 [http-nio-8761-exec-8] INFO  c.n.e.r.AbstractInstanceRegistry
				-Registered instance FEIGN-UPLOAD-CLIENT/WIN-1LHEPA06T7I:feign-upload-client:8011 with status UP (replication=false)
2020-02-22 17:42:16.668 [Eureka-PeerNodesUpdater] WARN  c.n.eureka.cluster.PeerEurekaNodes
				-The replica size seems to be empty. Check the route 53 DNS Registry
2020-02-22 17:42:17.324 [Eureka-EvictionTimer] INFO  c.n.e.r.AbstractInstanceRegistry
				-Running the evict task with compensationTime 13ms
2020-02-22 17:43:17.327 [Eureka-EvictionTimer] INFO  c.n.e.r.AbstractInstanceRegistry
				-Running the evict task with compensationTime 2ms
2020-02-22 17:44:17.331 [Eureka-EvictionTimer] INFO  c.n.e.r.AbstractInstanceRegistry
				-Running the evict task with compensationTime 4ms
2020-02-22 17:45:17.339 [Eureka-EvictionTimer] INFO  c.n.e.r.AbstractInstanceRegistry
				-Running the evict task with compensationTime 7ms
2020-02-22 17:46:17.343 [Eureka-EvictionTimer] INFO  c.n.e.r.AbstractInstanceRegistry
				-Running the evict task with compensationTime 4ms
2020-02-22 17:47:16.725 [ReplicaAwareInstanceRegistry - RenewalThresholdUpdater] INFO  c.n.e.r.PeerAwareInstanceRegistryImpl
				-Current renewal threshold is : 0
2020-02-22 17:47:17.348 [Eureka-EvictionTimer] INFO  c.n.e.r.AbstractInstanceRegistry
				-Running the evict task with compensationTime 4ms
2020-02-22 17:48:17.351 [Eureka-EvictionTimer] INFO  c.n.e.r.AbstractInstanceRegistry
				-Running the evict task with compensationTime 2ms
2020-02-22 17:49:17.365 [Eureka-EvictionTimer] INFO  c.n.e.r.AbstractInstanceRegistry
				-Running the evict task with compensationTime 14ms
2020-02-22 17:50:17.384 [Eureka-EvictionTimer] INFO  c.n.e.r.AbstractInstanceRegistry
				-Running the evict task with compensationTime 19ms
2020-02-22 17:51:17.391 [Eureka-EvictionTimer] INFO  c.n.e.r.AbstractInstanceRegistry
				-Running the evict task with compensationTime 7ms
2020-02-22 17:52:16.683 [Eureka-PeerNodesUpdater] WARN  c.n.eureka.cluster.PeerEurekaNodes
				-The replica size seems to be empty. Check the route 53 DNS Registry
2020-02-22 17:52:17.397 [Eureka-EvictionTimer] INFO  c.n.e.r.AbstractInstanceRegistry
				-Running the evict task with compensationTime 6ms
2020-02-22 17:53:17.410 [Eureka-EvictionTimer] INFO  c.n.e.r.AbstractInstanceRegistry
				-Running the evict task with compensationTime 12ms
2020-02-22 17:54:17.410 [Eureka-EvictionTimer] INFO  c.n.e.r.AbstractInstanceRegistry
				-Running the evict task with compensationTime 0ms
2020-02-22 17:55:17.422 [Eureka-EvictionTimer] INFO  c.n.e.r.AbstractInstanceRegistry
				-Running the evict task with compensationTime 11ms
2020-02-22 17:56:17.424 [Eureka-EvictionTimer] INFO  c.n.e.r.AbstractInstanceRegistry
				-Running the evict task with compensationTime 2ms
2020-02-22 17:57:17.431 [Eureka-EvictionTimer] INFO  c.n.e.r.AbstractInstanceRegistry
				-Running the evict task with compensationTime 5ms
2020-02-22 17:58:17.432 [Eureka-EvictionTimer] INFO  c.n.e.r.AbstractInstanceRegistry
				-Running the evict task with compensationTime 1ms
2020-02-22 17:59:17.446 [Eureka-EvictionTimer] INFO  c.n.e.r.AbstractInstanceRegistry
				-Running the evict task with compensationTime 12ms
2020-02-22 18:00:17.456 [Eureka-EvictionTimer] INFO  c.n.e.r.AbstractInstanceRegistry
				-Running the evict task with compensationTime 11ms
2020-02-22 18:01:12.182 [http-nio-8761-exec-3] INFO  c.n.e.r.AbstractInstanceRegistry
				-Registered instance FEIGN-UPLOAD-CLIENT/WIN-1LHEPA06T7I:feign-upload-client:8011 with status UP (replication=false)
2020-02-22 18:01:17.462 [Eureka-EvictionTimer] INFO  c.n.e.r.AbstractInstanceRegistry
				-Running the evict task with compensationTime 5ms
2020-02-22 18:02:12.787 [http-nio-8761-exec-6] INFO  c.n.e.r.AbstractInstanceRegistry
				-Registered instance FEIGN-UPLOAD-CLIENT/WIN-1LHEPA06T7I:feign-upload-client:8011 with status UP (replication=false)
2020-02-22 18:02:16.695 [Eureka-PeerNodesUpdater] WARN  c.n.eureka.cluster.PeerEurekaNodes
				-The replica size seems to be empty. Check the route 53 DNS Registry
2020-02-22 18:02:16.725 [ReplicaAwareInstanceRegistry - RenewalThresholdUpdater] INFO  c.n.e.r.PeerAwareInstanceRegistryImpl
				-Current renewal threshold is : 0
2020-02-22 18:02:17.475 [Eureka-EvictionTimer] INFO  c.n.e.r.AbstractInstanceRegistry
				-Running the evict task with compensationTime 12ms
2020-02-22 18:03:17.481 [Eureka-EvictionTimer] INFO  c.n.e.r.AbstractInstanceRegistry
				-Running the evict task with compensationTime 6ms
2020-02-22 18:04:06.666 [http-nio-8761-exec-10] INFO  c.n.e.r.AbstractInstanceRegistry
				-Registered instance FEIGN-FILE-SERVER/WIN-1LHEPA06T7I:feign-file-server:8012 with status UP (replication=false)
2020-02-22 18:04:17.495 [Eureka-EvictionTimer] INFO  c.n.e.r.AbstractInstanceRegistry
				-Running the evict task with compensationTime 14ms
2020-02-22 18:05:17.498 [Eureka-EvictionTimer] INFO  c.n.e.r.AbstractInstanceRegistry
				-Running the evict task with compensationTime 2ms
2020-02-22 18:06:17.504 [Eureka-EvictionTimer] INFO  c.n.e.r.AbstractInstanceRegistry
				-Running the evict task with compensationTime 7ms
2020-02-22 18:07:17.518 [Eureka-EvictionTimer] INFO  c.n.e.r.AbstractInstanceRegistry
				-Running the evict task with compensationTime 13ms
2020-02-22 18:08:17.530 [Eureka-EvictionTimer] INFO  c.n.e.r.AbstractInstanceRegistry
				-Running the evict task with compensationTime 12ms
2020-02-22 18:09:17.533 [Eureka-EvictionTimer] INFO  c.n.e.r.AbstractInstanceRegistry
				-Running the evict task with compensationTime 2ms
2020-02-22 18:10:17.540 [Eureka-EvictionTimer] INFO  c.n.e.r.AbstractInstanceRegistry
				-Running the evict task with compensationTime 6ms
2020-02-22 18:11:17.552 [Eureka-EvictionTimer] INFO  c.n.e.r.AbstractInstanceRegistry
				-Running the evict task with compensationTime 12ms
2020-02-22 18:12:16.711 [Eureka-PeerNodesUpdater] WARN  c.n.eureka.cluster.PeerEurekaNodes
				-The replica size seems to be empty. Check the route 53 DNS Registry
2020-02-22 18:12:17.565 [Eureka-EvictionTimer] INFO  c.n.e.r.AbstractInstanceRegistry
				-Running the evict task with compensationTime 13ms
2020-02-22 18:13:17.569 [Eureka-EvictionTimer] INFO  c.n.e.r.AbstractInstanceRegistry
				-Running the evict task with compensationTime 3ms
2020-02-22 18:14:17.576 [Eureka-EvictionTimer] INFO  c.n.e.r.AbstractInstanceRegistry
				-Running the evict task with compensationTime 6ms
