2020-02-23 02:46:04.311 [main] INFO  o.s.c.a.AnnotationConfigApplicationContext
				-Refreshing org.springframework.context.annotation.AnnotationConfigApplicationContext@662ac478: startup date [Sun Feb 23 02:46:04 CST 2020]; root of context hierarchy
2020-02-23 02:46:04.783 [main] INFO  o.s.b.f.a.AutowiredAnnotationBeanPostProcessor
				-JSR-330 'javax.inject.Inject' annotation found and supported for autowiring
2020-02-23 02:46:04.879 [main] INFO  o.s.c.s.PostProcessorRegistrationDelegate$BeanPostProcessorChecker
				-Bean 'configurationPropertiesRebinderAutoConfiguration' of type [org.springframework.cloud.autoconfigure.ConfigurationPropertiesRebinderAutoConfiguration$$EnhancerBySpringCGLIB$$100c81af] is not eligible for getting processed by all BeanPostProcessors (for example: not eligible for auto-proxying)
2020-02-23 02:46:08.041 [main] INFO  c.t.s.RibbonLoadblancertApplication
				-No active profile set, falling back to default profiles: default
2020-02-23 02:46:08.071 [main] INFO  o.s.b.w.s.c.AnnotationConfigServletWebServerApplicationContext
				-Refreshing org.springframework.boot.web.servlet.context.AnnotationConfigServletWebServerApplicationContext@517566b: startup date [Sun Feb 23 02:46:08 CST 2020]; parent: org.springframework.context.annotation.AnnotationConfigApplicationContext@662ac478
2020-02-23 02:46:10.002 [main] INFO  o.s.cloud.context.scope.GenericScope
				-BeanFactory id=b3b59fcd-4734-3993-83cc-2a4053c9065a
2020-02-23 02:46:10.044 [main] INFO  o.s.b.f.a.AutowiredAnnotationBeanPostProcessor
				-JSR-330 'javax.inject.Inject' annotation found and supported for autowiring
2020-02-23 02:46:10.331 [main] INFO  o.s.c.s.PostProcessorRegistrationDelegate$BeanPostProcessorChecker
				-Bean 'org.springframework.cloud.autoconfigure.ConfigurationPropertiesRebinderAutoConfiguration' of type [org.springframework.cloud.autoconfigure.ConfigurationPropertiesRebinderAutoConfiguration$$EnhancerBySpringCGLIB$$100c81af] is not eligible for getting processed by all BeanPostProcessors (for example: not eligible for auto-proxying)
2020-02-23 02:46:13.351 [main] INFO  o.s.b.w.e.tomcat.TomcatWebServer
				-Tomcat initialized with port(s): 8082 (http)
2020-02-23 02:46:13.390 [main] INFO  o.a.coyote.http11.Http11NioProtocol
				-Initializing ProtocolHandler ["http-nio-8082"]
2020-02-23 02:46:13.412 [main] INFO  o.a.catalina.core.StandardService
				-Starting service [Tomcat]
2020-02-23 02:46:13.412 [main] INFO  o.a.catalina.core.StandardEngine
				-Starting Servlet Engine: Apache Tomcat/8.5.28
2020-02-23 02:46:13.439 [localhost-startStop-1] INFO  o.a.c.core.AprLifecycleListener
				-The APR based Apache Tomcat Native library which allows optimal performance in production environments was not found on the java.library.path: [C:\Program Files\Java\jdk1.8.0_192\bin;C:\WINDOWS\Sun\Java\bin;C:\WINDOWS\system32;C:\WINDOWS;C:\Program Files\JetBrains\IntelliJ IDEA Community Edition 2019.1.4\jre64\\bin;C:\Program Files\JetBrains\IntelliJ IDEA Community Edition 2019.1.4\jre64\\bin\server;C:\Program Files (x86)\Common Files\Oracle\Java\javapath;C:\WINDOWS\system32;C:\WINDOWS;C:\WINDOWS\System32\Wbem;C:\WINDOWS\System32\WindowsPowerShell\v1.0\;C:\WINDOWS\System32\OpenSSH\;C:\Program Files\Java\jdk1.8.0_192\bin;H:\soft\apache-ant-1.10.7-bin\apache-ant-1.10.7\bin;G:\apache-maven-3.6.3\bin;H:\soft\gradle\gradle-6.1.1-all\gradle-6.1.1\bin;D:\soft\Git\cmd;C:\Users\Administrator\AppData\Local\Microsoft\WindowsApps;C:\Program Files\Bandizip\;;.]
2020-02-23 02:46:14.059 [localhost-startStop-1] INFO  o.a.c.c.C.[Tomcat].[localhost].[/]
				-Initializing Spring embedded WebApplicationContext
2020-02-23 02:46:14.059 [localhost-startStop-1] INFO  o.s.web.context.ContextLoader
				-Root WebApplicationContext: initialization completed in 5988 ms
2020-02-23 02:46:14.859 [localhost-startStop-1] WARN  c.n.c.sources.URLConfigurationSource
				-No URLs will be polled as dynamic configuration sources.
2020-02-23 02:46:14.859 [localhost-startStop-1] INFO  c.n.c.sources.URLConfigurationSource
				-To enable URLs as dynamic configuration sources, define System property archaius.configurationSource.additionalUrls or make config.properties available on classpath.
2020-02-23 02:46:14.885 [localhost-startStop-1] INFO  c.n.config.DynamicPropertyFactory
				-DynamicPropertyFactory is initialized with configuration sources: com.netflix.config.ConcurrentCompositeConfiguration@2995cf1
2020-02-23 02:46:23.159 [localhost-startStop-1] INFO  o.s.b.w.s.ServletRegistrationBean
				-Servlet dispatcherServlet mapped to [/]
2020-02-23 02:46:23.169 [localhost-startStop-1] INFO  o.s.b.w.s.FilterRegistrationBean
				-Mapping filter: 'characterEncodingFilter' to: [/*]
2020-02-23 02:46:23.169 [localhost-startStop-1] INFO  o.s.b.w.s.FilterRegistrationBean
				-Mapping filter: 'hiddenHttpMethodFilter' to: [/*]
2020-02-23 02:46:23.169 [localhost-startStop-1] INFO  o.s.b.w.s.FilterRegistrationBean
				-Mapping filter: 'httpPutFormContentFilter' to: [/*]
2020-02-23 02:46:23.170 [localhost-startStop-1] INFO  o.s.b.w.s.FilterRegistrationBean
				-Mapping filter: 'requestContextFilter' to: [/*]
2020-02-23 02:46:23.170 [localhost-startStop-1] INFO  o.s.b.w.s.FilterRegistrationBean
				-Mapping filter: 'httpTraceFilter' to: [/*]
2020-02-23 02:46:23.170 [localhost-startStop-1] INFO  o.s.b.w.s.FilterRegistrationBean
				-Mapping filter: 'webMvcMetricsFilter' to: [/*]
2020-02-23 02:46:23.692 [main] WARN  c.n.c.sources.URLConfigurationSource
				-No URLs will be polled as dynamic configuration sources.
2020-02-23 02:46:23.692 [main] INFO  c.n.c.sources.URLConfigurationSource
				-To enable URLs as dynamic configuration sources, define System property archaius.configurationSource.additionalUrls or make config.properties available on classpath.
2020-02-23 02:46:24.040 [main] INFO  o.s.w.s.m.m.a.RequestMappingHandlerAdapter
				-Looking for @ControllerAdvice: org.springframework.boot.web.servlet.context.AnnotationConfigServletWebServerApplicationContext@517566b: startup date [Sun Feb 23 02:46:08 CST 2020]; parent: org.springframework.context.annotation.AnnotationConfigApplicationContext@662ac478
2020-02-23 02:46:24.203 [main] INFO  o.s.w.s.m.m.a.RequestMappingHandlerMapping
				-Mapped "{[/add],methods=[GET]}" onto public java.lang.String com.tianhy.study.controller.TestController.add(java.lang.Integer,java.lang.Integer)
2020-02-23 02:46:24.209 [main] INFO  o.s.w.s.m.m.a.RequestMappingHandlerMapping
				-Mapped "{[/error]}" onto public org.springframework.http.ResponseEntity<java.util.Map<java.lang.String, java.lang.Object>> org.springframework.boot.autoconfigure.web.servlet.error.BasicErrorController.error(javax.servlet.http.HttpServletRequest)
2020-02-23 02:46:24.210 [main] INFO  o.s.w.s.m.m.a.RequestMappingHandlerMapping
				-Mapped "{[/error],produces=[text/html]}" onto public org.springframework.web.servlet.ModelAndView org.springframework.boot.autoconfigure.web.servlet.error.BasicErrorController.errorHtml(javax.servlet.http.HttpServletRequest,javax.servlet.http.HttpServletResponse)
2020-02-23 02:46:24.355 [main] INFO  o.s.w.s.h.SimpleUrlHandlerMapping
				-Mapped URL path [/webjars/**] onto handler of type [class org.springframework.web.servlet.resource.ResourceHttpRequestHandler]
2020-02-23 02:46:24.356 [main] INFO  o.s.w.s.h.SimpleUrlHandlerMapping
				-Mapped URL path [/**] onto handler of type [class org.springframework.web.servlet.resource.ResourceHttpRequestHandler]
2020-02-23 02:46:24.450 [main] INFO  o.s.w.s.h.SimpleUrlHandlerMapping
				-Mapped URL path [/**/favicon.ico] onto handler of type [class org.springframework.web.servlet.resource.ResourceHttpRequestHandler]
2020-02-23 02:46:25.531 [main] INFO  o.s.b.a.e.w.s.WebMvcEndpointHandlerMapping
				-Mapped "{[/actuator/health],methods=[GET],produces=[application/vnd.spring-boot.actuator.v2+json || application/json]}" onto public java.lang.Object org.springframework.boot.actuate.endpoint.web.servlet.AbstractWebMvcEndpointHandlerMapping$OperationHandler.handle(javax.servlet.http.HttpServletRequest,java.util.Map<java.lang.String, java.lang.String>)
2020-02-23 02:46:25.533 [main] INFO  o.s.b.a.e.w.s.WebMvcEndpointHandlerMapping
				-Mapped "{[/actuator/info],methods=[GET],produces=[application/vnd.spring-boot.actuator.v2+json || application/json]}" onto public java.lang.Object org.springframework.boot.actuate.endpoint.web.servlet.AbstractWebMvcEndpointHandlerMapping$OperationHandler.handle(javax.servlet.http.HttpServletRequest,java.util.Map<java.lang.String, java.lang.String>)
2020-02-23 02:46:25.535 [main] INFO  o.s.b.a.e.w.s.WebMvcEndpointHandlerMapping
				-Mapped "{[/actuator],methods=[GET],produces=[application/vnd.spring-boot.actuator.v2+json || application/json]}" onto protected java.util.Map<java.lang.String, java.util.Map<java.lang.String, org.springframework.boot.actuate.endpoint.web.Link>> org.springframework.boot.actuate.endpoint.web.servlet.WebMvcEndpointHandlerMapping.links(javax.servlet.http.HttpServletRequest,javax.servlet.http.HttpServletResponse)
2020-02-23 02:46:25.732 [main] INFO  o.s.j.e.a.AnnotationMBeanExporter
				-Registering beans for JMX exposure on startup
2020-02-23 02:46:25.757 [main] INFO  o.s.j.e.a.AnnotationMBeanExporter
				-Bean with name 'environmentManager' has been autodetected for JMX exposure
2020-02-23 02:46:25.760 [main] INFO  o.s.j.e.a.AnnotationMBeanExporter
				-Bean with name 'refreshScope' has been autodetected for JMX exposure
2020-02-23 02:46:25.767 [main] INFO  o.s.j.e.a.AnnotationMBeanExporter
				-Bean with name 'configurationPropertiesRebinder' has been autodetected for JMX exposure
2020-02-23 02:46:25.776 [main] INFO  o.s.j.e.a.AnnotationMBeanExporter
				-Located managed bean 'environmentManager': registering with JMX server as MBean [org.springframework.cloud.context.environment:name=environmentManager,type=EnvironmentManager]
2020-02-23 02:46:25.802 [main] INFO  o.s.j.e.a.AnnotationMBeanExporter
				-Located managed bean 'refreshScope': registering with JMX server as MBean [org.springframework.cloud.context.scope.refresh:name=refreshScope,type=RefreshScope]
2020-02-23 02:46:25.830 [main] INFO  o.s.j.e.a.AnnotationMBeanExporter
				-Located managed bean 'configurationPropertiesRebinder': registering with JMX server as MBean [org.springframework.cloud.context.properties:name=configurationPropertiesRebinder,context=517566b,type=ConfigurationPropertiesRebinder]
2020-02-23 02:46:25.853 [main] INFO  o.s.c.s.DefaultLifecycleProcessor
				-Starting beans in phase 0
2020-02-23 02:46:25.875 [main] INFO  o.s.c.n.eureka.InstanceInfoFactory
				-Setting initial instance status as: STARTING
2020-02-23 02:46:25.995 [main] INFO  c.netflix.discovery.DiscoveryClient
				-Initializing Eureka in region us-east-1
2020-02-23 02:46:28.443 [main] INFO  c.n.d.p.DiscoveryJerseyProvider
				-Using JSON encoding codec LegacyJacksonJson
2020-02-23 02:46:28.444 [main] INFO  c.n.d.p.DiscoveryJerseyProvider
				-Using JSON decoding codec LegacyJacksonJson
2020-02-23 02:46:28.743 [main] INFO  c.n.d.p.DiscoveryJerseyProvider
				-Using XML encoding codec XStreamXml
2020-02-23 02:46:28.744 [main] INFO  c.n.d.p.DiscoveryJerseyProvider
				-Using XML decoding codec XStreamXml
2020-02-23 02:46:29.160 [main] INFO  c.n.d.s.r.aws.ConfigClusterResolver
				-Resolving eureka endpoints via configuration
2020-02-23 02:46:31.261 [main] INFO  c.netflix.discovery.DiscoveryClient
				-Disable delta property : false
2020-02-23 02:46:31.261 [main] INFO  c.netflix.discovery.DiscoveryClient
				-Single vip registry refresh property : null
2020-02-23 02:46:31.262 [main] INFO  c.netflix.discovery.DiscoveryClient
				-Force full registry fetch : false
2020-02-23 02:46:31.262 [main] INFO  c.netflix.discovery.DiscoveryClient
				-Application is null : false
2020-02-23 02:46:31.262 [main] INFO  c.netflix.discovery.DiscoveryClient
				-Registered Applications size is zero : true
2020-02-23 02:46:31.262 [main] INFO  c.netflix.discovery.DiscoveryClient
				-Application version is -1: true
2020-02-23 02:46:31.262 [main] INFO  c.netflix.discovery.DiscoveryClient
				-Getting all instance registry info from the eureka server
2020-02-23 02:46:31.918 [main] INFO  c.netflix.discovery.DiscoveryClient
				-The response status is 200
2020-02-23 02:46:31.923 [main] INFO  c.netflix.discovery.DiscoveryClient
				-Starting heartbeat executor: renew interval is: 30
2020-02-23 02:46:31.932 [main] INFO  c.n.discovery.InstanceInfoReplicator
				-InstanceInfoReplicator onDemand update allowed rate per min is 4
2020-02-23 02:46:31.940 [main] INFO  c.netflix.discovery.DiscoveryClient
				-Discovery Client initialized at timestamp 1582397191938 with initial instances count: 3
2020-02-23 02:46:31.952 [main] INFO  o.s.c.n.e.s.EurekaServiceRegistry
				-Registering application ribbon-loadblancer with eureka with status UP
2020-02-23 02:46:31.953 [main] INFO  c.netflix.discovery.DiscoveryClient
				-Saw local status change event StatusChangeEvent [timestamp=1582397191953, current=UP, previous=STARTING]
2020-02-23 02:46:31.957 [DiscoveryClient-InstanceInfoReplicator-0] INFO  c.netflix.discovery.DiscoveryClient
				-DiscoveryClient_RIBBON-LOADBLANCER/WIN-1LHEPA06T7I:ribbon-loadblancer:8082: registering service...
2020-02-23 02:46:32.060 [DiscoveryClient-InstanceInfoReplicator-0] INFO  c.netflix.discovery.DiscoveryClient
				-DiscoveryClient_RIBBON-LOADBLANCER/WIN-1LHEPA06T7I:ribbon-loadblancer:8082 - registration status: 204
2020-02-23 02:46:32.066 [main] INFO  o.a.coyote.http11.Http11NioProtocol
				-Starting ProtocolHandler ["http-nio-8082"]
2020-02-23 02:46:32.089 [main] INFO  o.a.tomcat.util.net.NioSelectorPool
				-Using a shared selector for servlet write/read
2020-02-23 02:46:32.155 [main] INFO  o.s.b.w.e.tomcat.TomcatWebServer
				-Tomcat started on port(s): 8082 (http) with context path ''
2020-02-23 02:46:32.157 [main] INFO  o.s.c.n.e.s.EurekaAutoServiceRegistration
				-Updating port to 8082
2020-02-23 02:46:32.163 [main] INFO  c.t.s.RibbonLoadblancertApplication
				-Started RibbonLoadblancertApplication in 32.949 seconds (JVM running for 35.436)
2020-02-23 02:46:59.175 [http-nio-8082-exec-1] INFO  o.a.c.c.C.[Tomcat].[localhost].[/]
				-Initializing Spring FrameworkServlet 'dispatcherServlet'
2020-02-23 02:46:59.175 [http-nio-8082-exec-1] INFO  o.s.web.servlet.DispatcherServlet
				-FrameworkServlet 'dispatcherServlet': initialization started
2020-02-23 02:46:59.263 [http-nio-8082-exec-1] INFO  o.s.web.servlet.DispatcherServlet
				-FrameworkServlet 'dispatcherServlet': initialization completed in 88 ms
2020-02-23 02:46:59.466 [http-nio-8082-exec-1] INFO  o.s.c.a.AnnotationConfigApplicationContext
				-Refreshing SpringClientFactory-eureka-client: startup date [Sun Feb 23 02:46:59 CST 2020]; parent: org.springframework.boot.web.servlet.context.AnnotationConfigServletWebServerApplicationContext@517566b
2020-02-23 02:46:59.710 [http-nio-8082-exec-1] INFO  o.s.b.f.a.AutowiredAnnotationBeanPostProcessor
				-JSR-330 'javax.inject.Inject' annotation found and supported for autowiring
2020-02-23 02:47:00.838 [http-nio-8082-exec-1] INFO  c.n.config.ChainedDynamicProperty
				-Flipping property: eureka-client.ribbon.ActiveConnectionsLimit to use NEXT property: niws.loadbalancer.availabilityFilteringRule.activeConnectionsLimit = 2147483647
2020-02-23 02:47:00.920 [http-nio-8082-exec-1] INFO  c.n.u.c.ShutdownEnabledTimer
				-Shutdown hook installed for: NFLoadBalancer-PingTimer-eureka-client
2020-02-23 02:47:01.060 [http-nio-8082-exec-1] INFO  c.n.loadbalancer.BaseLoadBalancer
				-Client: eureka-client instantiated a LoadBalancer: DynamicServerListLoadBalancer:{NFLoadBalancer:name=eureka-client,current list of Servers=[],Load balancer stats=Zone stats: {},Server stats: []}ServerList:null
2020-02-23 02:47:01.077 [http-nio-8082-exec-1] INFO  c.n.l.DynamicServerListLoadBalancer
				-Using serverListUpdater PollingServerListUpdater
2020-02-23 02:47:01.137 [http-nio-8082-exec-1] INFO  c.n.config.ChainedDynamicProperty
				-Flipping property: eureka-client.ribbon.ActiveConnectionsLimit to use NEXT property: niws.loadbalancer.availabilityFilteringRule.activeConnectionsLimit = 2147483647
2020-02-23 02:47:01.146 [http-nio-8082-exec-1] INFO  c.n.l.DynamicServerListLoadBalancer
				-DynamicServerListLoadBalancer for client eureka-client initialized: DynamicServerListLoadBalancer:{NFLoadBalancer:name=eureka-client,current list of Servers=[192.168.8.101:8081, 192.168.8.101:8083],Load balancer stats=Zone stats: {defaultzone=[Zone:defaultzone;	Instance count:2;	Active connections count: 0;	Circuit breaker tripped count: 0;	Active connections per server: 0.0;]
},Server stats: [[Server:192.168.8.101:8083;	Zone:defaultZone;	Total Requests:0;	Successive connection failure:0;	Total blackout seconds:0;	Last connection made:Thu Jan 01 08:00:00 CST 1970;	First connection made: Thu Jan 01 08:00:00 CST 1970;	Active Connections:0;	total failure count in last (1000) msecs:0;	average resp time:0.0;	90 percentile resp time:0.0;	95 percentile resp time:0.0;	min resp time:0.0;	max resp time:0.0;	stddev resp time:0.0]
, [Server:192.168.8.101:8081;	Zone:defaultZone;	Total Requests:0;	Successive connection failure:0;	Total blackout seconds:0;	Last connection made:Thu Jan 01 08:00:00 CST 1970;	First connection made: Thu Jan 01 08:00:00 CST 1970;	Active Connections:0;	total failure count in last (1000) msecs:0;	average resp time:0.0;	90 percentile resp time:0.0;	95 percentile resp time:0.0;	min resp time:0.0;	max resp time:0.0;	stddev resp time:0.0]
]}ServerList:org.springframework.cloud.netflix.ribbon.eureka.DomainExtractingServerList@4af45d57
2020-02-23 02:47:02.095 [PollingServerListUpdater-0] INFO  c.n.config.ChainedDynamicProperty
				-Flipping property: eureka-client.ribbon.ActiveConnectionsLimit to use NEXT property: niws.loadbalancer.availabilityFilteringRule.activeConnectionsLimit = 2147483647
2020-02-23 02:51:31.280 [AsyncResolver-bootstrap-executor-0] INFO  c.n.d.s.r.aws.ConfigClusterResolver
				-Resolving eureka endpoints via configuration
